2019-06-26 14:21:52.075 [http-nio-8088-exec-7] ERROR com.avenir.utils.LogUtils - update: 行：247，信息nested exception is org.apache.ibatis.exceptions.TooManyResultsException: Expected one result (or null) to be returned by selectOne(), but found: 2
2019-06-26 14:24:17.975 [http-nio-8088-exec-6] ERROR com.avenir.utils.LogUtils - update: 行：248，信息nested exception is org.apache.ibatis.exceptions.TooManyResultsException: Expected one result (or null) to be returned by selectOne(), but found: 2
2019-06-26 14:24:57.515 [http-nio-8088-exec-3] ERROR com.avenir.utils.LogUtils - update: 行：249，信息nested exception is org.apache.ibatis.exceptions.TooManyResultsException: Expected one result (or null) to be returned by selectOne(), but found: 2
2019-06-26 14:25:39.806 [http-nio-8088-exec-9] ERROR com.avenir.utils.LogUtils - update: 行：250，信息nested exception is org.apache.ibatis.exceptions.TooManyResultsException: Expected one result (or null) to be returned by selectOne(), but found: 2
2019-06-26 14:26:28.506 [http-nio-8088-exec-5] ERROR com.avenir.utils.LogUtils - update: 行：251，信息nested exception is org.apache.ibatis.exceptions.TooManyResultsException: Expected one result (or null) to be returned by selectOne(), but found: 2
2019-06-26 14:26:57.832 [http-nio-8088-exec-1] ERROR com.avenir.utils.LogUtils - update: 行：252，信息nested exception is org.apache.ibatis.exceptions.TooManyResultsException: Expected one result (or null) to be returned by selectOne(), but found: 2
2019-06-26 14:27:28.161 [http-nio-8088-exec-7] ERROR com.avenir.utils.LogUtils - update: 行：253，信息nested exception is org.apache.ibatis.exceptions.TooManyResultsException: Expected one result (or null) to be returned by selectOne(), but found: 2
2019-06-26 14:27:53.902 [http-nio-8088-exec-3] ERROR com.avenir.utils.LogUtils - update: 行：254，信息nested exception is org.apache.ibatis.exceptions.TooManyResultsException: Expected one result (or null) to be returned by selectOne(), but found: 2
2019-06-26 14:28:24.983 [http-nio-8088-exec-9] ERROR com.avenir.utils.LogUtils - update: 行：255，信息nested exception is org.apache.ibatis.exceptions.TooManyResultsException: Expected one result (or null) to be returned by selectOne(), but found: 2
2019-06-26 14:29:08.261 [http-nio-8088-exec-5] ERROR com.avenir.utils.LogUtils - update: 行：264，信息
### Error updating database.  Cause: java.sql.SQLException: SQL String cannot be empty
### The error may exist in file [E:\Avenir\target\classes\mybatismapper\UsersMapper.xml]
### The error may involve com.avenir.mapper.UsersMapper.updateBatch
### The error occurred while executing an update
### SQL: 
### Cause: java.sql.SQLException: SQL String cannot be empty
; SQL String cannot be empty; nested exception is java.sql.SQLException: SQL String cannot be empty
2019-06-26 14:38:02.874 [http-nio-8088-exec-8] ERROR com.avenir.utils.LogUtils - update: 行：264，信息
### Error updating database.  Cause: java.sql.SQLException: SQL String cannot be empty
### The error may exist in file [E:\Avenir\target\classes\mybatismapper\UsersMapper.xml]
### The error may involve com.avenir.mapper.UsersMapper.updateBatch
### The error occurred while executing an update
### SQL: 
### Cause: java.sql.SQLException: SQL String cannot be empty
; SQL String cannot be empty; nested exception is java.sql.SQLException: SQL String cannot be empty
2019-06-26 16:30:58.885 [http-nio-8088-exec-4] ERROR com.avenir.utils.LogUtils - import: 行：11，信息Index: 6, Size: 6
2019-06-26 16:55:00.632 [http-nio-8088-exec-8] ERROR com.avenir.utils.LogUtils - import: 行：11，信息Index: 6, Size: 6
2019-06-26 16:55:34.270 [http-nio-8088-exec-10] ERROR com.avenir.utils.LogUtils - import: 行：11，信息Index: 6, Size: 6
2019-06-26 17:03:49.964 [http-nio-8088-exec-3] ERROR com.avenir.utils.LogUtils - import: 行：11，信息Index: 6, Size: 6
2019-06-26 17:19:12.175 [http-nio-8088-exec-4] ERROR com.avenir.utils.LogUtils - import: 行：10，信息null
2019-06-26 17:22:50.651 [http-nio-8088-exec-8] ERROR com.avenir.utils.LogUtils - import: 行：10，信息null
2019-06-26 17:23:31.804 [http-nio-8088-exec-10] ERROR com.avenir.utils.LogUtils - import: 行：10，信息null
2019-06-26 17:23:46.283 [http-nio-8088-exec-1] ERROR com.avenir.utils.LogUtils - import: 行：10，信息null
2019-06-26 17:24:03.562 [http-nio-8088-exec-4] ERROR com.avenir.utils.LogUtils - import: 行：10，信息null
2019-06-26 17:25:18.108 [http-nio-8088-exec-6] ERROR com.avenir.utils.LogUtils - import: 行：10，信息null
2019-06-26 17:27:18.701 [http-nio-8088-exec-8] ERROR com.avenir.utils.LogUtils - import: 行：10，信息null
2019-06-26 17:34:38.351 [http-nio-8088-exec-2] ERROR com.avenir.utils.LogUtils - import: 行：12，信息
### Error updating database.  Cause: java.sql.SQLSyntaxErrorException: You have an error in your SQL syntax; check the manual that corresponds to your MySQL server version for the right syntax to use near 'update users
       SET service_card = '013521',
        service_card_old = '',
' at line 23
### The error may exist in file [E:\Avenir\target\classes\mybatismapper\UsersMapper.xml]
### The error may involve com.avenir.mapper.UsersMapper.updateBatch-Inline
### The error occurred while setting parameters
### SQL: update users        SET service_card = ?,         service_card_old = ?,         user_name = ?,         phone = ?,         invoice_time = ?,         report_time = ?,         due_count = ?,         due_time = ?,         service_type = ?,         car_type = ?,         a_total_count= ?,         a_current_count = ?,         p_total_count= ?,         p_current_count = ?,         r_total_count= ?,         r_current_count = ?,         vin_type = ?,         update_by = ?,         update_time = ?        where id = ?      ;        update users        SET service_card = ?,         service_card_old = ?,         user_name = ?,         phone = ?,         invoice_time = ?,         report_time = ?,         due_count = ?,         due_time = ?,         service_type = ?,         car_type = ?,         a_total_count= ?,         a_current_count = ?,         p_total_count= ?,         p_current_count = ?,         r_total_count= ?,         r_current_count = ?,         vin_type = ?,         update_by = ?,         update_time = ?        where id = ?      ;        update users        SET service_card = ?,         service_card_old = ?,         user_name = ?,         phone = ?,         invoice_time = ?,         report_time = ?,         due_count = ?,         due_time = ?,         service_type = ?,         car_type = ?,         a_total_count= ?,         a_current_count = ?,         p_total_count= ?,         p_current_count = ?,         r_total_count= ?,         r_current_count = ?,         vin_type = ?,         update_by = ?,         update_time = ?        where id = ?      ;        update users        SET service_card = ?,         service_card_old = ?,         user_name = ?,         phone = ?,         invoice_time = ?,         report_time = ?,         due_count = ?,         due_time = ?,         service_type = ?,         car_type = ?,         a_total_count= ?,         a_current_count = ?,         p_total_count= ?,         p_current_count = ?,         r_total_count= ?,         r_current_count = ?,         vin_type = ?,         update_by = ?,         update_time = ?        where id = ?      ;        update users        SET service_card = ?,         service_card_old = ?,         user_name = ?,         phone = ?,         invoice_time = ?,         report_time = ?,         due_count = ?,         due_time = ?,         service_type = ?,         car_type = ?,         a_total_count= ?,         a_current_count = ?,         p_total_count= ?,         p_current_count = ?,         r_total_count= ?,         r_current_count = ?,         vin_type = ?,         update_by = ?,         update_time = ?        where id = ?      ;        update users        SET service_card = ?,         service_card_old = ?,         user_name = ?,         phone = ?,         invoice_time = ?,         report_time = ?,         due_count = ?,         due_time = ?,         service_type = ?,         car_type = ?,         a_total_count= ?,         a_current_count = ?,         p_total_count= ?,         p_current_count = ?,         r_total_count= ?,         r_current_count = ?,         vin_type = ?,         update_by = ?,         update_time = ?        where id = ?      ;        update users        SET service_card = ?,         service_card_old = ?,         user_name = ?,         phone = ?,         invoice_time = ?,         report_time = ?,         due_count = ?,         due_time = ?,         service_type = ?,         car_type = ?,         a_total_count= ?,         a_current_count = ?,         p_total_count= ?,         p_current_count = ?,         r_total_count= ?,         r_current_count = ?,         vin_type = ?,         update_by = ?,         update_time = ?        where id = ?      ;        update users        SET service_card = ?,         service_card_old = ?,         user_name = ?,         phone = ?,         invoice_time = ?,         report_time = ?,         due_count = ?,         due_time = ?,         service_type = ?,         car_type = ?,         a_total_count= ?,         a_current_count = ?,         p_total_count= ?,         p_current_count = ?,         r_total_count= ?,         r_current_count = ?,         vin_type = ?,         update_by = ?,         update_time = ?        where id = ?      ;        update users        SET service_card = ?,         service_card_old = ?,         user_name = ?,         phone = ?,         invoice_time = ?,         report_time = ?,         due_count = ?,         due_time = ?,         service_type = ?,         car_type = ?,         a_total_count= ?,         a_current_count = ?,         p_total_count= ?,         p_current_count = ?,         r_total_count= ?,         r_current_count = ?,         vin_type = ?,         update_by = ?,         update_time = ?        where id = ?      ;        update users        SET service_card = ?,         service_card_old = ?,         user_name = ?,         phone = ?,         invoice_time = ?,         report_time = ?,         due_count = ?,         due_time = ?,         service_type = ?,         car_type = ?,         a_total_count= ?,         a_current_count = ?,         p_total_count= ?,         p_current_count = ?,         r_total_count= ?,         r_current_count = ?,         vin_type = ?,         update_by = ?,         update_time = ?        where id = ?
### Cause: java.sql.SQLSyntaxErrorException: You have an error in your SQL syntax; check the manual that corresponds to your MySQL server version for the right syntax to use near 'update users
       SET service_card = '013521',
        service_card_old = '',
' at line 23
; bad SQL grammar []; nested exception is java.sql.SQLSyntaxErrorException: You have an error in your SQL syntax; check the manual that corresponds to your MySQL server version for the right syntax to use near 'update users
       SET service_card = '013521',
        service_card_old = '',
' at line 23
2019-06-26 18:39:09.790 [http-nio-8088-exec-2] ERROR com.avenir.utils.LogUtils - syntax error, pos 1, json : <script type="text/javascript">location.href='http://dev.hibuick.com.cn/index.php/';</script>
