2019-05-23 15:23:02.763 [http-nio-8088-exec-9] INFO  com.avenir.utils.LogUtils - 查询订单信息：Orders{id=null, typeId=2, userId=null, callTime=null, status='null', state=null, orderType=null, flight='', airport='null', address='null', destination='null', useTime=null, airportPickupTime=null, appointmentTime=null, orderTime=null, useCarType=null, number=null, isVisit=null, needOrder=null, visitor='null', visitTime=null, orderService='null', isOrder=null, completed=null, expectMoney=null, realityMoney=null, orderNo='', recordNo='null', userAddr='null', departureTime=null, dealerAddr='null', contactName='null', contactTel='null', takeCar=null, isCredit=null, rentCity='null', orderCarType='null', storeName='null', storeAddr='null', returnName='null', returnTel='null', beginTime=null, endTime=null, duration=null, serviceProvider='null', orderTel='null', isGl=null, isReplace=null, replaceCar='null', actualCar='null', createTime=null, updateTime=null, updateBy='null', createBy='null', remark='null', user=User{id=null, vin='', userName='', userIdWx='null', openId='null', phone='', serviceCard='', carType='null', carLicense='null', idNo='null', driverNo='null', userAddr='null', reportTime=null, vinType='null', remark='null', createTime=null, updateTime=null, createBy='null', updateBy='null'}, type=null, useTimeStart=null, useTimeEnd=null, orderTimeStart=null, orderTimeEnd=null, reportTimeStart=null, reportTimeEnd=null, departureTimeStart=null, departureTimeEnd=null, appointmentTimeStart=null, appointmentTimeEnd=null, beginTimeStart=null, beginTimeEnd=null, endTimeStart=null, endTimeEnd=null}
2019-05-23 18:12:08.952 [http-nio-8088-exec-1] INFO  com.avenir.utils.LogUtils - 查询订单信息：Orders{id=null, typeId=2, userId=null, callTime=null, status='null', state=null, orderType=null, flight='', airport='null', address='null', destination='null', useTime=null, airportPickupTime=null, appointmentTime=null, orderTime=null, useCarType=null, number=null, isVisit=null, needOrder=null, visitor='null', visitTime=null, orderService='null', isOrder=null, completed=null, expectMoney=null, realityMoney=null, orderNo='', recordNo='null', userAddr='null', departureTime=null, dealerAddr='null', contactName='null', contactTel='null', takeCar=null, isCredit=null, rentCity='null', orderCarType='null', storeName='null', storeAddr='null', returnName='null', returnTel='null', beginTime=null, endTime=null, duration=null, serviceProvider='null', orderTel='null', isGl=null, isReplace=null, replaceCar='null', actualCar='null', createTime=null, updateTime=null, updateBy='null', createBy='null', remark='null', user=User{id=null, vin='', userName='', userIdWx='null', openId='null', phone='', serviceCard='', carType='null', carLicense='null', idNo='null', driverNo='null', userAddr='null', reportTime=null, vinType='null', remark='null', createTime=null, updateTime=null, createBy='null', updateBy='null'}, type=null, useTimeStart=null, useTimeEnd=null, orderTimeStart=null, orderTimeEnd=null, reportTimeStart=null, reportTimeEnd=null, departureTimeStart=null, departureTimeEnd=null, appointmentTimeStart=null, appointmentTimeEnd=null, beginTimeStart=null, beginTimeEnd=null, endTimeStart=null, endTimeEnd=null}
2019-05-23 18:14:20.583 [http-nio-8088-exec-7] INFO  com.avenir.utils.LogUtils - 查询订单信息：Orders{id=null, typeId=2, userId=null, callTime=null, status='null', state=null, orderType=null, flight='', airport='null', address='null', destination='null', useTime=null, airportPickupTime=null, appointmentTime=null, orderTime=null, useCarType=null, number=null, isVisit=null, needOrder=null, visitor='null', visitTime=null, orderService='null', isOrder=null, completed=null, expectMoney=null, realityMoney=null, orderNo='', recordNo='null', userAddr='null', departureTime=null, dealerAddr='null', contactName='null', contactTel='null', takeCar=null, isCredit=null, rentCity='null', orderCarType='null', storeName='null', storeAddr='null', returnName='null', returnTel='null', beginTime=null, endTime=null, duration=null, serviceProvider='null', orderTel='null', isGl=null, isReplace=null, replaceCar='null', actualCar='null', createTime=null, updateTime=null, updateBy='null', createBy='null', remark='null', user=User{id=null, vin='', userName='', userIdWx='null', openId='null', phone='', serviceCard='', carType='null', carLicense='null', idNo='null', driverNo='null', userAddr='null', reportTime=null, vinType='null', remark='null', createTime=null, updateTime=null, createBy='null', updateBy='null'}, type=null, useTimeStart=null, useTimeEnd=null, orderTimeStart=null, orderTimeEnd=null, reportTimeStart=null, reportTimeEnd=null, departureTimeStart=null, departureTimeEnd=null, appointmentTimeStart=null, appointmentTimeEnd=null, beginTimeStart=null, beginTimeEnd=null, endTimeStart=null, endTimeEnd=null}
2019-05-23 18:14:30.154 [http-nio-8088-exec-2] INFO  com.avenir.utils.LogUtils - 查询订单信息：Orders{id=null, typeId=2, userId=null, callTime=null, status='null', state=null, orderType=null, flight='', airport='null', address='null', destination='null', useTime=null, airportPickupTime=null, appointmentTime=null, orderTime=null, useCarType=null, number=null, isVisit=null, needOrder=null, visitor='null', visitTime=null, orderService='null', isOrder=null, completed=null, expectMoney=null, realityMoney=null, orderNo='', recordNo='null', userAddr='null', departureTime=null, dealerAddr='null', contactName='null', contactTel='null', takeCar=null, isCredit=null, rentCity='null', orderCarType='null', storeName='null', storeAddr='null', returnName='null', returnTel='null', beginTime=null, endTime=null, duration=null, serviceProvider='null', orderTel='null', isGl=null, isReplace=null, replaceCar='null', actualCar='null', createTime=null, updateTime=null, updateBy='null', createBy='null', remark='null', user=User{id=null, vin='', userName='', userIdWx='null', openId='null', phone='', serviceCard='', carType='null', carLicense='null', idNo='null', driverNo='null', userAddr='null', reportTime=null, vinType='null', remark='null', createTime=null, updateTime=null, createBy='null', updateBy='null'}, type=null, useTimeStart=null, useTimeEnd=null, orderTimeStart=null, orderTimeEnd=null, reportTimeStart=null, reportTimeEnd=null, departureTimeStart=null, departureTimeEnd=null, appointmentTimeStart=null, appointmentTimeEnd=null, beginTimeStart=null, beginTimeEnd=null, endTimeStart=null, endTimeEnd=null}
2019-05-23 18:14:49.086 [http-nio-8088-exec-3] INFO  com.avenir.utils.LogUtils - 查询车主信息：User{id=null, vin='', userName='null', userIdWx='null', openId='null', phone='null', serviceCard='', carType='null', carLicense='null', idNo='null', driverNo='null', userAddr='null', reportTime=null, vinType='null', remark='null', createTime=null, updateTime=null, createBy='null', updateBy='null'}
2019-05-23 18:16:01.506 [http-nio-8088-exec-4] INFO  com.avenir.utils.LogUtils - 查询订单信息：Orders{id=null, typeId=2, userId=null, callTime=null, status='null', state=null, orderType=null, flight='', airport='null', address='null', destination='null', useTime=null, airportPickupTime=null, appointmentTime=null, orderTime=null, useCarType=null, number=null, isVisit=null, needOrder=null, visitor='null', visitTime=null, orderService='null', isOrder=null, completed=null, expectMoney=null, realityMoney=null, orderNo='', recordNo='null', userAddr='null', departureTime=null, dealerAddr='null', contactName='null', contactTel='null', takeCar=null, isCredit=null, rentCity='null', orderCarType='null', storeName='null', storeAddr='null', returnName='null', returnTel='null', beginTime=null, endTime=null, duration=null, serviceProvider='null', orderTel='null', isGl=null, isReplace=null, replaceCar='null', actualCar='null', createTime=null, updateTime=null, updateBy='null', createBy='null', remark='null', user=User{id=null, vin='', userName='', userIdWx='null', openId='null', phone='', serviceCard='', carType='null', carLicense='null', idNo='null', driverNo='null', userAddr='null', reportTime=null, vinType='null', remark='null', createTime=null, updateTime=null, createBy='null', updateBy='null'}, type=null, useTimeStart=null, useTimeEnd=null, orderTimeStart=null, orderTimeEnd=null, reportTimeStart=null, reportTimeEnd=null, departureTimeStart=null, departureTimeEnd=null, appointmentTimeStart=null, appointmentTimeEnd=null, beginTimeStart=null, beginTimeEnd=null, endTimeStart=null, endTimeEnd=null}
2019-05-23 18:16:11.126 [http-nio-8088-exec-8] INFO  com.avenir.utils.LogUtils - 查询订单信息：Orders{id=null, typeId=2, userId=null, callTime=null, status='null', state=null, orderType=null, flight='', airport='null', address='null', destination='null', useTime=null, airportPickupTime=null, appointmentTime=null, orderTime=null, useCarType=null, number=null, isVisit=null, needOrder=null, visitor='null', visitTime=null, orderService='null', isOrder=null, completed=null, expectMoney=null, realityMoney=null, orderNo='', recordNo='null', userAddr='null', departureTime=null, dealerAddr='null', contactName='null', contactTel='null', takeCar=null, isCredit=null, rentCity='null', orderCarType='null', storeName='null', storeAddr='null', returnName='null', returnTel='null', beginTime=null, endTime=null, duration=null, serviceProvider='null', orderTel='null', isGl=null, isReplace=null, replaceCar='null', actualCar='null', createTime=null, updateTime=null, updateBy='null', createBy='null', remark='null', user=User{id=null, vin='', userName='', userIdWx='null', openId='null', phone='', serviceCard='', carType='null', carLicense='null', idNo='null', driverNo='null', userAddr='null', reportTime=null, vinType='null', remark='null', createTime=null, updateTime=null, createBy='null', updateBy='null'}, type=null, useTimeStart=null, useTimeEnd=null, orderTimeStart=null, orderTimeEnd=null, reportTimeStart=null, reportTimeEnd=null, departureTimeStart=null, departureTimeEnd=null, appointmentTimeStart=null, appointmentTimeEnd=null, beginTimeStart=null, beginTimeEnd=null, endTimeStart=null, endTimeEnd=null}
2019-05-23 18:25:11.526 [http-nio-8088-exec-2] INFO  com.avenir.utils.LogUtils - 查询订单信息：Orders{id=null, typeId=2, userId=null, callTime=null, status='null', state=null, orderType=null, flight='', airport='null', address='null', destination='null', useTime=null, airportPickupTime=null, appointmentTime=null, orderTime=null, useCarType=null, number=null, isVisit=null, needOrder=null, visitor='null', visitTime=null, orderService='null', isOrder=null, completed=null, expectMoney=null, realityMoney=null, orderNo='', recordNo='null', userAddr='null', departureTime=null, dealerAddr='null', contactName='null', contactTel='null', takeCar=null, isCredit=null, rentCity='null', orderCarType='null', storeName='null', storeAddr='null', returnName='null', returnTel='null', beginTime=null, endTime=null, duration=null, serviceProvider='null', orderTel='null', isGl=null, isReplace=null, replaceCar='null', actualCar='null', createTime=null, updateTime=null, updateBy='null', createBy='null', remark='null', user=User{id=null, vin='', userName='', userIdWx='null', openId='null', phone='', serviceCard='', carType='null', carLicense='null', idNo='null', driverNo='null', userAddr='null', reportTime=null, vinType='null', remark='null', createTime=null, updateTime=null, createBy='null', updateBy='null'}, type=null, useTimeStart=null, useTimeEnd=null, orderTimeStart=null, orderTimeEnd=null, reportTimeStart=null, reportTimeEnd=null, departureTimeStart=null, departureTimeEnd=null, appointmentTimeStart=null, appointmentTimeEnd=null, beginTimeStart=null, beginTimeEnd=null, endTimeStart=null, endTimeEnd=null}
2019-05-23 18:26:22.429 [http-nio-8088-exec-6] INFO  com.avenir.utils.LogUtils - 查询订单信息：Orders{id=null, typeId=2, userId=null, callTime=null, status='null', state=null, orderType=null, flight='', airport='null', address='null', destination='null', useTime=null, airportPickupTime=null, appointmentTime=null, orderTime=null, useCarType=null, number=null, isVisit=null, needOrder=null, visitor='null', visitTime=null, orderService='null', isOrder=null, completed=null, expectMoney=null, realityMoney=null, orderNo='', recordNo='null', userAddr='null', departureTime=null, dealerAddr='null', contactName='null', contactTel='null', takeCar=null, isCredit=null, rentCity='null', orderCarType='null', storeName='null', storeAddr='null', returnName='null', returnTel='null', beginTime=null, endTime=null, duration=null, serviceProvider='null', orderTel='null', isGl=null, isReplace=null, replaceCar='null', actualCar='null', createTime=null, updateTime=null, updateBy='null', createBy='null', remark='null', user=User{id=null, vin='', userName='', userIdWx='null', openId='null', phone='', serviceCard='', carType='null', carLicense='null', idNo='null', driverNo='null', userAddr='null', reportTime=null, vinType='null', remark='null', createTime=null, updateTime=null, createBy='null', updateBy='null'}, type=null, useTimeStart=null, useTimeEnd=null, orderTimeStart=null, orderTimeEnd=null, reportTimeStart=null, reportTimeEnd=null, departureTimeStart=null, departureTimeEnd=null, appointmentTimeStart=null, appointmentTimeEnd=null, beginTimeStart=null, beginTimeEnd=null, endTimeStart=null, endTimeEnd=null}
2019-05-23 18:27:11.650 [main] INFO  com.avenir.AvenirApplication - Starting AvenirApplication on DESKTOP-QIA32CU with PID 11448 (E:\Avenir\target\classes started by dell in E:\Avenir)
2019-05-23 18:27:11.652 [main] INFO  com.avenir.AvenirApplication - No active profile set, falling back to default profiles: default
2019-05-23 18:27:13.020 [main] INFO  org.springframework.boot.web.embedded.tomcat.TomcatWebServer - Tomcat initialized with port(s): 8088 (http)
2019-05-23 18:27:13.040 [main] INFO  org.apache.coyote.http11.Http11NioProtocol - Initializing ProtocolHandler ["http-nio-8088"]
2019-05-23 18:27:13.053 [main] INFO  org.apache.catalina.core.StandardService - Starting service [Tomcat]
2019-05-23 18:27:13.053 [main] INFO  org.apache.catalina.core.StandardEngine - Starting Servlet engine: [Apache Tomcat/9.0.17]
2019-05-23 18:27:13.061 [main] INFO  org.apache.catalina.core.AprLifecycleListener - An older version [1.2.14] of the APR based Apache Tomcat Native library is installed, while Tomcat recommends a minimum version of [1.2.21]
2019-05-23 18:27:13.062 [main] INFO  org.apache.catalina.core.AprLifecycleListener - Loaded APR based Apache Tomcat Native library [1.2.14] using APR version [1.6.2].
2019-05-23 18:27:13.062 [main] INFO  org.apache.catalina.core.AprLifecycleListener - APR capabilities: IPv6 [true], sendfile [true], accept filters [false], random [true].
2019-05-23 18:27:13.062 [main] INFO  org.apache.catalina.core.AprLifecycleListener - APR/OpenSSL configuration: useAprConnector [false], useOpenSSL [true]
2019-05-23 18:27:14.175 [main] INFO  org.apache.catalina.core.AprLifecycleListener - OpenSSL successfully initialized [OpenSSL 1.0.2l  25 May 2017]
2019-05-23 18:27:14.291 [main] INFO  org.apache.catalina.core.ContainerBase.[Tomcat].[localhost].[/] - Initializing Spring embedded WebApplicationContext
2019-05-23 18:27:14.291 [main] INFO  org.springframework.web.context.ContextLoader - Root WebApplicationContext: initialization completed in 2594 ms
2019-05-23 18:27:14.951 [main] INFO  org.springframework.scheduling.concurrent.ThreadPoolTaskExecutor - Initializing ExecutorService 'applicationTaskExecutor'
2019-05-23 18:27:15.177 [main] INFO  org.apache.coyote.http11.Http11NioProtocol - Starting ProtocolHandler ["http-nio-8088"]
2019-05-23 18:27:15.204 [main] INFO  org.springframework.boot.web.embedded.tomcat.TomcatWebServer - Tomcat started on port(s): 8088 (http) with context path ''
2019-05-23 18:27:15.207 [main] INFO  com.avenir.AvenirApplication - Started AvenirApplication in 3.993 seconds (JVM running for 5.226)
2019-05-23 18:27:26.260 [http-nio-8088-exec-2] INFO  org.apache.catalina.core.ContainerBase.[Tomcat].[localhost].[/] - Initializing Spring DispatcherServlet 'dispatcherServlet'
2019-05-23 18:27:26.261 [http-nio-8088-exec-2] INFO  org.springframework.web.servlet.DispatcherServlet - Initializing Servlet 'dispatcherServlet'
2019-05-23 18:27:26.270 [http-nio-8088-exec-2] INFO  org.springframework.web.servlet.DispatcherServlet - Completed initialization in 9 ms
2019-05-23 18:27:26.356 [http-nio-8088-exec-2] INFO  com.zaxxer.hikari.HikariDataSource - HikariPool-1 - Starting...
2019-05-23 18:27:26.452 [http-nio-8088-exec-1] INFO  com.avenir.utils.LogUtils - 查询订单信息：Orders{id=null, typeId=2, userId=null, callTime=null, status='null', state=null, orderType=null, flight='', airport='null', address='null', destination='null', useTime=null, airportPickupTime=null, appointmentTime=null, orderTime=null, useCarType=null, number=null, isVisit=null, needOrder=null, visitor='null', visitTime=null, orderService='null', isOrder=null, completed=null, expectMoney=null, realityMoney=null, orderNo='', recordNo='null', userAddr='null', departureTime=null, dealerAddr='null', contactName='null', contactTel='null', takeCar=null, isCredit=null, rentCity='null', orderCarType='null', storeName='null', storeAddr='null', returnName='null', returnTel='null', beginTime=null, endTime=null, duration=null, serviceProvider='null', orderTel='null', isGl=null, isReplace=null, replaceCar='null', actualCar='null', createTime=null, updateTime=null, updateBy='null', createBy='null', remark='null', user=User{id=null, vin='', userName='', userIdWx='null', openId='null', phone='', serviceCard='', carType='null', carLicense='null', idNo='null', driverNo='null', userAddr='null', reportTime=null, vinType='null', remark='null', createTime=null, updateTime=null, createBy='null', updateBy='null'}, type=null, useTimeStart=null, useTimeEnd=null, orderTimeStart=null, orderTimeEnd=null, reportTimeStart=null, reportTimeEnd=null, departureTimeStart=null, departureTimeEnd=null, appointmentTimeStart=null, appointmentTimeEnd=null, beginTimeStart=null, beginTimeEnd=null, endTimeStart=null, endTimeEnd=null}
2019-05-23 18:27:26.515 [http-nio-8088-exec-2] INFO  com.zaxxer.hikari.HikariDataSource - HikariPool-1 - Start completed.
2019-05-23 18:27:29.078 [http-nio-8088-exec-5] INFO  com.avenir.utils.LogUtils - 导出查询订单信息：Orders{id=null, typeId=2, userId=null, callTime=null, status='null', state=null, orderType=null, flight='', airport='null', address='null', destination='null', useTime=null, airportPickupTime=null, appointmentTime=null, orderTime=null, useCarType=null, number=null, isVisit=null, needOrder=null, visitor='null', visitTime=null, orderService='null', isOrder=null, completed=null, expectMoney=null, realityMoney=null, orderNo='', recordNo='null', userAddr='null', departureTime=null, dealerAddr='null', contactName='null', contactTel='null', takeCar=null, isCredit=null, rentCity='null', orderCarType='null', storeName='null', storeAddr='null', returnName='null', returnTel='null', beginTime=null, endTime=null, duration=null, serviceProvider='null', orderTel='null', isGl=null, isReplace=null, replaceCar='null', actualCar='null', createTime=null, updateTime=null, updateBy='null', createBy='null', remark='null', user=User{id=null, vin='', userName='', userIdWx='null', openId='null', phone='', serviceCard='', carType='null', carLicense='null', idNo='null', driverNo='null', userAddr='null', reportTime=null, vinType='null', remark='null', createTime=null, updateTime=null, createBy='null', updateBy='null'}, type=null, useTimeStart=null, useTimeEnd=null, orderTimeStart=null, orderTimeEnd=null, reportTimeStart=null, reportTimeEnd=null, departureTimeStart=null, departureTimeEnd=null, appointmentTimeStart=null, appointmentTimeEnd=null, beginTimeStart=null, beginTimeEnd=null, endTimeStart=null, endTimeEnd=null}
2019-05-23 18:27:29.225 [http-nio-8088-exec-5] ERROR org.apache.catalina.core.ContainerBase.[Tomcat].[localhost].[/].[dispatcherServlet] - Servlet.service() for servlet [dispatcherServlet] in context with path [] threw exception [Request processing failed; nested exception is java.lang.NullPointerException] with root cause
java.lang.NullPointerException: null
	at com.avenir.controller.OrdersController.export(OrdersController.java:201)
	at sun.reflect.NativeMethodAccessorImpl.invoke0(Native Method)
	at sun.reflect.NativeMethodAccessorImpl.invoke(NativeMethodAccessorImpl.java:62)
	at sun.reflect.DelegatingMethodAccessorImpl.invoke(DelegatingMethodAccessorImpl.java:43)
	at java.lang.reflect.Method.invoke(Method.java:498)
	at org.springframework.web.method.support.InvocableHandlerMethod.doInvoke(InvocableHandlerMethod.java:189)
	at org.springframework.web.method.support.InvocableHandlerMethod.invokeForRequest(InvocableHandlerMethod.java:138)
	at org.springframework.web.servlet.mvc.method.annotation.ServletInvocableHandlerMethod.invokeAndHandle(ServletInvocableHandlerMethod.java:102)
	at org.springframework.web.servlet.mvc.method.annotation.RequestMappingHandlerAdapter.invokeHandlerMethod(RequestMappingHandlerAdapter.java:892)
	at org.springframework.web.servlet.mvc.method.annotation.RequestMappingHandlerAdapter.handleInternal(RequestMappingHandlerAdapter.java:797)
	at org.springframework.web.servlet.mvc.method.AbstractHandlerMethodAdapter.handle(AbstractHandlerMethodAdapter.java:87)
	at org.springframework.web.servlet.DispatcherServlet.doDispatch(DispatcherServlet.java:1038)
	at org.springframework.web.servlet.DispatcherServlet.doService(DispatcherServlet.java:942)
	at org.springframework.web.servlet.FrameworkServlet.processRequest(FrameworkServlet.java:1005)
	at org.springframework.web.servlet.FrameworkServlet.doPost(FrameworkServlet.java:908)
	at javax.servlet.http.HttpServlet.service(HttpServlet.java:660)
	at org.springframework.web.servlet.FrameworkServlet.service(FrameworkServlet.java:882)
	at javax.servlet.http.HttpServlet.service(HttpServlet.java:741)
	at org.apache.catalina.core.ApplicationFilterChain.internalDoFilter(ApplicationFilterChain.java:231)
	at org.apache.catalina.core.ApplicationFilterChain.doFilter(ApplicationFilterChain.java:166)
	at org.apache.tomcat.websocket.server.WsFilter.doFilter(WsFilter.java:53)
	at org.apache.catalina.core.ApplicationFilterChain.internalDoFilter(ApplicationFilterChain.java:193)
	at org.apache.catalina.core.ApplicationFilterChain.doFilter(ApplicationFilterChain.java:166)
	at org.springframework.web.filter.CorsFilter.doFilterInternal(CorsFilter.java:96)
	at org.springframework.web.filter.OncePerRequestFilter.doFilter(OncePerRequestFilter.java:107)
	at org.apache.catalina.core.ApplicationFilterChain.internalDoFilter(ApplicationFilterChain.java:193)
	at org.apache.catalina.core.ApplicationFilterChain.doFilter(ApplicationFilterChain.java:166)
	at org.springframework.web.filter.RequestContextFilter.doFilterInternal(RequestContextFilter.java:99)
	at org.springframework.web.filter.OncePerRequestFilter.doFilter(OncePerRequestFilter.java:107)
	at org.apache.catalina.core.ApplicationFilterChain.internalDoFilter(ApplicationFilterChain.java:193)
	at org.apache.catalina.core.ApplicationFilterChain.doFilter(ApplicationFilterChain.java:166)
	at org.springframework.web.filter.FormContentFilter.doFilterInternal(FormContentFilter.java:92)
	at org.springframework.web.filter.OncePerRequestFilter.doFilter(OncePerRequestFilter.java:107)
	at org.apache.catalina.core.ApplicationFilterChain.internalDoFilter(ApplicationFilterChain.java:193)
	at org.apache.catalina.core.ApplicationFilterChain.doFilter(ApplicationFilterChain.java:166)
	at org.springframework.web.filter.HiddenHttpMethodFilter.doFilterInternal(HiddenHttpMethodFilter.java:93)
	at org.springframework.web.filter.OncePerRequestFilter.doFilter(OncePerRequestFilter.java:107)
	at org.apache.catalina.core.ApplicationFilterChain.internalDoFilter(ApplicationFilterChain.java:193)
	at org.apache.catalina.core.ApplicationFilterChain.doFilter(ApplicationFilterChain.java:166)
	at org.springframework.web.filter.CharacterEncodingFilter.doFilterInternal(CharacterEncodingFilter.java:200)
	at org.springframework.web.filter.OncePerRequestFilter.doFilter(OncePerRequestFilter.java:107)
	at org.apache.catalina.core.ApplicationFilterChain.internalDoFilter(ApplicationFilterChain.java:193)
	at org.apache.catalina.core.ApplicationFilterChain.doFilter(ApplicationFilterChain.java:166)
	at org.apache.catalina.core.StandardWrapperValve.invoke(StandardWrapperValve.java:200)
	at org.apache.catalina.core.StandardContextValve.invoke(StandardContextValve.java:96)
	at org.apache.catalina.authenticator.AuthenticatorBase.invoke(AuthenticatorBase.java:490)
	at org.apache.catalina.core.StandardHostValve.invoke(StandardHostValve.java:139)
	at org.apache.catalina.valves.ErrorReportValve.invoke(ErrorReportValve.java:92)
	at org.apache.catalina.core.StandardEngineValve.invoke(StandardEngineValve.java:74)
	at org.apache.catalina.connector.CoyoteAdapter.service(CoyoteAdapter.java:343)
	at org.apache.coyote.http11.Http11Processor.service(Http11Processor.java:408)
	at org.apache.coyote.AbstractProcessorLight.process(AbstractProcessorLight.java:66)
	at org.apache.coyote.AbstractProtocol$ConnectionHandler.process(AbstractProtocol.java:834)
	at org.apache.tomcat.util.net.NioEndpoint$SocketProcessor.doRun(NioEndpoint.java:1415)
	at org.apache.tomcat.util.net.SocketProcessorBase.run(SocketProcessorBase.java:49)
	at java.util.concurrent.ThreadPoolExecutor.runWorker(ThreadPoolExecutor.java:1149)
	at java.util.concurrent.ThreadPoolExecutor$Worker.run(ThreadPoolExecutor.java:624)
	at org.apache.tomcat.util.threads.TaskThread$WrappingRunnable.run(TaskThread.java:61)
	at java.lang.Thread.run(Thread.java:748)
2019-05-23 18:35:00.167 [main] INFO  com.avenir.AvenirApplication - Starting AvenirApplication on DESKTOP-QIA32CU with PID 3064 (E:\Avenir\target\classes started by dell in E:\Avenir)
2019-05-23 18:35:00.172 [main] INFO  com.avenir.AvenirApplication - No active profile set, falling back to default profiles: default
2019-05-23 18:35:01.449 [main] INFO  org.springframework.boot.web.embedded.tomcat.TomcatWebServer - Tomcat initialized with port(s): 8088 (http)
2019-05-23 18:35:01.467 [main] INFO  org.apache.coyote.http11.Http11NioProtocol - Initializing ProtocolHandler ["http-nio-8088"]
2019-05-23 18:35:01.478 [main] INFO  org.apache.catalina.core.StandardService - Starting service [Tomcat]
2019-05-23 18:35:01.478 [main] INFO  org.apache.catalina.core.StandardEngine - Starting Servlet engine: [Apache Tomcat/9.0.17]
2019-05-23 18:35:01.486 [main] INFO  org.apache.catalina.core.AprLifecycleListener - An older version [1.2.14] of the APR based Apache Tomcat Native library is installed, while Tomcat recommends a minimum version of [1.2.21]
2019-05-23 18:35:01.486 [main] INFO  org.apache.catalina.core.AprLifecycleListener - Loaded APR based Apache Tomcat Native library [1.2.14] using APR version [1.6.2].
2019-05-23 18:35:01.486 [main] INFO  org.apache.catalina.core.AprLifecycleListener - APR capabilities: IPv6 [true], sendfile [true], accept filters [false], random [true].
2019-05-23 18:35:01.486 [main] INFO  org.apache.catalina.core.AprLifecycleListener - APR/OpenSSL configuration: useAprConnector [false], useOpenSSL [true]
2019-05-23 18:35:02.572 [main] INFO  org.apache.catalina.core.AprLifecycleListener - OpenSSL successfully initialized [OpenSSL 1.0.2l  25 May 2017]
2019-05-23 18:35:02.691 [main] INFO  org.apache.catalina.core.ContainerBase.[Tomcat].[localhost].[/] - Initializing Spring embedded WebApplicationContext
2019-05-23 18:35:02.691 [main] INFO  org.springframework.web.context.ContextLoader - Root WebApplicationContext: initialization completed in 2457 ms
2019-05-23 18:35:03.262 [main] INFO  org.springframework.scheduling.concurrent.ThreadPoolTaskExecutor - Initializing ExecutorService 'applicationTaskExecutor'
2019-05-23 18:35:03.482 [main] INFO  org.apache.coyote.http11.Http11NioProtocol - Starting ProtocolHandler ["http-nio-8088"]
2019-05-23 18:35:03.518 [main] INFO  org.springframework.boot.web.embedded.tomcat.TomcatWebServer - Tomcat started on port(s): 8088 (http) with context path ''
2019-05-23 18:35:03.521 [main] INFO  com.avenir.AvenirApplication - Started AvenirApplication in 3.763 seconds (JVM running for 4.84)
2019-05-23 18:35:08.976 [http-nio-8088-exec-1] INFO  org.apache.catalina.core.ContainerBase.[Tomcat].[localhost].[/] - Initializing Spring DispatcherServlet 'dispatcherServlet'
2019-05-23 18:35:08.976 [http-nio-8088-exec-1] INFO  org.springframework.web.servlet.DispatcherServlet - Initializing Servlet 'dispatcherServlet'
2019-05-23 18:35:08.982 [http-nio-8088-exec-1] INFO  org.springframework.web.servlet.DispatcherServlet - Completed initialization in 6 ms
2019-05-23 18:35:09.057 [http-nio-8088-exec-1] INFO  com.zaxxer.hikari.HikariDataSource - HikariPool-1 - Starting...
2019-05-23 18:35:09.216 [http-nio-8088-exec-3] INFO  com.avenir.utils.LogUtils - 查询订单信息：Orders{id=null, typeId=2, userId=null, callTime=null, status='null', state=null, orderType=null, flight='', airport='null', address='null', destination='null', useTime=null, airportPickupTime=null, appointmentTime=null, orderTime=null, useCarType=null, number=null, isVisit=null, needOrder=null, visitor='null', visitTime=null, orderService='null', isOrder=null, completed=null, expectMoney=null, realityMoney=null, orderNo='', recordNo='null', userAddr='null', departureTime=null, dealerAddr='null', contactName='null', contactTel='null', takeCar=null, isCredit=null, rentCity='null', orderCarType='null', storeName='null', storeAddr='null', returnName='null', returnTel='null', beginTime=null, endTime=null, duration=null, serviceProvider='null', orderTel='null', isGl=null, isReplace=null, replaceCar='null', actualCar='null', createTime=null, updateTime=null, updateBy='null', createBy='null', remark='null', user=User{id=null, vin='', userName='', userIdWx='null', openId='null', phone='', serviceCard='', carType='null', carLicense='null', idNo='null', driverNo='null', userAddr='null', reportTime=null, vinType='null', remark='null', createTime=null, updateTime=null, createBy='null', updateBy='null'}, type=null, useTimeStart=null, useTimeEnd=null, orderTimeStart=null, orderTimeEnd=null, reportTimeStart=null, reportTimeEnd=null, departureTimeStart=null, departureTimeEnd=null, appointmentTimeStart=null, appointmentTimeEnd=null, beginTimeStart=null, beginTimeEnd=null, endTimeStart=null, endTimeEnd=null}
2019-05-23 18:35:09.226 [http-nio-8088-exec-1] INFO  com.zaxxer.hikari.HikariDataSource - HikariPool-1 - Start completed.
2019-05-23 18:35:11.685 [http-nio-8088-exec-5] INFO  com.avenir.utils.LogUtils - 导出查询订单信息：Orders{id=null, typeId=2, userId=null, callTime=null, status='null', state=null, orderType=null, flight='', airport='null', address='null', destination='null', useTime=null, airportPickupTime=null, appointmentTime=null, orderTime=null, useCarType=null, number=null, isVisit=null, needOrder=null, visitor='null', visitTime=null, orderService='null', isOrder=null, completed=null, expectMoney=null, realityMoney=null, orderNo='', recordNo='null', userAddr='null', departureTime=null, dealerAddr='null', contactName='null', contactTel='null', takeCar=null, isCredit=null, rentCity='null', orderCarType='null', storeName='null', storeAddr='null', returnName='null', returnTel='null', beginTime=null, endTime=null, duration=null, serviceProvider='null', orderTel='null', isGl=null, isReplace=null, replaceCar='null', actualCar='null', createTime=null, updateTime=null, updateBy='null', createBy='null', remark='null', user=User{id=null, vin='', userName='', userIdWx='null', openId='null', phone='', serviceCard='', carType='null', carLicense='null', idNo='null', driverNo='null', userAddr='null', reportTime=null, vinType='null', remark='null', createTime=null, updateTime=null, createBy='null', updateBy='null'}, type=null, useTimeStart=null, useTimeEnd=null, orderTimeStart=null, orderTimeEnd=null, reportTimeStart=null, reportTimeEnd=null, departureTimeStart=null, departureTimeEnd=null, appointmentTimeStart=null, appointmentTimeEnd=null, beginTimeStart=null, beginTimeEnd=null, endTimeStart=null, endTimeEnd=null}
2019-05-23 18:35:11.824 [http-nio-8088-exec-5] ERROR org.apache.catalina.core.ContainerBase.[Tomcat].[localhost].[/].[dispatcherServlet] - Servlet.service() for servlet [dispatcherServlet] in context with path [] threw exception [Request processing failed; nested exception is java.lang.NullPointerException] with root cause
java.lang.NullPointerException: null
	at com.avenir.controller.OrdersController.export(OrdersController.java:199)
	at sun.reflect.NativeMethodAccessorImpl.invoke0(Native Method)
	at sun.reflect.NativeMethodAccessorImpl.invoke(NativeMethodAccessorImpl.java:62)
	at sun.reflect.DelegatingMethodAccessorImpl.invoke(DelegatingMethodAccessorImpl.java:43)
	at java.lang.reflect.Method.invoke(Method.java:498)
	at org.springframework.web.method.support.InvocableHandlerMethod.doInvoke(InvocableHandlerMethod.java:189)
	at org.springframework.web.method.support.InvocableHandlerMethod.invokeForRequest(InvocableHandlerMethod.java:138)
	at org.springframework.web.servlet.mvc.method.annotation.ServletInvocableHandlerMethod.invokeAndHandle(ServletInvocableHandlerMethod.java:102)
	at org.springframework.web.servlet.mvc.method.annotation.RequestMappingHandlerAdapter.invokeHandlerMethod(RequestMappingHandlerAdapter.java:892)
	at org.springframework.web.servlet.mvc.method.annotation.RequestMappingHandlerAdapter.handleInternal(RequestMappingHandlerAdapter.java:797)
	at org.springframework.web.servlet.mvc.method.AbstractHandlerMethodAdapter.handle(AbstractHandlerMethodAdapter.java:87)
	at org.springframework.web.servlet.DispatcherServlet.doDispatch(DispatcherServlet.java:1038)
	at org.springframework.web.servlet.DispatcherServlet.doService(DispatcherServlet.java:942)
	at org.springframework.web.servlet.FrameworkServlet.processRequest(FrameworkServlet.java:1005)
	at org.springframework.web.servlet.FrameworkServlet.doPost(FrameworkServlet.java:908)
	at javax.servlet.http.HttpServlet.service(HttpServlet.java:660)
	at org.springframework.web.servlet.FrameworkServlet.service(FrameworkServlet.java:882)
	at javax.servlet.http.HttpServlet.service(HttpServlet.java:741)
	at org.apache.catalina.core.ApplicationFilterChain.internalDoFilter(ApplicationFilterChain.java:231)
	at org.apache.catalina.core.ApplicationFilterChain.doFilter(ApplicationFilterChain.java:166)
	at org.apache.tomcat.websocket.server.WsFilter.doFilter(WsFilter.java:53)
	at org.apache.catalina.core.ApplicationFilterChain.internalDoFilter(ApplicationFilterChain.java:193)
	at org.apache.catalina.core.ApplicationFilterChain.doFilter(ApplicationFilterChain.java:166)
	at org.springframework.web.filter.CorsFilter.doFilterInternal(CorsFilter.java:96)
	at org.springframework.web.filter.OncePerRequestFilter.doFilter(OncePerRequestFilter.java:107)
	at org.apache.catalina.core.ApplicationFilterChain.internalDoFilter(ApplicationFilterChain.java:193)
	at org.apache.catalina.core.ApplicationFilterChain.doFilter(ApplicationFilterChain.java:166)
	at org.springframework.web.filter.RequestContextFilter.doFilterInternal(RequestContextFilter.java:99)
	at org.springframework.web.filter.OncePerRequestFilter.doFilter(OncePerRequestFilter.java:107)
	at org.apache.catalina.core.ApplicationFilterChain.internalDoFilter(ApplicationFilterChain.java:193)
	at org.apache.catalina.core.ApplicationFilterChain.doFilter(ApplicationFilterChain.java:166)
	at org.springframework.web.filter.FormContentFilter.doFilterInternal(FormContentFilter.java:92)
	at org.springframework.web.filter.OncePerRequestFilter.doFilter(OncePerRequestFilter.java:107)
	at org.apache.catalina.core.ApplicationFilterChain.internalDoFilter(ApplicationFilterChain.java:193)
	at org.apache.catalina.core.ApplicationFilterChain.doFilter(ApplicationFilterChain.java:166)
	at org.springframework.web.filter.HiddenHttpMethodFilter.doFilterInternal(HiddenHttpMethodFilter.java:93)
	at org.springframework.web.filter.OncePerRequestFilter.doFilter(OncePerRequestFilter.java:107)
	at org.apache.catalina.core.ApplicationFilterChain.internalDoFilter(ApplicationFilterChain.java:193)
	at org.apache.catalina.core.ApplicationFilterChain.doFilter(ApplicationFilterChain.java:166)
	at org.springframework.web.filter.CharacterEncodingFilter.doFilterInternal(CharacterEncodingFilter.java:200)
	at org.springframework.web.filter.OncePerRequestFilter.doFilter(OncePerRequestFilter.java:107)
	at org.apache.catalina.core.ApplicationFilterChain.internalDoFilter(ApplicationFilterChain.java:193)
	at org.apache.catalina.core.ApplicationFilterChain.doFilter(ApplicationFilterChain.java:166)
	at org.apache.catalina.core.StandardWrapperValve.invoke(StandardWrapperValve.java:200)
	at org.apache.catalina.core.StandardContextValve.invoke(StandardContextValve.java:96)
	at org.apache.catalina.authenticator.AuthenticatorBase.invoke(AuthenticatorBase.java:490)
	at org.apache.catalina.core.StandardHostValve.invoke(StandardHostValve.java:139)
	at org.apache.catalina.valves.ErrorReportValve.invoke(ErrorReportValve.java:92)
	at org.apache.catalina.core.StandardEngineValve.invoke(StandardEngineValve.java:74)
	at org.apache.catalina.connector.CoyoteAdapter.service(CoyoteAdapter.java:343)
	at org.apache.coyote.http11.Http11Processor.service(Http11Processor.java:408)
	at org.apache.coyote.AbstractProcessorLight.process(AbstractProcessorLight.java:66)
	at org.apache.coyote.AbstractProtocol$ConnectionHandler.process(AbstractProtocol.java:834)
	at org.apache.tomcat.util.net.NioEndpoint$SocketProcessor.doRun(NioEndpoint.java:1415)
	at org.apache.tomcat.util.net.SocketProcessorBase.run(SocketProcessorBase.java:49)
	at java.util.concurrent.ThreadPoolExecutor.runWorker(ThreadPoolExecutor.java:1149)
	at java.util.concurrent.ThreadPoolExecutor$Worker.run(ThreadPoolExecutor.java:624)
	at org.apache.tomcat.util.threads.TaskThread$WrappingRunnable.run(TaskThread.java:61)
	at java.lang.Thread.run(Thread.java:748)
2019-05-23 18:36:12.218 [main] INFO  com.avenir.AvenirApplication - Starting AvenirApplication on DESKTOP-QIA32CU with PID 18044 (E:\Avenir\target\classes started by dell in E:\Avenir)
2019-05-23 18:36:12.224 [main] INFO  com.avenir.AvenirApplication - No active profile set, falling back to default profiles: default
2019-05-23 18:36:13.520 [main] INFO  org.springframework.boot.web.embedded.tomcat.TomcatWebServer - Tomcat initialized with port(s): 8088 (http)
2019-05-23 18:36:13.536 [main] INFO  org.apache.coyote.http11.Http11NioProtocol - Initializing ProtocolHandler ["http-nio-8088"]
2019-05-23 18:36:13.547 [main] INFO  org.apache.catalina.core.StandardService - Starting service [Tomcat]
2019-05-23 18:36:13.548 [main] INFO  org.apache.catalina.core.StandardEngine - Starting Servlet engine: [Apache Tomcat/9.0.17]
2019-05-23 18:36:13.554 [main] INFO  org.apache.catalina.core.AprLifecycleListener - An older version [1.2.14] of the APR based Apache Tomcat Native library is installed, while Tomcat recommends a minimum version of [1.2.21]
2019-05-23 18:36:13.555 [main] INFO  org.apache.catalina.core.AprLifecycleListener - Loaded APR based Apache Tomcat Native library [1.2.14] using APR version [1.6.2].
2019-05-23 18:36:13.555 [main] INFO  org.apache.catalina.core.AprLifecycleListener - APR capabilities: IPv6 [true], sendfile [true], accept filters [false], random [true].
2019-05-23 18:36:13.555 [main] INFO  org.apache.catalina.core.AprLifecycleListener - APR/OpenSSL configuration: useAprConnector [false], useOpenSSL [true]
2019-05-23 18:36:14.638 [main] INFO  org.apache.catalina.core.AprLifecycleListener - OpenSSL successfully initialized [OpenSSL 1.0.2l  25 May 2017]
2019-05-23 18:36:14.764 [main] INFO  org.apache.catalina.core.ContainerBase.[Tomcat].[localhost].[/] - Initializing Spring embedded WebApplicationContext
2019-05-23 18:36:14.764 [main] INFO  org.springframework.web.context.ContextLoader - Root WebApplicationContext: initialization completed in 2478 ms
2019-05-23 18:36:15.308 [main] INFO  org.springframework.scheduling.concurrent.ThreadPoolTaskExecutor - Initializing ExecutorService 'applicationTaskExecutor'
2019-05-23 18:36:15.523 [main] INFO  org.apache.coyote.http11.Http11NioProtocol - Starting ProtocolHandler ["http-nio-8088"]
2019-05-23 18:36:15.559 [main] INFO  org.springframework.boot.web.embedded.tomcat.TomcatWebServer - Tomcat started on port(s): 8088 (http) with context path ''
2019-05-23 18:36:15.562 [main] INFO  com.avenir.AvenirApplication - Started AvenirApplication in 3.753 seconds (JVM running for 4.813)
2019-05-23 18:38:07.258 [main] INFO  com.avenir.AvenirApplication - Starting AvenirApplication on DESKTOP-QIA32CU with PID 4408 (E:\Avenir\target\classes started by dell in E:\Avenir)
2019-05-23 18:38:07.264 [main] INFO  com.avenir.AvenirApplication - No active profile set, falling back to default profiles: default
2019-05-23 18:38:08.508 [main] INFO  org.springframework.boot.web.embedded.tomcat.TomcatWebServer - Tomcat initialized with port(s): 8088 (http)
2019-05-23 18:38:08.525 [main] INFO  org.apache.coyote.http11.Http11NioProtocol - Initializing ProtocolHandler ["http-nio-8088"]
2019-05-23 18:38:08.535 [main] INFO  org.apache.catalina.core.StandardService - Starting service [Tomcat]
2019-05-23 18:38:08.535 [main] INFO  org.apache.catalina.core.StandardEngine - Starting Servlet engine: [Apache Tomcat/9.0.17]
2019-05-23 18:38:08.542 [main] INFO  org.apache.catalina.core.AprLifecycleListener - An older version [1.2.14] of the APR based Apache Tomcat Native library is installed, while Tomcat recommends a minimum version of [1.2.21]
2019-05-23 18:38:08.543 [main] INFO  org.apache.catalina.core.AprLifecycleListener - Loaded APR based Apache Tomcat Native library [1.2.14] using APR version [1.6.2].
2019-05-23 18:38:08.543 [main] INFO  org.apache.catalina.core.AprLifecycleListener - APR capabilities: IPv6 [true], sendfile [true], accept filters [false], random [true].
2019-05-23 18:38:08.543 [main] INFO  org.apache.catalina.core.AprLifecycleListener - APR/OpenSSL configuration: useAprConnector [false], useOpenSSL [true]
2019-05-23 18:38:09.607 [main] INFO  org.apache.catalina.core.AprLifecycleListener - OpenSSL successfully initialized [OpenSSL 1.0.2l  25 May 2017]
2019-05-23 18:38:09.713 [main] INFO  org.apache.catalina.core.ContainerBase.[Tomcat].[localhost].[/] - Initializing Spring embedded WebApplicationContext
2019-05-23 18:38:09.713 [main] INFO  org.springframework.web.context.ContextLoader - Root WebApplicationContext: initialization completed in 2394 ms
2019-05-23 18:38:10.313 [main] INFO  org.springframework.scheduling.concurrent.ThreadPoolTaskExecutor - Initializing ExecutorService 'applicationTaskExecutor'
2019-05-23 18:38:10.539 [main] INFO  org.apache.coyote.http11.Http11NioProtocol - Starting ProtocolHandler ["http-nio-8088"]
2019-05-23 18:38:10.565 [main] INFO  org.springframework.boot.web.embedded.tomcat.TomcatWebServer - Tomcat started on port(s): 8088 (http) with context path ''
2019-05-23 18:38:10.567 [main] INFO  com.avenir.AvenirApplication - Started AvenirApplication in 3.728 seconds (JVM running for 4.813)
2019-05-23 18:38:14.072 [http-nio-8088-exec-1] INFO  org.apache.catalina.core.ContainerBase.[Tomcat].[localhost].[/] - Initializing Spring DispatcherServlet 'dispatcherServlet'
2019-05-23 18:38:14.073 [http-nio-8088-exec-1] INFO  org.springframework.web.servlet.DispatcherServlet - Initializing Servlet 'dispatcherServlet'
2019-05-23 18:38:14.082 [http-nio-8088-exec-1] INFO  org.springframework.web.servlet.DispatcherServlet - Completed initialization in 9 ms
2019-05-23 18:38:14.158 [http-nio-8088-exec-1] INFO  com.zaxxer.hikari.HikariDataSource - HikariPool-1 - Starting...
2019-05-23 18:38:14.285 [http-nio-8088-exec-3] INFO  com.avenir.utils.LogUtils - 查询订单信息：Orders{id=null, typeId=2, userId=null, callTime=null, status='null', state=null, orderType=null, flight='', airport='null', address='null', destination='null', useTime=null, airportPickupTime=null, appointmentTime=null, orderTime=null, useCarType=null, number=null, isVisit=null, needOrder=null, visitor='null', visitTime=null, orderService='null', isOrder=null, completed=null, expectMoney=null, realityMoney=null, orderNo='', recordNo='null', userAddr='null', departureTime=null, dealerAddr='null', contactName='null', contactTel='null', takeCar=null, isCredit=null, rentCity='null', orderCarType='null', storeName='null', storeAddr='null', returnName='null', returnTel='null', beginTime=null, endTime=null, duration=null, serviceProvider='null', orderTel='null', isGl=null, isReplace=null, replaceCar='null', actualCar='null', createTime=null, updateTime=null, updateBy='null', createBy='null', remark='null', user=User{id=null, vin='', userName='', userIdWx='null', openId='null', phone='', serviceCard='', carType='null', carLicense='null', idNo='null', driverNo='null', userAddr='null', reportTime=null, vinType='null', remark='null', createTime=null, updateTime=null, createBy='null', updateBy='null'}, type=null, useTimeStart=null, useTimeEnd=null, orderTimeStart=null, orderTimeEnd=null, reportTimeStart=null, reportTimeEnd=null, departureTimeStart=null, departureTimeEnd=null, appointmentTimeStart=null, appointmentTimeEnd=null, beginTimeStart=null, beginTimeEnd=null, endTimeStart=null, endTimeEnd=null}
2019-05-23 18:38:14.339 [http-nio-8088-exec-1] INFO  com.zaxxer.hikari.HikariDataSource - HikariPool-1 - Start completed.
2019-05-23 18:38:16.701 [http-nio-8088-exec-5] INFO  com.avenir.utils.LogUtils - 导出查询订单信息：Orders{id=null, typeId=2, userId=null, callTime=null, status='null', state=null, orderType=null, flight='', airport='null', address='null', destination='null', useTime=null, airportPickupTime=null, appointmentTime=null, orderTime=null, useCarType=null, number=null, isVisit=null, needOrder=null, visitor='null', visitTime=null, orderService='null', isOrder=null, completed=null, expectMoney=null, realityMoney=null, orderNo='', recordNo='null', userAddr='null', departureTime=null, dealerAddr='null', contactName='null', contactTel='null', takeCar=null, isCredit=null, rentCity='null', orderCarType='null', storeName='null', storeAddr='null', returnName='null', returnTel='null', beginTime=null, endTime=null, duration=null, serviceProvider='null', orderTel='null', isGl=null, isReplace=null, replaceCar='null', actualCar='null', createTime=null, updateTime=null, updateBy='null', createBy='null', remark='null', user=User{id=null, vin='', userName='', userIdWx='null', openId='null', phone='', serviceCard='', carType='null', carLicense='null', idNo='null', driverNo='null', userAddr='null', reportTime=null, vinType='null', remark='null', createTime=null, updateTime=null, createBy='null', updateBy='null'}, type=null, useTimeStart=null, useTimeEnd=null, orderTimeStart=null, orderTimeEnd=null, reportTimeStart=null, reportTimeEnd=null, departureTimeStart=null, departureTimeEnd=null, appointmentTimeStart=null, appointmentTimeEnd=null, beginTimeStart=null, beginTimeEnd=null, endTimeStart=null, endTimeEnd=null}
2019-05-23 18:38:29.523 [http-nio-8088-exec-7] INFO  com.avenir.utils.LogUtils - 导出查询订单信息：Orders{id=null, typeId=2, userId=null, callTime=null, status='null', state=null, orderType=null, flight='', airport='null', address='null', destination='null', useTime=null, airportPickupTime=null, appointmentTime=null, orderTime=null, useCarType=null, number=null, isVisit=null, needOrder=null, visitor='null', visitTime=null, orderService='null', isOrder=null, completed=null, expectMoney=null, realityMoney=null, orderNo='', recordNo='null', userAddr='null', departureTime=null, dealerAddr='null', contactName='null', contactTel='null', takeCar=null, isCredit=null, rentCity='null', orderCarType='null', storeName='null', storeAddr='null', returnName='null', returnTel='null', beginTime=null, endTime=null, duration=null, serviceProvider='null', orderTel='null', isGl=null, isReplace=null, replaceCar='null', actualCar='null', createTime=null, updateTime=null, updateBy='null', createBy='null', remark='null', user=User{id=null, vin='', userName='', userIdWx='null', openId='null', phone='', serviceCard='', carType='null', carLicense='null', idNo='null', driverNo='null', userAddr='null', reportTime=null, vinType='null', remark='null', createTime=null, updateTime=null, createBy='null', updateBy='null'}, type=null, useTimeStart=null, useTimeEnd=null, orderTimeStart=null, orderTimeEnd=null, reportTimeStart=null, reportTimeEnd=null, departureTimeStart=null, departureTimeEnd=null, appointmentTimeStart=null, appointmentTimeEnd=null, beginTimeStart=null, beginTimeEnd=null, endTimeStart=null, endTimeEnd=null}
