2019-07-23 15:00:06.597 [main] INFO  com.avenir.AvenirApplication - Starting AvenirApplication on DESKTOP-QIA32CU with PID 10236 (E:\Avenir\target\classes started by dell in E:\Avenir)
2019-07-23 15:00:06.602 [main] INFO  com.avenir.AvenirApplication - No active profile set, falling back to default profiles: default
2019-07-23 15:00:07.915 [main] INFO  org.springframework.boot.web.embedded.tomcat.TomcatWebServer - Tomcat initialized with port(s): 8088 (http)
2019-07-23 15:00:07.929 [main] INFO  org.apache.coyote.http11.Http11NioProtocol - Initializing ProtocolHandler ["http-nio-8088"]
2019-07-23 15:00:07.938 [main] INFO  org.apache.catalina.core.StandardService - Starting service [Tomcat]
2019-07-23 15:00:07.938 [main] INFO  org.apache.catalina.core.StandardEngine - Starting Servlet engine: [Apache Tomcat/9.0.17]
2019-07-23 15:00:07.946 [main] INFO  org.apache.catalina.core.AprLifecycleListener - An older version [1.2.14] of the APR based Apache Tomcat Native library is installed, while Tomcat recommends a minimum version of [1.2.21]
2019-07-23 15:00:07.946 [main] INFO  org.apache.catalina.core.AprLifecycleListener - Loaded APR based Apache Tomcat Native library [1.2.14] using APR version [1.6.2].
2019-07-23 15:00:07.946 [main] INFO  org.apache.catalina.core.AprLifecycleListener - APR capabilities: IPv6 [true], sendfile [true], accept filters [false], random [true].
2019-07-23 15:00:07.946 [main] INFO  org.apache.catalina.core.AprLifecycleListener - APR/OpenSSL configuration: useAprConnector [false], useOpenSSL [true]
2019-07-23 15:00:09.058 [main] INFO  org.apache.catalina.core.AprLifecycleListener - OpenSSL successfully initialized [OpenSSL 1.0.2l  25 May 2017]
2019-07-23 15:00:09.169 [main] INFO  org.apache.catalina.core.ContainerBase.[Tomcat].[localhost].[/] - Initializing Spring embedded WebApplicationContext
2019-07-23 15:00:09.169 [main] INFO  org.springframework.web.context.ContextLoader - Root WebApplicationContext: initialization completed in 2520 ms
2019-07-23 15:00:09.857 [main] INFO  org.springframework.scheduling.concurrent.ThreadPoolTaskExecutor - Initializing ExecutorService 'applicationTaskExecutor'
2019-07-23 15:00:10.106 [main] INFO  org.apache.coyote.http11.Http11NioProtocol - Starting ProtocolHandler ["http-nio-8088"]
2019-07-23 15:00:10.135 [main] INFO  org.springframework.boot.web.embedded.tomcat.TomcatWebServer - Tomcat started on port(s): 8088 (http) with context path ''
2019-07-23 15:00:10.139 [main] INFO  com.avenir.AvenirApplication - Started AvenirApplication in 3.963 seconds (JVM running for 5.195)
2019-07-23 15:01:00.357 [http-nio-8088-exec-1] INFO  org.apache.catalina.core.ContainerBase.[Tomcat].[localhost].[/] - Initializing Spring DispatcherServlet 'dispatcherServlet'
2019-07-23 15:01:00.357 [http-nio-8088-exec-1] INFO  org.springframework.web.servlet.DispatcherServlet - Initializing Servlet 'dispatcherServlet'
2019-07-23 15:01:00.365 [http-nio-8088-exec-1] INFO  org.springframework.web.servlet.DispatcherServlet - Completed initialization in 8 ms
2019-07-23 15:01:00.502 [http-nio-8088-exec-2] INFO  com.zaxxer.hikari.HikariDataSource - HikariPool-1 - Starting...
2019-07-23 15:01:00.671 [http-nio-8088-exec-2] INFO  com.zaxxer.hikari.HikariDataSource - HikariPool-1 - Start completed.
2019-07-23 15:01:01.354 [http-nio-8088-exec-4] INFO  com.avenir.utils.LogUtils - 查询车主信息：Users{id=null, vin='', userName='null', userIdWx='null', openId='null', phone='null', serviceCard='', serviceCardOld='null', serviceType='null', carType='null', carLicense='null', idNo='null', driverNo='null', userAddr='null', invoiceTime=null, reportTime=null, dueTime=null, dueCount=null, aTotalCount=null, aTotalUsed=null, aCurrentCount=null, pTotalCount=null, pTotalUsed=null, pCurrentCount=null, rTotalCount=null, rTotalUsed=null, rCurrentCount=null, vinType='null', remark='null', createTime=null, updateTime=null, createBy='null', updateBy='null', countBy=null, first=null, second=null, third=null, four=null, five=null, six=null}
2019-07-23 15:01:25.750 [http-nio-8088-exec-9] INFO  com.avenir.utils.LogUtils - 查询车主信息：Users{id=null, vin='', userName='null', userIdWx='null', openId='null', phone='null', serviceCard='', serviceCardOld='null', serviceType='null', carType='null', carLicense='null', idNo='null', driverNo='null', userAddr='null', invoiceTime=null, reportTime=null, dueTime=null, dueCount=null, aTotalCount=null, aTotalUsed=null, aCurrentCount=null, pTotalCount=null, pTotalUsed=null, pCurrentCount=null, rTotalCount=null, rTotalUsed=null, rCurrentCount=null, vinType='null', remark='null', createTime=null, updateTime=null, createBy='null', updateBy='null', countBy=null, first=null, second=null, third=null, four=null, five=null, six=null}
2019-07-23 15:02:15.019 [http-nio-8088-exec-1] INFO  com.avenir.utils.LogUtils - 查询订单信息：Orders{id=null, typeId=2, userId=null, userName='', openId='null', userTel='', callTime=null, status='null', state=null, orderType=null, flight='', airport='null', address='null', destination='null', useTime=null, airportPickupTime='null', appointmentTime=null, orderTime=null, useCarType=null, number='null', isVisit=null, needOrder=null, visitor='null', visitTime=null, orderService='null', isOrder=null, completed=null, expectMoney=null, realityMoney=null, orderNo='', recordNo='null', userAddr='null', dealerAddr='null', contactName='null', contactTel='null', isCredit=null, idNo='null', driverNo='null', rentCity='null', orderCarType='null', storeName='null', storeAddr='null', returnName='null', returnTel='null', beginTime=null, endTime=null, duration=null, serviceProvider='null', orderTel='null', isGl=null, isReplace=null, replaceCar='null', actualCar='null', createTime=null, updateTime=null, updateBy='null', createBy='null', remark='null', user=Users{id=null, vin='', userName='null', userIdWx='null', openId='null', phone='null', serviceCard='', serviceCardOld='null', serviceType='null', carType='null', carLicense='null', idNo='null', driverNo='null', userAddr='null', invoiceTime=null, reportTime=null, dueTime=null, dueCount=null, aTotalCount=null, aTotalUsed=null, aCurrentCount=null, pTotalCount=null, pTotalUsed=null, pCurrentCount=null, rTotalCount=null, rTotalUsed=null, rCurrentCount=null, vinType='null', remark='null', createTime=null, updateTime=null, createBy='null', updateBy='null', countBy=null, first=null, second=null, third=null, four=null, five=null, six=null}, type=null, useTimeStart=null, useTimeEnd=null, orderTimeStart=null, orderTimeEnd=null, reportTimeStart=null, reportTimeEnd=null, appointmentTimeStart=null, appointmentTimeEnd=null, beginTimeStart=null, beginTimeEnd=null, endTimeStart=null, endTimeEnd=null, count=null}
2019-07-23 16:44:12.537 [http-nio-8088-exec-8] INFO  com.avenir.utils.LogUtils - 查询车主信息：Users{id=null, vin='', userName='null', userIdWx='null', openId='null', phone='null', serviceCard='', serviceCardOld='null', serviceType='null', carType='null', carLicense='null', idNo='null', driverNo='null', userAddr='null', invoiceTime=null, reportTime=null, dueTime=null, dueCount=null, aTotalCount=null, aTotalUsed=null, aCurrentCount=null, pTotalCount=null, pTotalUsed=null, pCurrentCount=null, rTotalCount=null, rTotalUsed=null, rCurrentCount=null, vinType='null', remark='null', createTime=null, updateTime=null, createBy='null', updateBy='null', countBy=null, first=null, second=null, third=null, four=null, five=null, six=null}
