2019-07-03 09:32:44.700 [main] INFO  com.avenir.AvenirApplication - Starting AvenirApplication on DESKTOP-QIA32CU with PID 4316 (E:\Avenir\target\classes started by dell in E:\Avenir)
2019-07-03 09:32:44.704 [main] INFO  com.avenir.AvenirApplication - No active profile set, falling back to default profiles: default
2019-07-03 09:32:46.636 [main] INFO  org.springframework.boot.web.embedded.tomcat.TomcatWebServer - Tomcat initialized with port(s): 8088 (http)
2019-07-03 09:32:46.651 [main] INFO  org.apache.coyote.http11.Http11NioProtocol - Initializing ProtocolHandler ["http-nio-8088"]
2019-07-03 09:32:46.660 [main] INFO  org.apache.catalina.core.StandardService - Starting service [Tomcat]
2019-07-03 09:32:46.661 [main] INFO  org.apache.catalina.core.StandardEngine - Starting Servlet engine: [Apache Tomcat/9.0.17]
2019-07-03 09:32:46.669 [main] INFO  org.apache.catalina.core.AprLifecycleListener - An older version [1.2.14] of the APR based Apache Tomcat Native library is installed, while Tomcat recommends a minimum version of [1.2.21]
2019-07-03 09:32:46.669 [main] INFO  org.apache.catalina.core.AprLifecycleListener - Loaded APR based Apache Tomcat Native library [1.2.14] using APR version [1.6.2].
2019-07-03 09:32:46.669 [main] INFO  org.apache.catalina.core.AprLifecycleListener - APR capabilities: IPv6 [true], sendfile [true], accept filters [false], random [true].
2019-07-03 09:32:46.669 [main] INFO  org.apache.catalina.core.AprLifecycleListener - APR/OpenSSL configuration: useAprConnector [false], useOpenSSL [true]
2019-07-03 09:32:47.950 [main] INFO  org.apache.catalina.core.AprLifecycleListener - OpenSSL successfully initialized [OpenSSL 1.0.2l  25 May 2017]
2019-07-03 09:32:48.089 [main] INFO  org.apache.catalina.core.ContainerBase.[Tomcat].[localhost].[/] - Initializing Spring embedded WebApplicationContext
2019-07-03 09:32:48.089 [main] INFO  org.springframework.web.context.ContextLoader - Root WebApplicationContext: initialization completed in 3331 ms
2019-07-03 09:32:48.974 [main] INFO  org.springframework.scheduling.concurrent.ThreadPoolTaskExecutor - Initializing ExecutorService 'applicationTaskExecutor'
2019-07-03 09:32:50.129 [main] INFO  org.apache.coyote.http11.Http11NioProtocol - Starting ProtocolHandler ["http-nio-8088"]
2019-07-03 09:32:50.310 [main] INFO  org.springframework.boot.web.embedded.tomcat.TomcatWebServer - Tomcat started on port(s): 8088 (http) with context path ''
2019-07-03 09:32:50.319 [main] INFO  com.avenir.AvenirApplication - Started AvenirApplication in 6.089 seconds (JVM running for 8.02)
2019-07-03 10:10:13.728 [http-nio-8088-exec-1] INFO  org.apache.catalina.core.ContainerBase.[Tomcat].[localhost].[/] - Initializing Spring DispatcherServlet 'dispatcherServlet'
2019-07-03 10:10:13.728 [http-nio-8088-exec-1] INFO  org.springframework.web.servlet.DispatcherServlet - Initializing Servlet 'dispatcherServlet'
2019-07-03 10:10:13.738 [http-nio-8088-exec-1] INFO  org.springframework.web.servlet.DispatcherServlet - Completed initialization in 10 ms
2019-07-03 10:10:19.933 [http-nio-8088-exec-6] INFO  com.avenir.utils.LogUtils - 查询车主信息：Users{id=null, vin='', userName='null', userIdWx='null', openId='null', phone='null', serviceCard='', serviceCardOld='null', serviceType='null', carType='null', carLicense='null', idNo='null', driverNo='null', userAddr='null', invoiceTime=null, reportTime=null, dueTime=null, dueCount=null, aTotalCount=null, aTotalUsed=null, aCurrentCount=null, pTotalCount=null, pTotalUsed=null, pCurrentCount=null, rTotalCount=null, rTotalUsed=null, rCurrentCount=null, vinType='null', remark='null', createTime=null, updateTime=null, createBy='null', updateBy='null', countBy=null, first=null, second=null, third=null, four=null, five=null, six=null}
2019-07-03 10:10:19.936 [http-nio-8088-exec-5] INFO  com.zaxxer.hikari.HikariDataSource - HikariPool-1 - Starting...
2019-07-03 10:10:20.092 [http-nio-8088-exec-5] INFO  com.zaxxer.hikari.HikariDataSource - HikariPool-1 - Start completed.
2019-07-03 10:23:26.996 [http-nio-8088-exec-2] INFO  com.avenir.utils.LogUtils - 查询车主信息：Users{id=null, vin='', userName='null', userIdWx='null', openId='null', phone='null', serviceCard='', serviceCardOld='null', serviceType='null', carType='null', carLicense='null', idNo='null', driverNo='null', userAddr='null', invoiceTime=null, reportTime=null, dueTime=null, dueCount=null, aTotalCount=null, aTotalUsed=null, aCurrentCount=null, pTotalCount=null, pTotalUsed=null, pCurrentCount=null, rTotalCount=null, rTotalUsed=null, rCurrentCount=null, vinType='null', remark='null', createTime=null, updateTime=null, createBy='null', updateBy='null', countBy=null, first=null, second=null, third=null, four=null, five=null, six=null}
2019-07-03 10:40:38.046 [http-nio-8088-exec-5] INFO  com.avenir.utils.LogUtils - 查询车主信息：Users{id=null, vin='', userName='null', userIdWx='null', openId='null', phone='null', serviceCard='', serviceCardOld='null', serviceType='null', carType='null', carLicense='null', idNo='null', driverNo='null', userAddr='null', invoiceTime=null, reportTime=null, dueTime=null, dueCount=null, aTotalCount=null, aTotalUsed=null, aCurrentCount=null, pTotalCount=null, pTotalUsed=null, pCurrentCount=null, rTotalCount=null, rTotalUsed=null, rCurrentCount=null, vinType='null', remark='null', createTime=null, updateTime=null, createBy='null', updateBy='null', countBy=null, first=null, second=null, third=null, four=null, five=null, six=null}
2019-07-03 10:41:06.265 [http-nio-8088-exec-7] INFO  com.avenir.utils.LogUtils - 添加user信息：Users{id=11333, vin='LSGZJ55L9KH060579', userName='邹里', userIdWx='null', openId='null', phone='18664577596', serviceCard='013521', serviceCardOld='', serviceType='2', carType='2019款君越', carLicense='null', idNo='null', driverNo='null', userAddr='null', invoiceTime=Fri Jun 21 00:00:00 CST 2019, reportTime=Sun Jun 23 00:00:00 CST 2019, dueTime=Sun Jun 23 00:00:00 CST 2024, dueCount=5, aTotalCount=20, aTotalUsed=2, aCurrentCount=4, pTotalCount=20, pTotalUsed=0, pCurrentCount=4, rTotalCount=5, rTotalUsed=0, rCurrentCount=1, vinType='1,2,4', remark='null', createTime=Wed Jun 05 16:00:52 CST 2019, updateTime=Thu Jun 27 19:30:21 CST 2019, createBy='admin', updateBy='admin', countBy=null, first=null, second=null, third=null, four=null, five=null, six=null}
2019-07-03 10:41:06.326 [http-nio-8088-exec-8] INFO  com.avenir.utils.LogUtils - 查询车主信息：Users{id=null, vin='', userName='null', userIdWx='null', openId='null', phone='null', serviceCard='', serviceCardOld='null', serviceType='null', carType='null', carLicense='null', idNo='null', driverNo='null', userAddr='null', invoiceTime=null, reportTime=null, dueTime=null, dueCount=null, aTotalCount=null, aTotalUsed=null, aCurrentCount=null, pTotalCount=null, pTotalUsed=null, pCurrentCount=null, rTotalCount=null, rTotalUsed=null, rCurrentCount=null, vinType='null', remark='null', createTime=null, updateTime=null, createBy='null', updateBy='null', countBy=null, first=null, second=null, third=null, four=null, five=null, six=null}
2019-07-03 10:41:46.724 [http-nio-8088-exec-10] INFO  com.avenir.utils.LogUtils - 添加user信息：Users{id=11333, vin='LSGZJ55L9KH060579', userName='邹里', userIdWx='null', openId='null', phone='18664577596', serviceCard='013521', serviceCardOld='', serviceType='2', carType='2019款君越', carLicense='null', idNo='null', driverNo='null', userAddr='null', invoiceTime=Fri Jun 21 00:00:00 CST 2019, reportTime=Sun Jun 23 00:00:00 CST 2019, dueTime=Sun Jun 23 00:00:00 CST 2024, dueCount=5, aTotalCount=20, aTotalUsed=2, aCurrentCount=4, pTotalCount=20, pTotalUsed=0, pCurrentCount=4, rTotalCount=5, rTotalUsed=0, rCurrentCount=1, vinType='1,2,4', remark='null', createTime=Wed Jun 05 16:00:52 CST 2019, updateTime=Thu Jun 27 19:30:21 CST 2019, createBy='admin', updateBy='admin', countBy=null, first=null, second=null, third=null, four=null, five=null, six=null}
2019-07-03 10:59:12.462 [main] INFO  com.avenir.AvenirApplication - Starting AvenirApplication on DESKTOP-QIA32CU with PID 16200 (E:\Avenir\target\classes started by dell in E:\Avenir)
2019-07-03 10:59:12.465 [main] INFO  com.avenir.AvenirApplication - No active profile set, falling back to default profiles: default
2019-07-03 10:59:13.673 [main] INFO  org.springframework.boot.web.embedded.tomcat.TomcatWebServer - Tomcat initialized with port(s): 8088 (http)
2019-07-03 10:59:13.688 [main] INFO  org.apache.coyote.http11.Http11NioProtocol - Initializing ProtocolHandler ["http-nio-8088"]
2019-07-03 10:59:13.699 [main] INFO  org.apache.catalina.core.StandardService - Starting service [Tomcat]
2019-07-03 10:59:13.699 [main] INFO  org.apache.catalina.core.StandardEngine - Starting Servlet engine: [Apache Tomcat/9.0.17]
2019-07-03 10:59:13.707 [main] INFO  org.apache.catalina.core.AprLifecycleListener - An older version [1.2.14] of the APR based Apache Tomcat Native library is installed, while Tomcat recommends a minimum version of [1.2.21]
2019-07-03 10:59:13.707 [main] INFO  org.apache.catalina.core.AprLifecycleListener - Loaded APR based Apache Tomcat Native library [1.2.14] using APR version [1.6.2].
2019-07-03 10:59:13.707 [main] INFO  org.apache.catalina.core.AprLifecycleListener - APR capabilities: IPv6 [true], sendfile [true], accept filters [false], random [true].
2019-07-03 10:59:13.707 [main] INFO  org.apache.catalina.core.AprLifecycleListener - APR/OpenSSL configuration: useAprConnector [false], useOpenSSL [true]
2019-07-03 10:59:14.778 [main] INFO  org.apache.catalina.core.AprLifecycleListener - OpenSSL successfully initialized [OpenSSL 1.0.2l  25 May 2017]
2019-07-03 10:59:14.884 [main] INFO  org.apache.catalina.core.ContainerBase.[Tomcat].[localhost].[/] - Initializing Spring embedded WebApplicationContext
2019-07-03 10:59:14.885 [main] INFO  org.springframework.web.context.ContextLoader - Root WebApplicationContext: initialization completed in 2364 ms
2019-07-03 10:59:15.478 [main] INFO  org.springframework.scheduling.concurrent.ThreadPoolTaskExecutor - Initializing ExecutorService 'applicationTaskExecutor'
2019-07-03 10:59:15.679 [main] INFO  org.apache.coyote.http11.Http11NioProtocol - Starting ProtocolHandler ["http-nio-8088"]
2019-07-03 10:59:15.704 [main] INFO  org.springframework.boot.web.embedded.tomcat.TomcatWebServer - Tomcat started on port(s): 8088 (http) with context path ''
2019-07-03 10:59:15.707 [main] INFO  com.avenir.AvenirApplication - Started AvenirApplication in 3.626 seconds (JVM running for 4.697)
2019-07-03 10:59:18.527 [http-nio-8088-exec-3] INFO  org.apache.catalina.core.ContainerBase.[Tomcat].[localhost].[/] - Initializing Spring DispatcherServlet 'dispatcherServlet'
2019-07-03 10:59:18.527 [http-nio-8088-exec-3] INFO  org.springframework.web.servlet.DispatcherServlet - Initializing Servlet 'dispatcherServlet'
2019-07-03 10:59:18.534 [http-nio-8088-exec-3] INFO  org.springframework.web.servlet.DispatcherServlet - Completed initialization in 7 ms
2019-07-03 10:59:18.758 [http-nio-8088-exec-4] INFO  com.zaxxer.hikari.HikariDataSource - HikariPool-1 - Starting...
2019-07-03 10:59:18.872 [http-nio-8088-exec-4] INFO  com.zaxxer.hikari.HikariDataSource - HikariPool-1 - Start completed.
2019-07-03 10:59:53.633 [http-nio-8088-exec-8] INFO  com.avenir.utils.LogUtils - 查询车主信息：Users{id=null, vin='', userName='null', userIdWx='null', openId='null', phone='null', serviceCard='', serviceCardOld='null', serviceType='null', carType='null', carLicense='null', idNo='null', driverNo='null', userAddr='null', invoiceTime=null, reportTime=null, dueTime=null, dueCount=null, aTotalCount=null, aTotalUsed=null, aCurrentCount=null, pTotalCount=null, pTotalUsed=null, pCurrentCount=null, rTotalCount=null, rTotalUsed=null, rCurrentCount=null, vinType='null', remark='null', createTime=null, updateTime=null, createBy='null', updateBy='null', countBy=null, first=null, second=null, third=null, four=null, five=null, six=null}
2019-07-03 11:01:04.123 [http-nio-8088-exec-3] INFO  com.avenir.utils.LogUtils - 查询车主信息：Users{id=null, vin='', userName='null', userIdWx='null', openId='null', phone='null', serviceCard='', serviceCardOld='null', serviceType='null', carType='null', carLicense='null', idNo='null', driverNo='null', userAddr='null', invoiceTime=null, reportTime=null, dueTime=null, dueCount=null, aTotalCount=null, aTotalUsed=null, aCurrentCount=null, pTotalCount=null, pTotalUsed=null, pCurrentCount=null, rTotalCount=null, rTotalUsed=null, rCurrentCount=null, vinType='null', remark='null', createTime=null, updateTime=null, createBy='null', updateBy='null', countBy=null, first=null, second=null, third=null, four=null, five=null, six=null}
2019-07-03 11:01:15.025 [http-nio-8088-exec-4] INFO  com.avenir.utils.LogUtils - 添加user信息：Users{id=11333, vin='LSGZJ55L9KH060579', userName='邹里', userIdWx='null', openId='null', phone='186654', serviceCard='013521', serviceCardOld='', serviceType='2', carType='2019款君越', carLicense='null', idNo='null', driverNo='null', userAddr='null', invoiceTime=Fri Jun 21 00:00:00 CST 2019, reportTime=Sun Jun 23 00:00:00 CST 2019, dueTime=Sun Jun 23 00:00:00 CST 2024, dueCount=5, aTotalCount=20, aTotalUsed=2, aCurrentCount=4, pTotalCount=20, pTotalUsed=0, pCurrentCount=4, rTotalCount=5, rTotalUsed=0, rCurrentCount=1, vinType='1,2,4', remark='null', createTime=Wed Jun 05 16:00:52 CST 2019, updateTime=Thu Jun 27 19:30:21 CST 2019, createBy='admin', updateBy='admin', countBy=null, first=null, second=null, third=null, four=null, five=null, six=null}
2019-07-03 11:02:21.369 [http-nio-8088-exec-5] INFO  com.avenir.utils.LogUtils - 查询车主信息：Users{id=null, vin='', userName='null', userIdWx='null', openId='null', phone='null', serviceCard='', serviceCardOld='null', serviceType='null', carType='null', carLicense='null', idNo='null', driverNo='null', userAddr='null', invoiceTime=null, reportTime=null, dueTime=null, dueCount=null, aTotalCount=null, aTotalUsed=null, aCurrentCount=null, pTotalCount=null, pTotalUsed=null, pCurrentCount=null, rTotalCount=null, rTotalUsed=null, rCurrentCount=null, vinType='null', remark='null', createTime=null, updateTime=null, createBy='null', updateBy='null', countBy=null, first=null, second=null, third=null, four=null, five=null, six=null}
2019-07-03 11:03:40.677 [main] INFO  com.avenir.AvenirApplication - Starting AvenirApplication on DESKTOP-QIA32CU with PID 8164 (E:\Avenir\target\classes started by dell in E:\Avenir)
2019-07-03 11:03:40.681 [main] INFO  com.avenir.AvenirApplication - No active profile set, falling back to default profiles: default
2019-07-03 11:03:41.911 [main] INFO  org.springframework.boot.web.embedded.tomcat.TomcatWebServer - Tomcat initialized with port(s): 8088 (http)
2019-07-03 11:03:41.924 [main] INFO  org.apache.coyote.http11.Http11NioProtocol - Initializing ProtocolHandler ["http-nio-8088"]
2019-07-03 11:03:41.933 [main] INFO  org.apache.catalina.core.StandardService - Starting service [Tomcat]
2019-07-03 11:03:41.934 [main] INFO  org.apache.catalina.core.StandardEngine - Starting Servlet engine: [Apache Tomcat/9.0.17]
2019-07-03 11:03:41.942 [main] INFO  org.apache.catalina.core.AprLifecycleListener - An older version [1.2.14] of the APR based Apache Tomcat Native library is installed, while Tomcat recommends a minimum version of [1.2.21]
2019-07-03 11:03:41.942 [main] INFO  org.apache.catalina.core.AprLifecycleListener - Loaded APR based Apache Tomcat Native library [1.2.14] using APR version [1.6.2].
2019-07-03 11:03:41.942 [main] INFO  org.apache.catalina.core.AprLifecycleListener - APR capabilities: IPv6 [true], sendfile [true], accept filters [false], random [true].
2019-07-03 11:03:41.943 [main] INFO  org.apache.catalina.core.AprLifecycleListener - APR/OpenSSL configuration: useAprConnector [false], useOpenSSL [true]
2019-07-03 11:03:43.010 [main] INFO  org.apache.catalina.core.AprLifecycleListener - OpenSSL successfully initialized [OpenSSL 1.0.2l  25 May 2017]
2019-07-03 11:03:43.157 [main] INFO  org.apache.catalina.core.ContainerBase.[Tomcat].[localhost].[/] - Initializing Spring embedded WebApplicationContext
2019-07-03 11:03:43.157 [main] INFO  org.springframework.web.context.ContextLoader - Root WebApplicationContext: initialization completed in 2415 ms
2019-07-03 11:03:43.758 [main] INFO  org.springframework.scheduling.concurrent.ThreadPoolTaskExecutor - Initializing ExecutorService 'applicationTaskExecutor'
2019-07-03 11:03:43.972 [main] INFO  org.apache.coyote.http11.Http11NioProtocol - Starting ProtocolHandler ["http-nio-8088"]
2019-07-03 11:03:43.997 [main] INFO  org.springframework.boot.web.embedded.tomcat.TomcatWebServer - Tomcat started on port(s): 8088 (http) with context path ''
2019-07-03 11:03:44.000 [main] INFO  com.avenir.AvenirApplication - Started AvenirApplication in 3.707 seconds (JVM running for 4.732)
2019-07-03 11:03:55.272 [http-nio-8088-exec-1] INFO  org.apache.catalina.core.ContainerBase.[Tomcat].[localhost].[/] - Initializing Spring DispatcherServlet 'dispatcherServlet'
2019-07-03 11:03:55.272 [http-nio-8088-exec-1] INFO  org.springframework.web.servlet.DispatcherServlet - Initializing Servlet 'dispatcherServlet'
2019-07-03 11:03:55.277 [http-nio-8088-exec-1] INFO  org.springframework.web.servlet.DispatcherServlet - Completed initialization in 5 ms
2019-07-03 11:03:55.415 [http-nio-8088-exec-2] INFO  com.avenir.utils.LogUtils - 添加user信息：Users{id=11333, vin='LSGZJ55L9KH060579', userName='邹里', userIdWx='null', openId='null', phone='6548', serviceCard='013521', serviceCardOld='', serviceType='2', carType='2019款君越', carLicense='null', idNo='null', driverNo='null', userAddr='null', invoiceTime=Fri Jun 21 00:00:00 CST 2019, reportTime=Sun Jun 23 00:00:00 CST 2019, dueTime=Sun Jun 23 00:00:00 CST 2024, dueCount=5, aTotalCount=20, aTotalUsed=2, aCurrentCount=4, pTotalCount=20, pTotalUsed=0, pCurrentCount=4, rTotalCount=5, rTotalUsed=0, rCurrentCount=1, vinType='1,2,4', remark='null', createTime=Wed Jun 05 16:00:52 CST 2019, updateTime=Thu Jun 27 19:30:21 CST 2019, createBy='admin', updateBy='admin', countBy=null, first=null, second=null, third=null, four=null, five=null, six=null}
2019-07-03 11:03:55.434 [http-nio-8088-exec-2] INFO  com.zaxxer.hikari.HikariDataSource - HikariPool-1 - Starting...
2019-07-03 11:03:55.562 [http-nio-8088-exec-2] INFO  com.zaxxer.hikari.HikariDataSource - HikariPool-1 - Start completed.
2019-07-03 11:04:03.163 [http-nio-8088-exec-3] INFO  com.avenir.utils.LogUtils - 查询车主信息：Users{id=null, vin='', userName='null', userIdWx='null', openId='null', phone='null', serviceCard='', serviceCardOld='null', serviceType='null', carType='null', carLicense='null', idNo='null', driverNo='null', userAddr='null', invoiceTime=null, reportTime=null, dueTime=null, dueCount=null, aTotalCount=null, aTotalUsed=null, aCurrentCount=null, pTotalCount=null, pTotalUsed=null, pCurrentCount=null, rTotalCount=null, rTotalUsed=null, rCurrentCount=null, vinType='null', remark='null', createTime=null, updateTime=null, createBy='null', updateBy='null', countBy=null, first=null, second=null, third=null, four=null, five=null, six=null}
2019-07-03 11:04:41.152 [main] INFO  com.avenir.AvenirApplication - Starting AvenirApplication on DESKTOP-QIA32CU with PID 31808 (E:\Avenir\target\classes started by dell in E:\Avenir)
2019-07-03 11:04:41.155 [main] INFO  com.avenir.AvenirApplication - No active profile set, falling back to default profiles: default
2019-07-03 11:04:42.330 [main] INFO  org.springframework.boot.web.embedded.tomcat.TomcatWebServer - Tomcat initialized with port(s): 8088 (http)
2019-07-03 11:04:42.350 [main] INFO  org.apache.coyote.http11.Http11NioProtocol - Initializing ProtocolHandler ["http-nio-8088"]
2019-07-03 11:04:42.360 [main] INFO  org.apache.catalina.core.StandardService - Starting service [Tomcat]
2019-07-03 11:04:42.361 [main] INFO  org.apache.catalina.core.StandardEngine - Starting Servlet engine: [Apache Tomcat/9.0.17]
2019-07-03 11:04:42.369 [main] INFO  org.apache.catalina.core.AprLifecycleListener - An older version [1.2.14] of the APR based Apache Tomcat Native library is installed, while Tomcat recommends a minimum version of [1.2.21]
2019-07-03 11:04:42.369 [main] INFO  org.apache.catalina.core.AprLifecycleListener - Loaded APR based Apache Tomcat Native library [1.2.14] using APR version [1.6.2].
2019-07-03 11:04:42.369 [main] INFO  org.apache.catalina.core.AprLifecycleListener - APR capabilities: IPv6 [true], sendfile [true], accept filters [false], random [true].
2019-07-03 11:04:42.369 [main] INFO  org.apache.catalina.core.AprLifecycleListener - APR/OpenSSL configuration: useAprConnector [false], useOpenSSL [true]
2019-07-03 11:04:43.439 [main] INFO  org.apache.catalina.core.AprLifecycleListener - OpenSSL successfully initialized [OpenSSL 1.0.2l  25 May 2017]
2019-07-03 11:04:43.545 [main] INFO  org.apache.catalina.core.ContainerBase.[Tomcat].[localhost].[/] - Initializing Spring embedded WebApplicationContext
2019-07-03 11:04:43.545 [main] INFO  org.springframework.web.context.ContextLoader - Root WebApplicationContext: initialization completed in 2339 ms
2019-07-03 11:04:44.123 [main] INFO  org.springframework.scheduling.concurrent.ThreadPoolTaskExecutor - Initializing ExecutorService 'applicationTaskExecutor'
2019-07-03 11:04:44.316 [main] INFO  org.apache.coyote.http11.Http11NioProtocol - Starting ProtocolHandler ["http-nio-8088"]
2019-07-03 11:04:44.340 [main] INFO  org.springframework.boot.web.embedded.tomcat.TomcatWebServer - Tomcat started on port(s): 8088 (http) with context path ''
2019-07-03 11:04:44.344 [main] INFO  com.avenir.AvenirApplication - Started AvenirApplication in 3.551 seconds (JVM running for 4.585)
2019-07-03 11:04:56.872 [http-nio-8088-exec-1] INFO  org.apache.catalina.core.ContainerBase.[Tomcat].[localhost].[/] - Initializing Spring DispatcherServlet 'dispatcherServlet'
2019-07-03 11:04:56.872 [http-nio-8088-exec-1] INFO  org.springframework.web.servlet.DispatcherServlet - Initializing Servlet 'dispatcherServlet'
2019-07-03 11:04:56.880 [http-nio-8088-exec-1] INFO  org.springframework.web.servlet.DispatcherServlet - Completed initialization in 8 ms
2019-07-03 11:04:57.030 [http-nio-8088-exec-2] INFO  com.avenir.utils.LogUtils - 添加user信息：Users{id=11333, vin='LSGZJ55L9KH060579', userName='邹里', userIdWx='null', openId='null', phone='565954', serviceCard='013521', serviceCardOld='', serviceType='2', carType='2019款君越', carLicense='null', idNo='null', driverNo='null', userAddr='null', invoiceTime=Fri Jun 21 00:00:00 CST 2019, reportTime=Sun Jun 23 00:00:00 CST 2019, dueTime=Sun Jun 23 00:00:00 CST 2024, dueCount=5, aTotalCount=20, aTotalUsed=2, aCurrentCount=4, pTotalCount=20, pTotalUsed=0, pCurrentCount=4, rTotalCount=5, rTotalUsed=0, rCurrentCount=1, vinType='1,2,4', remark='null', createTime=Wed Jun 05 16:00:52 CST 2019, updateTime=Thu Jun 27 19:30:21 CST 2019, createBy='admin', updateBy='admin', countBy=null, first=null, second=null, third=null, four=null, five=null, six=null}
2019-07-03 11:04:57.049 [http-nio-8088-exec-2] INFO  com.zaxxer.hikari.HikariDataSource - HikariPool-1 - Starting...
2019-07-03 11:04:57.184 [http-nio-8088-exec-2] INFO  com.zaxxer.hikari.HikariDataSource - HikariPool-1 - Start completed.
2019-07-03 11:05:00.335 [http-nio-8088-exec-2] ERROR com.avenir.utils.LogUtils - syntax error, pos 1, json : <script type="text/javascript">location.href='http://dev.hibuick.com.cn/index.php/';</script>
2019-07-03 11:05:00.335 [http-nio-8088-exec-2] INFO  com.avenir.utils.LogUtils - >>>>>>>>>>>>推送车主信息结果： [{"card_no":"013521","mobile":"565954","vin":"LSGZJ55L9KH060579","card_type":2}],结果：推送失败
2019-07-03 11:05:00.418 [http-nio-8088-exec-3] INFO  com.avenir.utils.LogUtils - 查询车主信息：Users{id=null, vin='', userName='null', userIdWx='null', openId='null', phone='null', serviceCard='', serviceCardOld='null', serviceType='null', carType='null', carLicense='null', idNo='null', driverNo='null', userAddr='null', invoiceTime=null, reportTime=null, dueTime=null, dueCount=null, aTotalCount=null, aTotalUsed=null, aCurrentCount=null, pTotalCount=null, pTotalUsed=null, pCurrentCount=null, rTotalCount=null, rTotalUsed=null, rCurrentCount=null, vinType='null', remark='null', createTime=null, updateTime=null, createBy='null', updateBy='null', countBy=null, first=null, second=null, third=null, four=null, five=null, six=null}
2019-07-03 11:05:06.025 [http-nio-8088-exec-5] INFO  com.avenir.utils.LogUtils - 添加user信息：Users{id=11333, vin='LSGZJ55L9KH060579', userName='邹里', userIdWx='null', openId='null', phone='18578800196', serviceCard='013521', serviceCardOld='', serviceType='2', carType='2019款君越', carLicense='null', idNo='null', driverNo='null', userAddr='null', invoiceTime=Fri Jun 21 00:00:00 CST 2019, reportTime=Sun Jun 23 00:00:00 CST 2019, dueTime=Sun Jun 23 00:00:00 CST 2024, dueCount=5, aTotalCount=20, aTotalUsed=2, aCurrentCount=4, pTotalCount=20, pTotalUsed=0, pCurrentCount=4, rTotalCount=5, rTotalUsed=0, rCurrentCount=1, vinType='1,2,4', remark='null', createTime=Wed Jun 05 16:00:52 CST 2019, updateTime=Wed Jul 03 11:05:00 CST 2019, createBy='admin', updateBy='admin', countBy=null, first=null, second=null, third=null, four=null, five=null, six=null}
2019-07-03 11:05:06.177 [http-nio-8088-exec-5] ERROR com.avenir.utils.LogUtils - syntax error, pos 1, json : <script type="text/javascript">location.href='http://dev.hibuick.com.cn/index.php/';</script>
2019-07-03 11:05:06.177 [http-nio-8088-exec-5] INFO  com.avenir.utils.LogUtils - >>>>>>>>>>>>推送车主信息结果： [{"card_no":"013521","mobile":"18578800196","vin":"LSGZJ55L9KH060579","card_type":2}],结果：推送失败
2019-07-03 11:05:06.205 [http-nio-8088-exec-6] INFO  com.avenir.utils.LogUtils - 查询车主信息：Users{id=null, vin='', userName='null', userIdWx='null', openId='null', phone='null', serviceCard='', serviceCardOld='null', serviceType='null', carType='null', carLicense='null', idNo='null', driverNo='null', userAddr='null', invoiceTime=null, reportTime=null, dueTime=null, dueCount=null, aTotalCount=null, aTotalUsed=null, aCurrentCount=null, pTotalCount=null, pTotalUsed=null, pCurrentCount=null, rTotalCount=null, rTotalUsed=null, rCurrentCount=null, vinType='null', remark='null', createTime=null, updateTime=null, createBy='null', updateBy='null', countBy=null, first=null, second=null, third=null, four=null, five=null, six=null}
2019-07-03 11:05:37.294 [http-nio-8088-exec-8] INFO  com.avenir.utils.LogUtils - 添加user信息：Users{id=11333, vin='LSGZJ55L7KH081639', userName='邹里', userIdWx='null', openId='null', phone='18578800196', serviceCard='013521', serviceCardOld='', serviceType='2', carType='2019款君越', carLicense='null', idNo='null', driverNo='null', userAddr='null', invoiceTime=Fri Jun 21 00:00:00 CST 2019, reportTime=Sun Jun 23 00:00:00 CST 2019, dueTime=Sun Jun 23 00:00:00 CST 2024, dueCount=5, aTotalCount=20, aTotalUsed=2, aCurrentCount=4, pTotalCount=20, pTotalUsed=0, pCurrentCount=4, rTotalCount=5, rTotalUsed=0, rCurrentCount=1, vinType='1,2,4', remark='null', createTime=Wed Jun 05 16:00:52 CST 2019, updateTime=Wed Jul 03 11:05:06 CST 2019, createBy='admin', updateBy='admin', countBy=null, first=null, second=null, third=null, four=null, five=null, six=null}
2019-07-03 11:05:37.361 [http-nio-8088-exec-9] INFO  com.avenir.utils.LogUtils - 查询车主信息：Users{id=null, vin='', userName='null', userIdWx='null', openId='null', phone='null', serviceCard='', serviceCardOld='null', serviceType='null', carType='null', carLicense='null', idNo='null', driverNo='null', userAddr='null', invoiceTime=null, reportTime=null, dueTime=null, dueCount=null, aTotalCount=null, aTotalUsed=null, aCurrentCount=null, pTotalCount=null, pTotalUsed=null, pCurrentCount=null, rTotalCount=null, rTotalUsed=null, rCurrentCount=null, vinType='null', remark='null', createTime=null, updateTime=null, createBy='null', updateBy='null', countBy=null, first=null, second=null, third=null, four=null, five=null, six=null}
2019-07-03 11:06:00.494 [http-nio-8088-exec-1] INFO  com.avenir.utils.LogUtils - 添加user信息：Users{id=null, vin='LSGZJ55L7KH081639', userName='', userIdWx='null', openId='', phone='1855', serviceCard='2484515', serviceCardOld='', serviceType='0', carType='2019款君越', carLicense='', idNo='', driverNo='', userAddr='', invoiceTime=null, reportTime=Tue Jul 02 00:00:00 CST 2019, dueTime=Tue Jul 02 00:00:00 CST 2024, dueCount=5, aTotalCount=20, aTotalUsed=0, aCurrentCount=4, pTotalCount=20, pTotalUsed=0, pCurrentCount=4, rTotalCount=5, rTotalUsed=0, rCurrentCount=1, vinType='1,2,4', remark='', createTime=null, updateTime=null, createBy='admin', updateBy='null', countBy=null, first=null, second=null, third=null, four=null, five=null, six=null}
2019-07-03 11:06:00.552 [http-nio-8088-exec-2] INFO  com.avenir.utils.LogUtils - 查询车主信息：Users{id=null, vin='', userName='null', userIdWx='null', openId='null', phone='null', serviceCard='', serviceCardOld='null', serviceType='null', carType='null', carLicense='null', idNo='null', driverNo='null', userAddr='null', invoiceTime=null, reportTime=null, dueTime=null, dueCount=null, aTotalCount=null, aTotalUsed=null, aCurrentCount=null, pTotalCount=null, pTotalUsed=null, pCurrentCount=null, rTotalCount=null, rTotalUsed=null, rCurrentCount=null, vinType='null', remark='null', createTime=null, updateTime=null, createBy='null', updateBy='null', countBy=null, first=null, second=null, third=null, four=null, five=null, six=null}
2019-07-03 11:06:17.479 [http-nio-8088-exec-4] INFO  com.avenir.utils.LogUtils - 添加user信息：Users{id=11333, vin='LSGZJ55L9KH060578', userName='邹里', userIdWx='null', openId='null', phone='18578800196', serviceCard='013521', serviceCardOld='', serviceType='2', carType='2019款君越', carLicense='null', idNo='null', driverNo='null', userAddr='null', invoiceTime=Fri Jun 21 00:00:00 CST 2019, reportTime=Sun Jun 23 00:00:00 CST 2019, dueTime=Sun Jun 23 00:00:00 CST 2024, dueCount=5, aTotalCount=20, aTotalUsed=2, aCurrentCount=4, pTotalCount=20, pTotalUsed=0, pCurrentCount=4, rTotalCount=5, rTotalUsed=0, rCurrentCount=1, vinType='1,2,4', remark='null', createTime=Wed Jun 05 16:00:52 CST 2019, updateTime=Wed Jul 03 11:05:06 CST 2019, createBy='admin', updateBy='admin', countBy=null, first=null, second=null, third=null, four=null, five=null, six=null}
2019-07-03 11:06:17.615 [http-nio-8088-exec-4] ERROR com.avenir.utils.LogUtils - syntax error, pos 1, json : <script type="text/javascript">location.href='http://dev.hibuick.com.cn/index.php/';</script>
2019-07-03 11:06:17.615 [http-nio-8088-exec-4] INFO  com.avenir.utils.LogUtils - >>>>>>>>>>>>推送车主信息结果： [{"card_no":"013521","mobile":"18578800196","vin":"LSGZJ55L9KH060578","card_type":2}],结果：推送失败
2019-07-03 11:06:17.644 [http-nio-8088-exec-5] INFO  com.avenir.utils.LogUtils - 查询车主信息：Users{id=null, vin='', userName='null', userIdWx='null', openId='null', phone='null', serviceCard='', serviceCardOld='null', serviceType='null', carType='null', carLicense='null', idNo='null', driverNo='null', userAddr='null', invoiceTime=null, reportTime=null, dueTime=null, dueCount=null, aTotalCount=null, aTotalUsed=null, aCurrentCount=null, pTotalCount=null, pTotalUsed=null, pCurrentCount=null, rTotalCount=null, rTotalUsed=null, rCurrentCount=null, vinType='null', remark='null', createTime=null, updateTime=null, createBy='null', updateBy='null', countBy=null, first=null, second=null, third=null, four=null, five=null, six=null}
2019-07-03 11:06:24.422 [http-nio-8088-exec-7] INFO  com.avenir.utils.LogUtils - 添加user信息：Users{id=11333, vin='LSGZJ55L9KH060579', userName='邹里', userIdWx='null', openId='null', phone='18578800196', serviceCard='013521', serviceCardOld='', serviceType='2', carType='2019款君越', carLicense='null', idNo='null', driverNo='null', userAddr='null', invoiceTime=Fri Jun 21 00:00:00 CST 2019, reportTime=Sun Jun 23 00:00:00 CST 2019, dueTime=Sun Jun 23 00:00:00 CST 2024, dueCount=5, aTotalCount=20, aTotalUsed=2, aCurrentCount=4, pTotalCount=20, pTotalUsed=0, pCurrentCount=4, rTotalCount=5, rTotalUsed=0, rCurrentCount=1, vinType='1,2,4', remark='null', createTime=Wed Jun 05 16:00:52 CST 2019, updateTime=Wed Jul 03 11:06:18 CST 2019, createBy='admin', updateBy='admin', countBy=null, first=null, second=null, third=null, four=null, five=null, six=null}
2019-07-03 11:06:24.547 [http-nio-8088-exec-7] ERROR com.avenir.utils.LogUtils - syntax error, pos 1, json : <script type="text/javascript">location.href='http://dev.hibuick.com.cn/index.php/';</script>
2019-07-03 11:06:24.548 [http-nio-8088-exec-7] INFO  com.avenir.utils.LogUtils - >>>>>>>>>>>>推送车主信息结果： [{"card_no":"013521","mobile":"18578800196","vin":"LSGZJ55L9KH060579","card_type":2}],结果：推送失败
2019-07-03 11:06:24.574 [http-nio-8088-exec-8] INFO  com.avenir.utils.LogUtils - 查询车主信息：Users{id=null, vin='', userName='null', userIdWx='null', openId='null', phone='null', serviceCard='', serviceCardOld='null', serviceType='null', carType='null', carLicense='null', idNo='null', driverNo='null', userAddr='null', invoiceTime=null, reportTime=null, dueTime=null, dueCount=null, aTotalCount=null, aTotalUsed=null, aCurrentCount=null, pTotalCount=null, pTotalUsed=null, pCurrentCount=null, rTotalCount=null, rTotalUsed=null, rCurrentCount=null, vinType='null', remark='null', createTime=null, updateTime=null, createBy='null', updateBy='null', countBy=null, first=null, second=null, third=null, four=null, five=null, six=null}
2019-07-03 11:19:37.901 [http-nio-8088-exec-1] INFO  com.avenir.utils.LogUtils - 查询车主信息：Users{id=null, vin='', userName='null', userIdWx='null', openId='null', phone='null', serviceCard='', serviceCardOld='null', serviceType='null', carType='null', carLicense='null', idNo='null', driverNo='null', userAddr='null', invoiceTime=null, reportTime=null, dueTime=null, dueCount=null, aTotalCount=null, aTotalUsed=null, aCurrentCount=null, pTotalCount=null, pTotalUsed=null, pCurrentCount=null, rTotalCount=null, rTotalUsed=null, rCurrentCount=null, vinType='null', remark='null', createTime=null, updateTime=null, createBy='null', updateBy='null', countBy=null, first=null, second=null, third=null, four=null, five=null, six=null}
2019-07-03 11:19:48.936 [http-nio-8088-exec-3] INFO  com.avenir.utils.LogUtils - 查询车主信息：Users{id=null, vin='', userName='null', userIdWx='null', openId='null', phone='null', serviceCard='', serviceCardOld='null', serviceType='null', carType='null', carLicense='null', idNo='null', driverNo='null', userAddr='null', invoiceTime=null, reportTime=null, dueTime=null, dueCount=null, aTotalCount=null, aTotalUsed=null, aCurrentCount=null, pTotalCount=null, pTotalUsed=null, pCurrentCount=null, rTotalCount=null, rTotalUsed=null, rCurrentCount=null, vinType='null', remark='null', createTime=null, updateTime=null, createBy='null', updateBy='null', countBy=null, first=null, second=null, third=null, four=null, five=null, six=null}
2019-07-03 11:19:57.988 [http-nio-8088-exec-5] INFO  com.avenir.utils.LogUtils - async_carInfo:[Users{id=null, vin='LSGUL8AL8HA5654645', userName='王英莉', userIdWx='null', openId='null', phone='18792990409', serviceCard='000003', serviceCardOld='', serviceType='0', carType='2017款GL8', carLicense='null', idNo='null', driverNo='null', userAddr='null', invoiceTime=Tue Mar 14 00:00:00 CST 2017, reportTime=Tue Mar 14 00:00:00 CST 2017, dueTime=Tue Mar 14 00:00:00 CST 2023, dueCount=6, aTotalCount=20, aTotalUsed=null, aCurrentCount=4, pTotalCount=20, pTotalUsed=null, pCurrentCount=4, rTotalCount=5, rTotalUsed=null, rCurrentCount=1, vinType='1,2,4', remark='null', createTime=Wed Jul 03 11:19:57 CST 2019, updateTime=null, createBy='admin', updateBy='null', countBy=null, first=null, second=null, third=null, four=null, five=null, six=null}, Users{id=null, vin='LSGUL8ALXHA5656555', userName='李四', userIdWx='null', openId='null', phone='13558850358', serviceCard='000004', serviceCardOld='', serviceType='0', carType='2017款GL8', carLicense='null', idNo='null', driverNo='null', userAddr='null', invoiceTime=Thu Dec 15 00:00:00 CST 2016, reportTime=Thu Dec 15 00:00:00 CST 2016, dueTime=Thu Dec 15 00:00:00 CST 2022, dueCount=6, aTotalCount=20, aTotalUsed=null, aCurrentCount=4, pTotalCount=20, pTotalUsed=null, pCurrentCount=4, rTotalCount=5, rTotalUsed=null, rCurrentCount=1, vinType='1,2,4', remark='null', createTime=Wed Jul 03 11:19:57 CST 2019, updateTime=null, createBy='admin', updateBy='null', countBy=null, first=null, second=null, third=null, four=null, five=null, six=null}, Users{id=null, vin='LSGUL8AL5HA0292455', userName='呵呵', userIdWx='null', openId='null', phone='18537777698', serviceCard='005075', serviceCardOld='000005', serviceType='0', carType='2017款GL8', carLicense='null', idNo='null', driverNo='null', userAddr='null', invoiceTime=Sat Dec 31 00:00:00 CST 2016, reportTime=Sat Dec 31 00:00:00 CST 2016, dueTime=Sat Dec 31 00:00:00 CST 2022, dueCount=6, aTotalCount=20, aTotalUsed=null, aCurrentCount=4, pTotalCount=20, pTotalUsed=null, pCurrentCount=4, rTotalCount=5, rTotalUsed=null, rCurrentCount=1, vinType='1,2,4', remark='null', createTime=Wed Jul 03 11:19:57 CST 2019, updateTime=null, createBy='admin', updateBy='null', countBy=null, first=null, second=null, third=null, four=null, five=null, six=null}]
2019-07-03 11:19:57.988 [http-nio-8088-exec-5] INFO  com.avenir.utils.LogUtils - async_carInfo-size:3
2019-07-03 11:19:57.988 [http-nio-8088-exec-5] INFO  com.avenir.utils.LogUtils - async_update_carInfo: [Users{id=11749, vin='LSGUL8AL1HA0184543', userName='张三', userIdWx='null', openId='null', phone='13761664605', serviceCard='000002', serviceCardOld='', serviceType='0', carType='2017款GL8', carLicense='null', idNo='null', driverNo='null', userAddr='null', invoiceTime=Tue Sep 19 00:00:00 CST 2017, reportTime=Tue Sep 19 00:00:00 CST 2017, dueTime=Tue Sep 19 00:00:00 CST 2023, dueCount=6, aTotalCount=20, aTotalUsed=0, aCurrentCount=4, pTotalCount=20, pTotalUsed=0, pCurrentCount=4, rTotalCount=5, rTotalUsed=0, rCurrentCount=1, vinType='1,2,4', remark='null', createTime=Tue Jun 11 15:53:21 CST 2019, updateTime=Wed Jul 03 11:19:57 CST 2019, createBy='admin', updateBy='admin', countBy=null, first=null, second=null, third=null, four=null, five=null, six=null}]
2019-07-03 11:19:57.988 [http-nio-8088-exec-5] INFO  com.avenir.utils.LogUtils - async_update_carInfo-size:1
2019-07-03 11:19:57.988 [http-nio-8088-exec-5] INFO  com.avenir.utils.LogUtils - update_carInfo>>>>>>
2019-07-03 11:19:58.031 [http-nio-8088-exec-5] INFO  com.avenir.utils.LogUtils - up_count:1
2019-07-03 11:19:58.073 [http-nio-8088-exec-5] INFO  com.avenir.utils.LogUtils - count:3
2019-07-03 11:19:58.186 [http-nio-8088-exec-5] ERROR com.avenir.utils.LogUtils - syntax error, pos 1, json : <script type="text/javascript">location.href='http://dev.hibuick.com.cn/index.php/';</script>
2019-07-03 11:19:58.186 [http-nio-8088-exec-5] INFO  com.avenir.utils.LogUtils - >>>>>>>>>>>>推送车主信息结果： [{"card_no":"000003","mobile":"18792990409","vin":"LSGUL8AL8HA5654645","card_type":0},{"card_no":"000004","mobile":"13558850358","vin":"LSGUL8ALXHA5656555","card_type":0},{"card_no":"005075","mobile":"18537777698","vin":"LSGUL8AL5HA0292455","card_type":0}],结果：推送失败
2019-07-03 11:21:06.895 [http-nio-8088-exec-8] INFO  com.avenir.utils.LogUtils - 查询车主信息：Users{id=null, vin='', userName='null', userIdWx='null', openId='null', phone='null', serviceCard='', serviceCardOld='null', serviceType='null', carType='null', carLicense='null', idNo='null', driverNo='null', userAddr='null', invoiceTime=null, reportTime=null, dueTime=null, dueCount=null, aTotalCount=null, aTotalUsed=null, aCurrentCount=null, pTotalCount=null, pTotalUsed=null, pCurrentCount=null, rTotalCount=null, rTotalUsed=null, rCurrentCount=null, vinType='null', remark='null', createTime=null, updateTime=null, createBy='null', updateBy='null', countBy=null, first=null, second=null, third=null, four=null, five=null, six=null}
2019-07-03 11:21:13.514 [http-nio-8088-exec-10] INFO  com.avenir.utils.LogUtils - async_carInfo:[]
2019-07-03 11:21:13.514 [http-nio-8088-exec-10] INFO  com.avenir.utils.LogUtils - async_carInfo-size:0
2019-07-03 11:21:13.515 [http-nio-8088-exec-10] INFO  com.avenir.utils.LogUtils - async_update_carInfo: [Users{id=11749, vin='LSGUL8AL1HA0184543', userName='张三', userIdWx='null', openId='null', phone='13761664605', serviceCard='000002', serviceCardOld='', serviceType='0', carType='2017款GL8', carLicense='null', idNo='null', driverNo='null', userAddr='null', invoiceTime=Tue Sep 19 00:00:00 CST 2017, reportTime=Tue Sep 19 00:00:00 CST 2017, dueTime=Tue Sep 19 00:00:00 CST 2023, dueCount=6, aTotalCount=20, aTotalUsed=0, aCurrentCount=4, pTotalCount=20, pTotalUsed=0, pCurrentCount=4, rTotalCount=5, rTotalUsed=0, rCurrentCount=1, vinType='1,2,4', remark='null', createTime=Tue Jun 11 15:53:21 CST 2019, updateTime=Wed Jul 03 11:21:13 CST 2019, createBy='admin', updateBy='admin', countBy=null, first=null, second=null, third=null, four=null, five=null, six=null}, Users{id=11753, vin='LSGUL8AL8HA5654645', userName='王英莉', userIdWx='null', openId='null', phone='18792990409', serviceCard='000003', serviceCardOld='', serviceType='0', carType='2017款GL8', carLicense='null', idNo='null', driverNo='null', userAddr='null', invoiceTime=Tue Mar 14 00:00:00 CST 2017, reportTime=Tue Mar 14 00:00:00 CST 2017, dueTime=Tue Mar 14 00:00:00 CST 2023, dueCount=6, aTotalCount=20, aTotalUsed=0, aCurrentCount=4, pTotalCount=20, pTotalUsed=0, pCurrentCount=4, rTotalCount=5, rTotalUsed=0, rCurrentCount=1, vinType='1,2,4', remark='null', createTime=Wed Jul 03 11:19:58 CST 2019, updateTime=Wed Jul 03 11:21:13 CST 2019, createBy='admin', updateBy='admin', countBy=null, first=null, second=null, third=null, four=null, five=null, six=null}, Users{id=11754, vin='LSGUL8ALXHA5656555', userName='李四', userIdWx='null', openId='null', phone='13558850358', serviceCard='000004', serviceCardOld='', serviceType='0', carType='2017款GL8', carLicense='null', idNo='null', driverNo='null', userAddr='null', invoiceTime=Thu Dec 15 00:00:00 CST 2016, reportTime=Thu Dec 15 00:00:00 CST 2016, dueTime=Thu Dec 15 00:00:00 CST 2022, dueCount=6, aTotalCount=20, aTotalUsed=0, aCurrentCount=4, pTotalCount=20, pTotalUsed=0, pCurrentCount=4, rTotalCount=5, rTotalUsed=0, rCurrentCount=1, vinType='1,2,4', remark='null', createTime=Wed Jul 03 11:19:58 CST 2019, updateTime=Wed Jul 03 11:21:13 CST 2019, createBy='admin', updateBy='admin', countBy=null, first=null, second=null, third=null, four=null, five=null, six=null}, Users{id=11755, vin='LSGUL8AL5HA0292455', userName='呵呵', userIdWx='null', openId='null', phone='18537777698', serviceCard='005075', serviceCardOld='000005', serviceType='0', carType='2017款GL8', carLicense='null', idNo='null', driverNo='null', userAddr='null', invoiceTime=Sat Dec 31 00:00:00 CST 2016, reportTime=Sat Dec 31 00:00:00 CST 2016, dueTime=Sat Dec 31 00:00:00 CST 2022, dueCount=6, aTotalCount=20, aTotalUsed=0, aCurrentCount=4, pTotalCount=20, pTotalUsed=0, pCurrentCount=4, rTotalCount=5, rTotalUsed=0, rCurrentCount=1, vinType='1,2,4', remark='null', createTime=Wed Jul 03 11:19:58 CST 2019, updateTime=Wed Jul 03 11:21:13 CST 2019, createBy='admin', updateBy='admin', countBy=null, first=null, second=null, third=null, four=null, five=null, six=null}]
2019-07-03 11:21:13.515 [http-nio-8088-exec-10] INFO  com.avenir.utils.LogUtils - async_update_carInfo-size:4
2019-07-03 11:21:13.515 [http-nio-8088-exec-10] INFO  com.avenir.utils.LogUtils - update_carInfo>>>>>>
2019-07-03 11:21:13.556 [http-nio-8088-exec-10] INFO  com.avenir.utils.LogUtils - up_count:4
2019-07-03 11:21:30.699 [http-nio-8088-exec-2] INFO  com.avenir.utils.LogUtils - async_carInfo:[Users{id=null, vin='LSGZJ55L2JH241149', userName='张三', userIdWx='null', openId='null', phone='18664577596', serviceCard='013335', serviceCardOld='', serviceType='2', carType='2019款君越', carLicense='null', idNo='null', driverNo='null', userAddr='null', invoiceTime=Tue May 28 00:00:00 CST 2019, reportTime=Tue May 28 00:00:00 CST 2019, dueTime=Tue May 28 00:00:00 CST 2024, dueCount=5, aTotalCount=20, aTotalUsed=null, aCurrentCount=4, pTotalCount=20, pTotalUsed=null, pCurrentCount=4, rTotalCount=5, rTotalUsed=null, rCurrentCount=1, vinType='1,2,4', remark='null', createTime=Wed Jul 03 11:21:30 CST 2019, updateTime=null, createBy='admin', updateBy='null', countBy=null, first=null, second=null, third=null, four=null, five=null, six=null}]
2019-07-03 11:21:30.699 [http-nio-8088-exec-2] INFO  com.avenir.utils.LogUtils - async_carInfo-size:1
2019-07-03 11:21:30.700 [http-nio-8088-exec-2] INFO  com.avenir.utils.LogUtils - async_update_carInfo: [Users{id=11161, vin='LSGZJ55L6JH241296', userName='唐旋坤', userIdWx='null', openId='null', phone='18620350997', serviceCard='013352', serviceCardOld='', serviceType='2', carType='2019款君越', carLicense='null', idNo='null', driverNo='null', userAddr='null', invoiceTime=Sat Jun 22 00:00:00 CST 2019, reportTime=Sun Jun 23 00:00:00 CST 2019, dueTime=Sun Jun 23 00:00:00 CST 2024, dueCount=5, aTotalCount=20, aTotalUsed=0, aCurrentCount=4, pTotalCount=20, pTotalUsed=0, pCurrentCount=4, rTotalCount=5, rTotalUsed=0, rCurrentCount=1, vinType='1,2,4', remark='null', createTime=Wed Jun 05 16:00:52 CST 2019, updateTime=Wed Jul 03 11:21:30 CST 2019, createBy='admin', updateBy='admin', countBy=null, first=null, second=null, third=null, four=null, five=null, six=null}, Users{id=11333, vin='LSGZJ55L9KH060579', userName='邹里', userIdWx='null', openId='null', phone='18578800196', serviceCard='013521', serviceCardOld='', serviceType='2', carType='2019款君越', carLicense='null', idNo='null', driverNo='null', userAddr='null', invoiceTime=Fri Jun 21 00:00:00 CST 2019, reportTime=Sun Jun 23 00:00:00 CST 2019, dueTime=Sun Jun 23 00:00:00 CST 2024, dueCount=5, aTotalCount=20, aTotalUsed=2, aCurrentCount=4, pTotalCount=20, pTotalUsed=0, pCurrentCount=4, rTotalCount=5, rTotalUsed=0, rCurrentCount=1, vinType='1,2,4', remark='null', createTime=Wed Jun 05 16:00:52 CST 2019, updateTime=Wed Jul 03 11:21:30 CST 2019, createBy='admin', updateBy='admin', countBy=null, first=null, second=null, third=null, four=null, five=null, six=null}, Users{id=11422, vin='LSGZJ55L5LH001045', userName='李志东', userIdWx='null', openId='null', phone='18068002509', serviceCard='013610', serviceCardOld='', serviceType='2', carType='2019款君越', carLicense='null', idNo='453544', driverNo='45454', userAddr='null', invoiceTime=Fri May 10 00:00:00 CST 2019, reportTime=Sun Jun 23 00:00:00 CST 2019, dueTime=Sun Jun 23 00:00:00 CST 2024, dueCount=5, aTotalCount=20, aTotalUsed=0, aCurrentCount=4, pTotalCount=20, pTotalUsed=0, pCurrentCount=4, rTotalCount=5, rTotalUsed=1, rCurrentCount=1, vinType='1,2,4', remark='null', createTime=Wed Jun 05 16:00:52 CST 2019, updateTime=Wed Jul 03 11:21:30 CST 2019, createBy='admin', updateBy='admin', countBy=null, first=null, second=null, third=null, four=null, five=null, six=null}, Users{id=11401, vin='LSGZJ55L7KH081639', userName='候美丽', userIdWx='null', openId='null', phone='13455128536', serviceCard='013589', serviceCardOld='', serviceType='2', carType='2019款君越', carLicense='null', idNo='null', driverNo='null', userAddr='null', invoiceTime=Fri May 31 00:00:00 CST 2019, reportTime=Sun Jun 23 00:00:00 CST 2019, dueTime=Sun Jun 23 00:00:00 CST 2024, dueCount=5, aTotalCount=20, aTotalUsed=1, aCurrentCount=4, pTotalCount=20, pTotalUsed=0, pCurrentCount=4, rTotalCount=5, rTotalUsed=0, rCurrentCount=1, vinType='1,2,4', remark='null', createTime=Wed Jun 05 16:00:52 CST 2019, updateTime=Wed Jul 03 11:21:30 CST 2019, createBy='admin', updateBy='admin', countBy=null, first=null, second=null, third=null, four=null, five=null, six=null}, Users{id=11594, vin='LSGZJ55L5LH003510', userName='丁美生', userIdWx='null', openId='null', phone='13807917529', serviceCard='013707', serviceCardOld='', serviceType='2', carType='2019款君越', carLicense='null', idNo='null', driverNo='null', userAddr='null', invoiceTime=Thu Jun 13 00:00:00 CST 2019, reportTime=Sat Jun 22 00:00:00 CST 2019, dueTime=Sat Jun 22 00:00:00 CST 2024, dueCount=5, aTotalCount=20, aTotalUsed=0, aCurrentCount=4, pTotalCount=20, pTotalUsed=0, pCurrentCount=4, rTotalCount=5, rTotalUsed=0, rCurrentCount=1, vinType='1,2,4', remark='null', createTime=Wed Jun 05 16:00:52 CST 2019, updateTime=Wed Jul 03 11:21:30 CST 2019, createBy='admin', updateBy='admin', countBy=null, first=null, second=null, third=null, four=null, five=null, six=null}, Users{id=11369, vin='LSGZJ55L0KH075097', userName='吴文彬', userIdWx='null', openId='null', phone='18658361821', serviceCard='013557', serviceCardOld='', serviceType='2', carType='2019款君越', carLicense='null', idNo='null', driverNo='null', userAddr='null', invoiceTime=Wed Jun 12 00:00:00 CST 2019, reportTime=Fri Jun 21 00:00:00 CST 2019, dueTime=Fri Jun 21 00:00:00 CST 2024, dueCount=5, aTotalCount=20, aTotalUsed=0, aCurrentCount=4, pTotalCount=20, pTotalUsed=0, pCurrentCount=4, rTotalCount=5, rTotalUsed=0, rCurrentCount=1, vinType='1,2,4', remark='null', createTime=Wed Jun 05 16:00:52 CST 2019, updateTime=Wed Jul 03 11:21:30 CST 2019, createBy='admin', updateBy='admin', countBy=null, first=null, second=null, third=null, four=null, five=null, six=null}, Users{id=10996, vin='LSGZJ55L2JH229730', userName='苏磊', userIdWx='null', openId='null', phone='15155766219', serviceCard='013187', serviceCardOld='', serviceType='2', carType='2019款君越', carLicense='null', idNo='null', driverNo='null', userAddr='null', invoiceTime=Thu Jan 17 00:00:00 CST 2019, reportTime=Fri Jun 21 00:00:00 CST 2019, dueTime=Fri Jun 21 00:00:00 CST 2024, dueCount=5, aTotalCount=20, aTotalUsed=0, aCurrentCount=4, pTotalCount=20, pTotalUsed=0, pCurrentCount=4, rTotalCount=5, rTotalUsed=0, rCurrentCount=1, vinType='1,2,4', remark='null', createTime=Wed Jun 05 16:00:52 CST 2019, updateTime=Wed Jul 03 11:21:30 CST 2019, createBy='admin', updateBy='admin', countBy=null, first=null, second=null, third=null, four=null, five=null, six=null}, Users{id=11410, vin='LSGZJ55L2KH081788', userName='王桂亭', userIdWx='null', openId='null', phone='13356762188', serviceCard='013598', serviceCardOld='', serviceType='2', carType='2019款君越', carLicense='null', idNo='null', driverNo='null', userAddr='null', invoiceTime=Thu May 23 00:00:00 CST 2019, reportTime=Mon May 27 00:00:00 CST 2019, dueTime=Mon May 27 00:00:00 CST 2024, dueCount=5, aTotalCount=20, aTotalUsed=0, aCurrentCount=4, pTotalCount=20, pTotalUsed=0, pCurrentCount=4, rTotalCount=5, rTotalUsed=0, rCurrentCount=1, vinType='1,2,4', remark='null', createTime=Wed Jun 05 16:00:52 CST 2019, updateTime=Wed Jul 03 11:21:30 CST 2019, createBy='admin', updateBy='admin', countBy=null, first=null, second=null, third=null, four=null, five=null, six=null}, Users{id=11249, vin='LSGZJ55L3JH248304', userName='陆春龙', userIdWx='null', openId='null', phone='13761856289', serviceCard='013440', serviceCardOld='', serviceType='2', carType='2019款君越', carLicense='null', idNo='null', driverNo='null', userAddr='null', invoiceTime=Mon May 20 00:00:00 CST 2019, reportTime=Mon May 27 00:00:00 CST 2019, dueTime=Mon May 27 00:00:00 CST 2024, dueCount=5, aTotalCount=20, aTotalUsed=0, aCurrentCount=4, pTotalCount=20, pTotalUsed=0, pCurrentCount=4, rTotalCount=5, rTotalUsed=0, rCurrentCount=1, vinType='1,2,4', remark='null', createTime=Wed Jun 05 16:00:52 CST 2019, updateTime=Wed Jul 03 11:21:30 CST 2019, createBy='admin', updateBy='admin', countBy=null, first=null, second=null, third=null, four=null, five=null, six=null}, Users{id=11143, vin='LSGZJ55L2JH241148', userName='甘庆化', userIdWx='null', openId='null', phone='13117703484', serviceCard='013334', serviceCardOld='', serviceType='2', carType='2019款君越', carLicense='null', idNo='null', driverNo='null', userAddr='null', invoiceTime=Mon May 27 00:00:00 CST 2019, reportTime=Mon May 27 00:00:00 CST 2019, dueTime=Mon May 27 00:00:00 CST 2024, dueCount=5, aTotalCount=20, aTotalUsed=0, aCurrentCount=4, pTotalCount=20, pTotalUsed=0, pCurrentCount=4, rTotalCount=5, rTotalUsed=0, rCurrentCount=1, vinType='1,2,4', remark='null', createTime=Wed Jun 05 16:00:52 CST 2019, updateTime=Wed Jul 03 11:21:30 CST 2019, createBy='admin', updateBy='admin', countBy=null, first=null, second=null, third=null, four=null, five=null, six=null}]
2019-07-03 11:21:30.708 [http-nio-8088-exec-2] INFO  com.avenir.utils.LogUtils - async_update_carInfo-size:10
2019-07-03 11:21:30.708 [http-nio-8088-exec-2] INFO  com.avenir.utils.LogUtils - update_carInfo>>>>>>
2019-07-03 11:21:30.781 [http-nio-8088-exec-2] INFO  com.avenir.utils.LogUtils - up_count:10
2019-07-03 11:21:30.806 [http-nio-8088-exec-2] INFO  com.avenir.utils.LogUtils - count:1
2019-07-03 11:21:30.901 [http-nio-8088-exec-2] ERROR com.avenir.utils.LogUtils - syntax error, pos 1, json : <script type="text/javascript">location.href='http://dev.hibuick.com.cn/index.php/';</script>
2019-07-03 11:21:30.901 [http-nio-8088-exec-2] INFO  com.avenir.utils.LogUtils - >>>>>>>>>>>>推送车主信息结果： [{"card_no":"013335","mobile":"18664577596","vin":"LSGZJ55L2JH241149","card_type":2}],结果：推送失败
2019-07-03 11:21:55.288 [http-nio-8088-exec-3] INFO  com.avenir.utils.LogUtils - 查询车主信息：Users{id=null, vin='LSGZJ55L2JH241149', userName='null', userIdWx='null', openId='null', phone='null', serviceCard='', serviceCardOld='null', serviceType='null', carType='null', carLicense='null', idNo='null', driverNo='null', userAddr='null', invoiceTime=null, reportTime=null, dueTime=null, dueCount=null, aTotalCount=null, aTotalUsed=null, aCurrentCount=null, pTotalCount=null, pTotalUsed=null, pCurrentCount=null, rTotalCount=null, rTotalUsed=null, rCurrentCount=null, vinType='null', remark='null', createTime=null, updateTime=null, createBy='null', updateBy='null', countBy=null, first=null, second=null, third=null, four=null, five=null, six=null}
2019-07-03 11:27:35.616 [main] INFO  com.avenir.AvenirApplication - Starting AvenirApplication on DESKTOP-QIA32CU with PID 1164 (E:\Avenir\target\classes started by dell in E:\Avenir)
2019-07-03 11:27:35.620 [main] INFO  com.avenir.AvenirApplication - No active profile set, falling back to default profiles: default
2019-07-03 11:27:36.850 [main] INFO  org.springframework.boot.web.embedded.tomcat.TomcatWebServer - Tomcat initialized with port(s): 8088 (http)
2019-07-03 11:27:36.865 [main] INFO  org.apache.coyote.http11.Http11NioProtocol - Initializing ProtocolHandler ["http-nio-8088"]
2019-07-03 11:27:36.877 [main] INFO  org.apache.catalina.core.StandardService - Starting service [Tomcat]
2019-07-03 11:27:36.878 [main] INFO  org.apache.catalina.core.StandardEngine - Starting Servlet engine: [Apache Tomcat/9.0.17]
2019-07-03 11:27:36.885 [main] INFO  org.apache.catalina.core.AprLifecycleListener - An older version [1.2.14] of the APR based Apache Tomcat Native library is installed, while Tomcat recommends a minimum version of [1.2.21]
2019-07-03 11:27:36.885 [main] INFO  org.apache.catalina.core.AprLifecycleListener - Loaded APR based Apache Tomcat Native library [1.2.14] using APR version [1.6.2].
2019-07-03 11:27:36.885 [main] INFO  org.apache.catalina.core.AprLifecycleListener - APR capabilities: IPv6 [true], sendfile [true], accept filters [false], random [true].
2019-07-03 11:27:36.885 [main] INFO  org.apache.catalina.core.AprLifecycleListener - APR/OpenSSL configuration: useAprConnector [false], useOpenSSL [true]
2019-07-03 11:27:37.970 [main] INFO  org.apache.catalina.core.AprLifecycleListener - OpenSSL successfully initialized [OpenSSL 1.0.2l  25 May 2017]
2019-07-03 11:27:38.097 [main] INFO  org.apache.catalina.core.ContainerBase.[Tomcat].[localhost].[/] - Initializing Spring embedded WebApplicationContext
2019-07-03 11:27:38.097 [main] INFO  org.springframework.web.context.ContextLoader - Root WebApplicationContext: initialization completed in 2420 ms
2019-07-03 11:27:38.687 [main] INFO  org.springframework.scheduling.concurrent.ThreadPoolTaskExecutor - Initializing ExecutorService 'applicationTaskExecutor'
2019-07-03 11:27:38.886 [main] INFO  org.apache.coyote.http11.Http11NioProtocol - Starting ProtocolHandler ["http-nio-8088"]
2019-07-03 11:27:38.912 [main] INFO  org.springframework.boot.web.embedded.tomcat.TomcatWebServer - Tomcat started on port(s): 8088 (http) with context path ''
2019-07-03 11:27:38.915 [main] INFO  com.avenir.AvenirApplication - Started AvenirApplication in 3.7 seconds (JVM running for 4.71)
2019-07-03 11:27:45.024 [http-nio-8088-exec-2] INFO  org.apache.catalina.core.ContainerBase.[Tomcat].[localhost].[/] - Initializing Spring DispatcherServlet 'dispatcherServlet'
2019-07-03 11:27:45.025 [http-nio-8088-exec-2] INFO  org.springframework.web.servlet.DispatcherServlet - Initializing Servlet 'dispatcherServlet'
2019-07-03 11:27:45.034 [http-nio-8088-exec-2] INFO  org.springframework.web.servlet.DispatcherServlet - Completed initialization in 9 ms
2019-07-03 11:27:45.097 [http-nio-8088-exec-2] INFO  com.zaxxer.hikari.HikariDataSource - HikariPool-1 - Starting...
2019-07-03 11:27:45.158 [http-nio-8088-exec-1] INFO  com.avenir.utils.LogUtils - 查询车主信息：Users{id=null, vin='', userName='null', userIdWx='null', openId='null', phone='null', serviceCard='', serviceCardOld='null', serviceType='null', carType='null', carLicense='null', idNo='null', driverNo='null', userAddr='null', invoiceTime=null, reportTime=null, dueTime=null, dueCount=null, aTotalCount=null, aTotalUsed=null, aCurrentCount=null, pTotalCount=null, pTotalUsed=null, pCurrentCount=null, rTotalCount=null, rTotalUsed=null, rCurrentCount=null, vinType='null', remark='null', createTime=null, updateTime=null, createBy='null', updateBy='null', countBy=null, first=null, second=null, third=null, four=null, five=null, six=null}
2019-07-03 11:27:45.247 [http-nio-8088-exec-2] INFO  com.zaxxer.hikari.HikariDataSource - HikariPool-1 - Start completed.
2019-07-03 11:29:31.529 [http-nio-8088-exec-6] INFO  com.avenir.utils.LogUtils - 查询车主信息：Users{id=null, vin='LSGZJ55L5LH001045', userName='null', userIdWx='null', openId='null', phone='null', serviceCard='', serviceCardOld='null', serviceType='null', carType='null', carLicense='null', idNo='null', driverNo='null', userAddr='null', invoiceTime=null, reportTime=null, dueTime=null, dueCount=null, aTotalCount=null, aTotalUsed=null, aCurrentCount=null, pTotalCount=null, pTotalUsed=null, pCurrentCount=null, rTotalCount=null, rTotalUsed=null, rCurrentCount=null, vinType='null', remark='null', createTime=null, updateTime=null, createBy='null', updateBy='null', countBy=null, first=null, second=null, third=null, four=null, five=null, six=null}
2019-07-03 11:29:49.542 [http-nio-8088-exec-8] INFO  com.avenir.utils.LogUtils - async_carInfo:[]
2019-07-03 11:29:49.542 [http-nio-8088-exec-8] INFO  com.avenir.utils.LogUtils - async_carInfo-size:0
2019-07-03 11:29:49.544 [http-nio-8088-exec-8] INFO  com.avenir.utils.LogUtils - async_update_carInfo: [Users{id=11161, vin='LSGZJ55L6JH241296', userName='唐旋坤', userIdWx='null', openId='null', phone='18620350997', serviceCard='013352', serviceCardOld='', serviceType='2', carType='2019款君越', carLicense='null', idNo='null', driverNo='null', userAddr='null', invoiceTime=Sat Jun 22 00:00:00 CST 2019, reportTime=Sun Jun 23 00:00:00 CST 2019, dueTime=Sun Jun 23 00:00:00 CST 2024, dueCount=5, aTotalCount=20, aTotalUsed=0, aCurrentCount=4, pTotalCount=20, pTotalUsed=0, pCurrentCount=4, rTotalCount=5, rTotalUsed=0, rCurrentCount=1, vinType='1,2,4', remark='null', createTime=Wed Jun 05 16:00:52 CST 2019, updateTime=Wed Jul 03 11:29:49 CST 2019, createBy='admin', updateBy='admin', countBy=null, first=null, second=null, third=null, four=null, five=null, six=null}, Users{id=11333, vin='LSGZJ55L9KH060579', userName='邹里', userIdWx='null', openId='null', phone='18578800196', serviceCard='013521', serviceCardOld='', serviceType='2', carType='2019款君越', carLicense='null', idNo='null', driverNo='null', userAddr='null', invoiceTime=Fri Jun 21 00:00:00 CST 2019, reportTime=Sun Jun 23 00:00:00 CST 2019, dueTime=Sun Jun 23 00:00:00 CST 2024, dueCount=5, aTotalCount=20, aTotalUsed=2, aCurrentCount=4, pTotalCount=20, pTotalUsed=0, pCurrentCount=4, rTotalCount=5, rTotalUsed=0, rCurrentCount=1, vinType='1,2,4', remark='null', createTime=Wed Jun 05 16:00:52 CST 2019, updateTime=Wed Jul 03 11:29:49 CST 2019, createBy='admin', updateBy='admin', countBy=null, first=null, second=null, third=null, four=null, five=null, six=null}, Users{id=11422, vin='LSGZJ55L5LH001045', userName='李志东', userIdWx='null', openId='null', phone='18068002509', serviceCard='013610', serviceCardOld='', serviceType='2', carType='2019款君越', carLicense='null', idNo='453544', driverNo='45454', userAddr='null', invoiceTime=Fri May 10 00:00:00 CST 2019, reportTime=Sun Jun 23 00:00:00 CST 2019, dueTime=Sun Jun 23 00:00:00 CST 2024, dueCount=5, aTotalCount=20, aTotalUsed=0, aCurrentCount=4, pTotalCount=20, pTotalUsed=0, pCurrentCount=4, rTotalCount=5, rTotalUsed=1, rCurrentCount=1, vinType='1,2,4', remark='null', createTime=Wed Jun 05 16:00:52 CST 2019, updateTime=Wed Jul 03 11:29:49 CST 2019, createBy='admin', updateBy='admin', countBy=null, first=null, second=null, third=null, four=null, five=null, six=null}, Users{id=11401, vin='LSGZJ55L7KH081639', userName='候美丽', userIdWx='null', openId='null', phone='13455128536', serviceCard='013589', serviceCardOld='', serviceType='2', carType='2019款君越', carLicense='null', idNo='null', driverNo='null', userAddr='null', invoiceTime=Fri May 31 00:00:00 CST 2019, reportTime=Sun Jun 23 00:00:00 CST 2019, dueTime=Sun Jun 23 00:00:00 CST 2024, dueCount=5, aTotalCount=20, aTotalUsed=1, aCurrentCount=4, pTotalCount=20, pTotalUsed=0, pCurrentCount=4, rTotalCount=5, rTotalUsed=0, rCurrentCount=1, vinType='1,2,4', remark='null', createTime=Wed Jun 05 16:00:52 CST 2019, updateTime=Wed Jul 03 11:29:49 CST 2019, createBy='admin', updateBy='admin', countBy=null, first=null, second=null, third=null, four=null, five=null, six=null}, Users{id=11594, vin='LSGZJ55L5LH003510', userName='丁美生', userIdWx='null', openId='null', phone='13807917529', serviceCard='013707', serviceCardOld='', serviceType='2', carType='2019款君越', carLicense='null', idNo='null', driverNo='null', userAddr='null', invoiceTime=Thu Jun 13 00:00:00 CST 2019, reportTime=Sat Jun 22 00:00:00 CST 2019, dueTime=Sat Jun 22 00:00:00 CST 2024, dueCount=5, aTotalCount=20, aTotalUsed=0, aCurrentCount=4, pTotalCount=20, pTotalUsed=0, pCurrentCount=4, rTotalCount=5, rTotalUsed=0, rCurrentCount=1, vinType='1,2,4', remark='null', createTime=Wed Jun 05 16:00:52 CST 2019, updateTime=Wed Jul 03 11:29:49 CST 2019, createBy='admin', updateBy='admin', countBy=null, first=null, second=null, third=null, four=null, five=null, six=null}, Users{id=11369, vin='LSGZJ55L0KH075097', userName='吴文彬', userIdWx='null', openId='null', phone='18658361821', serviceCard='013557', serviceCardOld='', serviceType='2', carType='2019款君越', carLicense='null', idNo='null', driverNo='null', userAddr='null', invoiceTime=Wed Jun 12 00:00:00 CST 2019, reportTime=Fri Jun 21 00:00:00 CST 2019, dueTime=Fri Jun 21 00:00:00 CST 2024, dueCount=5, aTotalCount=20, aTotalUsed=0, aCurrentCount=4, pTotalCount=20, pTotalUsed=0, pCurrentCount=4, rTotalCount=5, rTotalUsed=0, rCurrentCount=1, vinType='1,2,4', remark='null', createTime=Wed Jun 05 16:00:52 CST 2019, updateTime=Wed Jul 03 11:29:49 CST 2019, createBy='admin', updateBy='admin', countBy=null, first=null, second=null, third=null, four=null, five=null, six=null}, Users{id=10996, vin='LSGZJ55L2JH229730', userName='苏磊', userIdWx='null', openId='null', phone='15155766219', serviceCard='013187', serviceCardOld='', serviceType='2', carType='2019款君越', carLicense='null', idNo='null', driverNo='null', userAddr='null', invoiceTime=Thu Jan 17 00:00:00 CST 2019, reportTime=Fri Jun 21 00:00:00 CST 2019, dueTime=Fri Jun 21 00:00:00 CST 2024, dueCount=5, aTotalCount=20, aTotalUsed=0, aCurrentCount=4, pTotalCount=20, pTotalUsed=0, pCurrentCount=4, rTotalCount=5, rTotalUsed=0, rCurrentCount=1, vinType='1,2,4', remark='null', createTime=Wed Jun 05 16:00:52 CST 2019, updateTime=Wed Jul 03 11:29:49 CST 2019, createBy='admin', updateBy='admin', countBy=null, first=null, second=null, third=null, four=null, five=null, six=null}, Users{id=11410, vin='LSGZJ55L2KH081788', userName='王桂亭', userIdWx='null', openId='null', phone='13356762188', serviceCard='013598', serviceCardOld='', serviceType='2', carType='2019款君越', carLicense='null', idNo='null', driverNo='null', userAddr='null', invoiceTime=Thu May 23 00:00:00 CST 2019, reportTime=Mon May 27 00:00:00 CST 2019, dueTime=Mon May 27 00:00:00 CST 2024, dueCount=5, aTotalCount=20, aTotalUsed=0, aCurrentCount=4, pTotalCount=20, pTotalUsed=0, pCurrentCount=4, rTotalCount=5, rTotalUsed=0, rCurrentCount=1, vinType='1,2,4', remark='null', createTime=Wed Jun 05 16:00:52 CST 2019, updateTime=Wed Jul 03 11:29:49 CST 2019, createBy='admin', updateBy='admin', countBy=null, first=null, second=null, third=null, four=null, five=null, six=null}, Users{id=11249, vin='LSGZJ55L3JH248304', userName='陆春龙', userIdWx='null', openId='null', phone='13761856289', serviceCard='013440', serviceCardOld='', serviceType='2', carType='2019款君越', carLicense='null', idNo='null', driverNo='null', userAddr='null', invoiceTime=Mon May 20 00:00:00 CST 2019, reportTime=Mon May 27 00:00:00 CST 2019, dueTime=Mon May 27 00:00:00 CST 2024, dueCount=5, aTotalCount=20, aTotalUsed=0, aCurrentCount=4, pTotalCount=20, pTotalUsed=0, pCurrentCount=4, rTotalCount=5, rTotalUsed=0, rCurrentCount=1, vinType='1,2,4', remark='null', createTime=Wed Jun 05 16:00:52 CST 2019, updateTime=Wed Jul 03 11:29:49 CST 2019, createBy='admin', updateBy='admin', countBy=null, first=null, second=null, third=null, four=null, five=null, six=null}, Users{id=11143, vin='LSGZJ55L2JH241148', userName='甘庆化', userIdWx='null', openId='null', phone='13117703484', serviceCard='013334', serviceCardOld='', serviceType='2', carType='2019款君越', carLicense='null', idNo='null', driverNo='null', userAddr='null', invoiceTime=Mon May 27 00:00:00 CST 2019, reportTime=Mon May 27 00:00:00 CST 2019, dueTime=Mon May 27 00:00:00 CST 2024, dueCount=5, aTotalCount=20, aTotalUsed=0, aCurrentCount=4, pTotalCount=20, pTotalUsed=0, pCurrentCount=4, rTotalCount=5, rTotalUsed=0, rCurrentCount=1, vinType='1,2,4', remark='null', createTime=Wed Jun 05 16:00:52 CST 2019, updateTime=Wed Jul 03 11:29:49 CST 2019, createBy='admin', updateBy='admin', countBy=null, first=null, second=null, third=null, four=null, five=null, six=null}, Users{id=11756, vin='LSGZJ55L2JH241149', userName='张三', userIdWx='null', openId='null', phone='18664577596', serviceCard='013335', serviceCardOld='', serviceType='2', carType='2019款君越', carLicense='null', idNo='null', driverNo='null', userAddr='null', invoiceTime=Tue May 28 00:00:00 CST 2019, reportTime=Tue May 28 00:00:00 CST 2019, dueTime=Tue May 28 00:00:00 CST 2024, dueCount=5, aTotalCount=20, aTotalUsed=0, aCurrentCount=4, pTotalCount=20, pTotalUsed=0, pCurrentCount=4, rTotalCount=5, rTotalUsed=0, rCurrentCount=1, vinType='1,2,4', remark='null', createTime=Wed Jul 03 11:21:31 CST 2019, updateTime=Wed Jul 03 11:29:49 CST 2019, createBy='admin', updateBy='admin', countBy=null, first=null, second=null, third=null, four=null, five=null, six=null}]
2019-07-03 11:29:49.544 [http-nio-8088-exec-8] INFO  com.avenir.utils.LogUtils - async_update_carInfo-size:11
2019-07-03 11:29:49.544 [http-nio-8088-exec-8] INFO  com.avenir.utils.LogUtils - update_carInfo>>>>>>
2019-07-03 11:29:49.614 [http-nio-8088-exec-8] INFO  com.avenir.utils.LogUtils - up_count:11
2019-07-03 11:30:27.662 [http-nio-8088-exec-10] INFO  com.avenir.utils.LogUtils - 查询车主信息：Users{id=null, vin='', userName='null', userIdWx='null', openId='null', phone='null', serviceCard='', serviceCardOld='null', serviceType='null', carType='null', carLicense='null', idNo='null', driverNo='null', userAddr='null', invoiceTime=null, reportTime=null, dueTime=null, dueCount=null, aTotalCount=null, aTotalUsed=null, aCurrentCount=null, pTotalCount=null, pTotalUsed=null, pCurrentCount=null, rTotalCount=null, rTotalUsed=null, rCurrentCount=null, vinType='null', remark='null', createTime=null, updateTime=null, createBy='null', updateBy='null', countBy=null, first=null, second=null, third=null, four=null, five=null, six=null}
2019-07-03 11:30:29.712 [http-nio-8088-exec-1] INFO  com.avenir.utils.LogUtils - 查询订单信息：Orders{id=null, typeId=2, userId=null, userName='', openId='null', userTel='', callTime=null, status='null', state=null, orderType=null, flight='', airport='null', address='null', destination='null', useTime=null, airportPickupTime='null', appointmentTime=null, orderTime=null, useCarType=null, number='null', isVisit=null, needOrder=null, visitor='null', visitTime=null, orderService='null', isOrder=null, completed=null, expectMoney=null, realityMoney=null, orderNo='', recordNo='null', userAddr='null', dealerAddr='null', contactName='null', contactTel='null', isCredit=null, idNo='null', driverNo='null', rentCity='null', orderCarType='null', storeName='null', storeAddr='null', returnName='null', returnTel='null', beginTime=null, endTime=null, duration=null, serviceProvider='null', orderTel='null', isGl=null, isReplace=null, replaceCar='null', actualCar='null', createTime=null, updateTime=null, updateBy='null', createBy='null', remark='null', user=Users{id=null, vin='', userName='null', userIdWx='null', openId='null', phone='null', serviceCard='', serviceCardOld='null', serviceType='null', carType='null', carLicense='null', idNo='null', driverNo='null', userAddr='null', invoiceTime=null, reportTime=null, dueTime=null, dueCount=null, aTotalCount=null, aTotalUsed=null, aCurrentCount=null, pTotalCount=null, pTotalUsed=null, pCurrentCount=null, rTotalCount=null, rTotalUsed=null, rCurrentCount=null, vinType='null', remark='null', createTime=null, updateTime=null, createBy='null', updateBy='null', countBy=null, first=null, second=null, third=null, four=null, five=null, six=null}, type=null, useTimeStart=null, useTimeEnd=null, orderTimeStart=null, orderTimeEnd=null, reportTimeStart=null, reportTimeEnd=null, appointmentTimeStart=null, appointmentTimeEnd=null, beginTimeStart=null, beginTimeEnd=null, endTimeStart=null, endTimeEnd=null, count=null}
2019-07-03 11:30:33.419 [http-nio-8088-exec-4] INFO  com.avenir.utils.LogUtils - 查询统计信息参数：Users{id=null, vin='', userName='null', userIdWx='null', openId='null', phone='null', serviceCard='null', serviceCardOld='null', serviceType='null', carType='null', carLicense='null', idNo='null', driverNo='null', userAddr='null', invoiceTime=null, reportTime=null, dueTime=null, dueCount=null, aTotalCount=null, aTotalUsed=null, aCurrentCount=null, pTotalCount=null, pTotalUsed=null, pCurrentCount=null, rTotalCount=null, rTotalUsed=null, rCurrentCount=null, vinType='2', remark='null', createTime=null, updateTime=null, createBy='null', updateBy='null', countBy=null, first=null, second=null, third=null, four=null, five=null, six=null}
2019-07-03 11:30:33.468 [http-nio-8088-exec-4] INFO  com.avenir.utils.LogUtils - 上一年时间：null
2019-07-03 11:30:33.468 [http-nio-8088-exec-4] INFO  com.avenir.utils.LogUtils - 加一年时间：Tue Jun 23 00:00:00 CST 2020
2019-07-03 11:30:33.468 [http-nio-8088-exec-4] INFO  com.avenir.utils.LogUtils - 上一年时间：null
2019-07-03 11:30:33.468 [http-nio-8088-exec-4] INFO  com.avenir.utils.LogUtils - 加一年时间：Tue Jun 23 00:00:00 CST 2020
2019-07-03 11:30:33.482 [http-nio-8088-exec-4] INFO  com.avenir.utils.LogUtils - 上一年时间：null
2019-07-03 11:30:33.482 [http-nio-8088-exec-4] INFO  com.avenir.utils.LogUtils - 加一年时间：Tue Jun 23 00:00:00 CST 2020
2019-07-03 11:30:35.868 [http-nio-8088-exec-6] INFO  com.avenir.utils.LogUtils - 数据统计typeId: {"typeId":2}
2019-07-03 11:30:39.601 [http-nio-8088-exec-8] INFO  com.avenir.utils.LogUtils - 查询订单信息：Orders{id=null, typeId=1, userId=null, userName='', openId='null', userTel='', callTime=null, status='null', state=null, orderType=null, flight='null', airport='null', address='null', destination='null', useTime=null, airportPickupTime='null', appointmentTime=null, orderTime=null, useCarType=null, number='null', isVisit=null, needOrder=null, visitor='null', visitTime=null, orderService='null', isOrder=null, completed=null, expectMoney=null, realityMoney=null, orderNo='', recordNo='null', userAddr='null', dealerAddr='null', contactName='null', contactTel='null', isCredit=null, idNo='null', driverNo='null', rentCity='', orderCarType='null', storeName='null', storeAddr='null', returnName='null', returnTel='null', beginTime=null, endTime=null, duration=null, serviceProvider='', orderTel='null', isGl=null, isReplace=null, replaceCar='null', actualCar='null', createTime=null, updateTime=null, updateBy='null', createBy='null', remark='null', user=Users{id=null, vin='', userName='null', userIdWx='null', openId='null', phone='null', serviceCard='', serviceCardOld='null', serviceType='null', carType='null', carLicense='null', idNo='null', driverNo='null', userAddr='null', invoiceTime=null, reportTime=null, dueTime=null, dueCount=null, aTotalCount=null, aTotalUsed=null, aCurrentCount=null, pTotalCount=null, pTotalUsed=null, pCurrentCount=null, rTotalCount=null, rTotalUsed=null, rCurrentCount=null, vinType='null', remark='null', createTime=null, updateTime=null, createBy='null', updateBy='null', countBy=null, first=null, second=null, third=null, four=null, five=null, six=null}, type=null, useTimeStart=null, useTimeEnd=null, orderTimeStart=null, orderTimeEnd=null, reportTimeStart=null, reportTimeEnd=null, appointmentTimeStart=null, appointmentTimeEnd=null, beginTimeStart=null, beginTimeEnd=null, endTimeStart=null, endTimeEnd=null, count=null}
2019-07-03 11:30:41.275 [http-nio-8088-exec-10] INFO  com.avenir.utils.LogUtils - 查询统计信息参数：Users{id=null, vin='', userName='null', userIdWx='null', openId='null', phone='null', serviceCard='null', serviceCardOld='null', serviceType='null', carType='null', carLicense='null', idNo='null', driverNo='null', userAddr='null', invoiceTime=null, reportTime=null, dueTime=null, dueCount=null, aTotalCount=null, aTotalUsed=null, aCurrentCount=null, pTotalCount=null, pTotalUsed=null, pCurrentCount=null, rTotalCount=null, rTotalUsed=null, rCurrentCount=null, vinType='1', remark='null', createTime=null, updateTime=null, createBy='null', updateBy='null', countBy=null, first=null, second=null, third=null, four=null, five=null, six=null}
2019-07-03 11:30:41.334 [http-nio-8088-exec-10] INFO  com.avenir.utils.LogUtils - 上一年时间：null
2019-07-03 11:30:41.334 [http-nio-8088-exec-10] INFO  com.avenir.utils.LogUtils - 加一年时间：Tue Jun 23 00:00:00 CST 2020
2019-07-03 11:30:42.544 [http-nio-8088-exec-1] INFO  com.avenir.utils.LogUtils - 数据统计typeId: {"typeId":1}
2019-07-03 11:30:45.765 [http-nio-8088-exec-4] INFO  com.avenir.utils.LogUtils - 查询订单信息：Orders{id=null, typeId=4, userId=null, userName='', openId='null', userTel='', callTime=null, status='null', state=null, orderType=null, flight='null', airport='null', address='null', destination='null', useTime=null, airportPickupTime='null', appointmentTime=null, orderTime=null, useCarType=null, number='null', isVisit=null, needOrder=null, visitor='null', visitTime=null, orderService='null', isOrder=null, completed=null, expectMoney=null, realityMoney=null, orderNo='', recordNo='null', userAddr='null', dealerAddr='null', contactName='null', contactTel='null', isCredit=null, idNo='null', driverNo='null', rentCity='null', orderCarType='null', storeName='null', storeAddr='null', returnName='null', returnTel='null', beginTime=null, endTime=null, duration=null, serviceProvider='null', orderTel='null', isGl=null, isReplace=null, replaceCar='null', actualCar='null', createTime=null, updateTime=null, updateBy='null', createBy='null', remark='null', user=Users{id=null, vin='', userName='null', userIdWx='null', openId='null', phone='null', serviceCard='', serviceCardOld='null', serviceType='null', carType='', carLicense='', idNo='null', driverNo='null', userAddr='null', invoiceTime=null, reportTime=null, dueTime=null, dueCount=null, aTotalCount=null, aTotalUsed=null, aCurrentCount=null, pTotalCount=null, pTotalUsed=null, pCurrentCount=null, rTotalCount=null, rTotalUsed=null, rCurrentCount=null, vinType='null', remark='null', createTime=null, updateTime=null, createBy='null', updateBy='null', countBy=null, first=null, second=null, third=null, four=null, five=null, six=null}, type=null, useTimeStart=null, useTimeEnd=null, orderTimeStart=null, orderTimeEnd=null, reportTimeStart=null, reportTimeEnd=null, appointmentTimeStart=null, appointmentTimeEnd=null, beginTimeStart=null, beginTimeEnd=null, endTimeStart=null, endTimeEnd=null, count=null}
2019-07-03 11:30:47.193 [http-nio-8088-exec-6] INFO  com.avenir.utils.LogUtils - 查询统计信息参数：Users{id=null, vin='', userName='null', userIdWx='null', openId='null', phone='null', serviceCard='null', serviceCardOld='null', serviceType='null', carType='null', carLicense='null', idNo='null', driverNo='null', userAddr='null', invoiceTime=null, reportTime=null, dueTime=null, dueCount=null, aTotalCount=null, aTotalUsed=null, aCurrentCount=null, pTotalCount=null, pTotalUsed=null, pCurrentCount=null, rTotalCount=null, rTotalUsed=null, rCurrentCount=null, vinType='4', remark='null', createTime=null, updateTime=null, createBy='null', updateBy='null', countBy=null, first=null, second=null, third=null, four=null, five=null, six=null}
2019-07-03 11:30:48.121 [http-nio-8088-exec-8] INFO  com.avenir.utils.LogUtils - 数据统计typeId: {"typeId":4}
2019-07-03 11:30:50.080 [http-nio-8088-exec-10] INFO  com.avenir.utils.LogUtils - 车型统计TypeId: {"typeId":4}
2019-07-03 11:30:50.947 [http-nio-8088-exec-1] INFO  com.avenir.utils.LogUtils - 体验统计TypeId: {"typeId":4}
2019-07-03 11:30:52.076 [http-nio-8088-exec-3] INFO  com.avenir.utils.LogUtils - 车型统计TypeId: {"typeId":4}
2019-07-03 11:30:54.416 [http-nio-8088-exec-5] INFO  com.avenir.utils.LogUtils - 数据统计typeId: {"typeId":4}
2019-07-03 11:32:51.270 [main] INFO  org.springframework.boot.test.context.SpringBootTestContextBootstrapper - Neither @ContextConfiguration nor @ContextHierarchy found for test class [com.avenir.AvenirApplicationTests], using SpringBootContextLoader
2019-07-03 11:32:51.275 [main] INFO  org.springframework.test.context.support.AbstractContextLoader - Could not detect default resource locations for test class [com.avenir.AvenirApplicationTests]: no resource found for suffixes {-context.xml, Context.groovy}.
2019-07-03 11:32:51.276 [main] INFO  org.springframework.test.context.support.AnnotationConfigContextLoaderUtils - Could not detect default configuration classes for test class [com.avenir.AvenirApplicationTests]: AvenirApplicationTests does not declare any static, non-private, non-final, nested classes annotated with @Configuration.
2019-07-03 11:32:51.393 [main] INFO  org.springframework.boot.test.context.SpringBootTestContextBootstrapper - Found @SpringBootConfiguration com.avenir.AvenirApplication for test class com.avenir.AvenirApplicationTests
2019-07-03 11:32:51.480 [main] INFO  org.springframework.boot.test.context.SpringBootTestContextBootstrapper - Loaded default TestExecutionListener class names from location [META-INF/spring.factories]: [org.springframework.boot.test.mock.mockito.MockitoTestExecutionListener, org.springframework.boot.test.mock.mockito.ResetMocksTestExecutionListener, org.springframework.boot.test.autoconfigure.restdocs.RestDocsTestExecutionListener, org.springframework.boot.test.autoconfigure.web.client.MockRestServiceServerResetTestExecutionListener, org.springframework.boot.test.autoconfigure.web.servlet.MockMvcPrintOnlyOnFailureTestExecutionListener, org.springframework.boot.test.autoconfigure.web.servlet.WebDriverTestExecutionListener, org.springframework.test.context.web.ServletTestExecutionListener, org.springframework.test.context.support.DirtiesContextBeforeModesTestExecutionListener, org.springframework.test.context.support.DependencyInjectionTestExecutionListener, org.springframework.test.context.support.DirtiesContextTestExecutionListener, org.springframework.test.context.transaction.TransactionalTestExecutionListener, org.springframework.test.context.jdbc.SqlScriptsTestExecutionListener]
2019-07-03 11:32:51.494 [main] INFO  org.springframework.boot.test.context.SpringBootTestContextBootstrapper - Using TestExecutionListeners: [org.springframework.test.context.web.ServletTestExecutionListener@59af0466, org.springframework.test.context.support.DirtiesContextBeforeModesTestExecutionListener@3e6ef8ad, org.springframework.boot.test.mock.mockito.MockitoTestExecutionListener@346d61be, org.springframework.boot.test.autoconfigure.SpringBootDependencyInjectionTestExecutionListener@55536d9e, org.springframework.test.context.support.DirtiesContextTestExecutionListener@747edf66, org.springframework.test.context.transaction.TransactionalTestExecutionListener@3d1cfad4, org.springframework.test.context.jdbc.SqlScriptsTestExecutionListener@62230c58, org.springframework.boot.test.mock.mockito.ResetMocksTestExecutionListener@2cd2a21f, org.springframework.boot.test.autoconfigure.restdocs.RestDocsTestExecutionListener@2e55dd0c, org.springframework.boot.test.autoconfigure.web.client.MockRestServiceServerResetTestExecutionListener@74455848, org.springframework.boot.test.autoconfigure.web.servlet.MockMvcPrintOnlyOnFailureTestExecutionListener@e7edb54, org.springframework.boot.test.autoconfigure.web.servlet.WebDriverTestExecutionListener@378542de]
2019-07-03 11:32:51.772 [main] INFO  com.avenir.AvenirApplicationTests - Starting AvenirApplicationTests on DESKTOP-QIA32CU with PID 11900 (started by dell in E:\Avenir)
2019-07-03 11:32:51.773 [main] INFO  com.avenir.AvenirApplicationTests - No active profile set, falling back to default profiles: default
2019-07-03 11:32:54.110 [main] INFO  org.springframework.scheduling.concurrent.ThreadPoolTaskExecutor - Initializing ExecutorService 'applicationTaskExecutor'
2019-07-03 11:32:54.583 [main] INFO  com.avenir.AvenirApplicationTests - Started AvenirApplicationTests in 3.054 seconds (JVM running for 4.015)
2019-07-03 11:32:54.822 [Thread-2] INFO  org.springframework.scheduling.concurrent.ThreadPoolTaskExecutor - Shutting down ExecutorService 'applicationTaskExecutor'
2019-07-03 11:33:48.782 [main] INFO  org.springframework.boot.test.context.SpringBootTestContextBootstrapper - Neither @ContextConfiguration nor @ContextHierarchy found for test class [com.avenir.AvenirApplicationTests], using SpringBootContextLoader
2019-07-03 11:33:48.787 [main] INFO  org.springframework.test.context.support.AbstractContextLoader - Could not detect default resource locations for test class [com.avenir.AvenirApplicationTests]: no resource found for suffixes {-context.xml, Context.groovy}.
2019-07-03 11:33:48.788 [main] INFO  org.springframework.test.context.support.AnnotationConfigContextLoaderUtils - Could not detect default configuration classes for test class [com.avenir.AvenirApplicationTests]: AvenirApplicationTests does not declare any static, non-private, non-final, nested classes annotated with @Configuration.
2019-07-03 11:33:48.899 [main] INFO  org.springframework.boot.test.context.SpringBootTestContextBootstrapper - Found @SpringBootConfiguration com.avenir.AvenirApplication for test class com.avenir.AvenirApplicationTests
2019-07-03 11:33:48.985 [main] INFO  org.springframework.boot.test.context.SpringBootTestContextBootstrapper - Loaded default TestExecutionListener class names from location [META-INF/spring.factories]: [org.springframework.boot.test.mock.mockito.MockitoTestExecutionListener, org.springframework.boot.test.mock.mockito.ResetMocksTestExecutionListener, org.springframework.boot.test.autoconfigure.restdocs.RestDocsTestExecutionListener, org.springframework.boot.test.autoconfigure.web.client.MockRestServiceServerResetTestExecutionListener, org.springframework.boot.test.autoconfigure.web.servlet.MockMvcPrintOnlyOnFailureTestExecutionListener, org.springframework.boot.test.autoconfigure.web.servlet.WebDriverTestExecutionListener, org.springframework.test.context.web.ServletTestExecutionListener, org.springframework.test.context.support.DirtiesContextBeforeModesTestExecutionListener, org.springframework.test.context.support.DependencyInjectionTestExecutionListener, org.springframework.test.context.support.DirtiesContextTestExecutionListener, org.springframework.test.context.transaction.TransactionalTestExecutionListener, org.springframework.test.context.jdbc.SqlScriptsTestExecutionListener]
2019-07-03 11:33:49.001 [main] INFO  org.springframework.boot.test.context.SpringBootTestContextBootstrapper - Using TestExecutionListeners: [org.springframework.test.context.web.ServletTestExecutionListener@59af0466, org.springframework.test.context.support.DirtiesContextBeforeModesTestExecutionListener@3e6ef8ad, org.springframework.boot.test.mock.mockito.MockitoTestExecutionListener@346d61be, org.springframework.boot.test.autoconfigure.SpringBootDependencyInjectionTestExecutionListener@55536d9e, org.springframework.test.context.support.DirtiesContextTestExecutionListener@747edf66, org.springframework.test.context.transaction.TransactionalTestExecutionListener@3d1cfad4, org.springframework.test.context.jdbc.SqlScriptsTestExecutionListener@62230c58, org.springframework.boot.test.mock.mockito.ResetMocksTestExecutionListener@2cd2a21f, org.springframework.boot.test.autoconfigure.restdocs.RestDocsTestExecutionListener@2e55dd0c, org.springframework.boot.test.autoconfigure.web.client.MockRestServiceServerResetTestExecutionListener@74455848, org.springframework.boot.test.autoconfigure.web.servlet.MockMvcPrintOnlyOnFailureTestExecutionListener@e7edb54, org.springframework.boot.test.autoconfigure.web.servlet.WebDriverTestExecutionListener@378542de]
2019-07-03 11:33:49.238 [main] INFO  com.avenir.AvenirApplicationTests - Starting AvenirApplicationTests on DESKTOP-QIA32CU with PID 14704 (started by dell in E:\Avenir)
2019-07-03 11:33:49.239 [main] INFO  com.avenir.AvenirApplicationTests - No active profile set, falling back to default profiles: default
2019-07-03 11:33:51.213 [main] INFO  org.springframework.scheduling.concurrent.ThreadPoolTaskExecutor - Initializing ExecutorService 'applicationTaskExecutor'
2019-07-03 11:33:51.632 [main] INFO  com.avenir.AvenirApplicationTests - Started AvenirApplicationTests in 2.602 seconds (JVM running for 3.468)
2019-07-03 11:33:51.820 [Thread-2] INFO  org.springframework.scheduling.concurrent.ThreadPoolTaskExecutor - Shutting down ExecutorService 'applicationTaskExecutor'
