2019-07-09 15:57:40.762 [main] INFO  com.avenir.AvenirApplication - Starting AvenirApplication on DESKTOP-QIA32CU with PID 18200 (E:\Avenir\target\classes started by dell in E:\Avenir)
2019-07-09 15:57:40.766 [main] INFO  com.avenir.AvenirApplication - No active profile set, falling back to default profiles: default
2019-07-09 15:57:42.311 [main] INFO  org.springframework.boot.web.embedded.tomcat.TomcatWebServer - Tomcat initialized with port(s): 8088 (http)
2019-07-09 15:57:42.326 [main] INFO  org.apache.coyote.http11.Http11NioProtocol - Initializing ProtocolHandler ["http-nio-8088"]
2019-07-09 15:57:42.334 [main] INFO  org.apache.catalina.core.StandardService - Starting service [Tomcat]
2019-07-09 15:57:42.335 [main] INFO  org.apache.catalina.core.StandardEngine - Starting Servlet engine: [Apache Tomcat/9.0.17]
2019-07-09 15:57:42.375 [main] INFO  org.apache.catalina.core.AprLifecycleListener - An older version [1.2.14] of the APR based Apache Tomcat Native library is installed, while Tomcat recommends a minimum version of [1.2.21]
2019-07-09 15:57:42.375 [main] INFO  org.apache.catalina.core.AprLifecycleListener - Loaded APR based Apache Tomcat Native library [1.2.14] using APR version [1.6.2].
2019-07-09 15:57:42.375 [main] INFO  org.apache.catalina.core.AprLifecycleListener - APR capabilities: IPv6 [true], sendfile [true], accept filters [false], random [true].
2019-07-09 15:57:42.375 [main] INFO  org.apache.catalina.core.AprLifecycleListener - APR/OpenSSL configuration: useAprConnector [false], useOpenSSL [true]
2019-07-09 15:57:43.438 [main] INFO  org.apache.catalina.core.AprLifecycleListener - OpenSSL successfully initialized [OpenSSL 1.0.2l  25 May 2017]
2019-07-09 15:57:43.603 [main] INFO  org.apache.catalina.core.ContainerBase.[Tomcat].[localhost].[/] - Initializing Spring embedded WebApplicationContext
2019-07-09 15:57:43.603 [main] INFO  org.springframework.web.context.ContextLoader - Root WebApplicationContext: initialization completed in 2783 ms
2019-07-09 15:57:44.685 [main] INFO  org.springframework.scheduling.concurrent.ThreadPoolTaskExecutor - Initializing ExecutorService 'applicationTaskExecutor'
2019-07-09 15:57:45.632 [main] INFO  org.apache.coyote.http11.Http11NioProtocol - Starting ProtocolHandler ["http-nio-8088"]
2019-07-09 15:57:45.674 [main] INFO  org.springframework.boot.web.embedded.tomcat.TomcatWebServer - Tomcat started on port(s): 8088 (http) with context path ''
2019-07-09 15:57:45.681 [main] INFO  com.avenir.AvenirApplication - Started AvenirApplication in 5.318 seconds (JVM running for 7.261)
2019-07-09 16:10:14.055 [main] INFO  com.avenir.AvenirApplication - Starting AvenirApplication on DESKTOP-QIA32CU with PID 18656 (E:\Avenir\target\classes started by dell in E:\Avenir)
2019-07-09 16:10:14.057 [main] INFO  com.avenir.AvenirApplication - No active profile set, falling back to default profiles: default
2019-07-09 16:10:15.331 [main] INFO  org.springframework.boot.web.embedded.tomcat.TomcatWebServer - Tomcat initialized with port(s): 8088 (http)
2019-07-09 16:10:15.344 [main] INFO  org.apache.coyote.http11.Http11NioProtocol - Initializing ProtocolHandler ["http-nio-8088"]
2019-07-09 16:10:15.352 [main] INFO  org.apache.catalina.core.StandardService - Starting service [Tomcat]
2019-07-09 16:10:15.352 [main] INFO  org.apache.catalina.core.StandardEngine - Starting Servlet engine: [Apache Tomcat/9.0.17]
2019-07-09 16:10:15.358 [main] INFO  org.apache.catalina.core.AprLifecycleListener - An older version [1.2.14] of the APR based Apache Tomcat Native library is installed, while Tomcat recommends a minimum version of [1.2.21]
2019-07-09 16:10:15.358 [main] INFO  org.apache.catalina.core.AprLifecycleListener - Loaded APR based Apache Tomcat Native library [1.2.14] using APR version [1.6.2].
2019-07-09 16:10:15.358 [main] INFO  org.apache.catalina.core.AprLifecycleListener - APR capabilities: IPv6 [true], sendfile [true], accept filters [false], random [true].
2019-07-09 16:10:15.359 [main] INFO  org.apache.catalina.core.AprLifecycleListener - APR/OpenSSL configuration: useAprConnector [false], useOpenSSL [true]
2019-07-09 16:10:16.407 [main] INFO  org.apache.catalina.core.AprLifecycleListener - OpenSSL successfully initialized [OpenSSL 1.0.2l  25 May 2017]
2019-07-09 16:10:16.512 [main] INFO  org.apache.catalina.core.ContainerBase.[Tomcat].[localhost].[/] - Initializing Spring embedded WebApplicationContext
2019-07-09 16:10:16.512 [main] INFO  org.springframework.web.context.ContextLoader - Root WebApplicationContext: initialization completed in 2408 ms
2019-07-09 16:10:17.082 [main] INFO  org.springframework.scheduling.concurrent.ThreadPoolTaskExecutor - Initializing ExecutorService 'applicationTaskExecutor'
2019-07-09 16:10:17.284 [main] INFO  org.apache.coyote.http11.Http11NioProtocol - Starting ProtocolHandler ["http-nio-8088"]
2019-07-09 16:10:17.311 [main] INFO  org.springframework.boot.web.embedded.tomcat.TomcatWebServer - Tomcat started on port(s): 8088 (http) with context path ''
2019-07-09 16:10:17.314 [main] INFO  com.avenir.AvenirApplication - Started AvenirApplication in 3.591 seconds (JVM running for 4.682)
2019-07-09 16:11:03.116 [http-nio-8088-exec-2] INFO  org.apache.catalina.core.ContainerBase.[Tomcat].[localhost].[/] - Initializing Spring DispatcherServlet 'dispatcherServlet'
2019-07-09 16:11:03.116 [http-nio-8088-exec-2] INFO  org.springframework.web.servlet.DispatcherServlet - Initializing Servlet 'dispatcherServlet'
2019-07-09 16:11:03.123 [http-nio-8088-exec-2] INFO  org.springframework.web.servlet.DispatcherServlet - Completed initialization in 7 ms
2019-07-09 16:11:03.143 [http-nio-8088-exec-2] INFO  com.avenir.utils.LogUtils - line: >>>>>>1862,2019/6/20 15:22,乔剑平,13816269599,004946,LSGUL8AL7HA041333,上海浦东机场T2航站楼,上海静安区京江路199号,上海浦东机场T2航站楼,2019/6/29 10:00,2019/6/20 15:44,,KA865,3大人1孩子,送机,韩思雨,是,,商务车,422,,2193833409,6966824771337 
2019-07-09 16:11:03.161 [http-nio-8088-exec-2] INFO  com.zaxxer.hikari.HikariDataSource - HikariPool-1 - Starting...
2019-07-09 16:11:03.280 [http-nio-8088-exec-2] INFO  com.zaxxer.hikari.HikariDataSource - HikariPool-1 - Start completed.
2019-07-09 16:11:03.378 [http-nio-8088-exec-2] INFO  com.avenir.utils.LogUtils - Money m>>>:422
2019-07-09 16:11:03.378 [http-nio-8088-exec-2] INFO  com.avenir.utils.LogUtils - line: >>>>>>1863,2019/6/20 15:22,乔剑平,13816269599,004946,LSGUL8AL7HA041333,上海浦东机场T2航站楼,上海浦东机场T2航站楼,上海静安区京江路199号,2019/7/3 17:50,2019/6/20 15:44,30分钟,KA890,3大人1孩子,接机,韩思雨,是,,商务车,399,,2193833412,6966824771337 
2019-07-09 16:11:03.414 [http-nio-8088-exec-2] INFO  com.avenir.utils.LogUtils - Money m>>>:399
2019-07-09 16:11:03.415 [http-nio-8088-exec-2] INFO  com.avenir.utils.LogUtils - line: >>>>>>1864,2019/6/20 21:13,李卓匀,15601982308,000212,LSGUL8AL4HA040124,上海浦东机场T1航站楼,上海浦东机场T1航站楼,上海市中山南2路1023弄,2019/6/22 5:20,2019/6/21 9:27,30分钟,MU736,1人,接机,刘续全,是,是,商务车，用户来电修改地址，录音编号：9886930212869,353,403,2193834172,13037257875912 
2019-07-09 16:11:03.448 [http-nio-8088-exec-2] INFO  com.avenir.utils.LogUtils - Money m>>>:353
2019-07-09 16:11:03.448 [http-nio-8088-exec-2] INFO  com.avenir.utils.LogUtils - relMoney m>>>:403
2019-07-09 16:11:03.448 [http-nio-8088-exec-2] INFO  com.avenir.utils.LogUtils - line: >>>>>>1865,2019/6/20 21:13,金小姐,18621312111,000212,LSGUL8AL4HA040124,上海浦东机场T1航站楼,上海浦东机场T1航站楼,上海市浦东新区成山路与华鹏路交汇,2019/6/22 5:20,2019/6/21 9:27,30分钟,MU736,1人,接机,刘续全,是,是,商务车,274,302,2193834174,13037257875912 
2019-07-09 16:11:03.484 [http-nio-8088-exec-2] INFO  com.avenir.utils.LogUtils - Money m>>>:274
2019-07-09 16:11:03.484 [http-nio-8088-exec-2] INFO  com.avenir.utils.LogUtils - relMoney m>>>:302
2019-07-09 16:11:03.484 [http-nio-8088-exec-2] INFO  com.avenir.utils.LogUtils - line: >>>>>>1866,2019/6/21 12:57,郁真致,13331807300,001464,LSGUL8ALXHA069577,上海浦东机场T2航站楼,上海市长宁区仙霞路577弄32号,上海浦东机场T2航站楼,2019/6/24 19:00,2019/6/21 13:34,,CA827,4人,送机,洪景飞,是,否,商务车，用户来电取消，原因是有人接送，录音编号：16106847409608,452,,2193834674,15852740168457 
2019-07-09 16:11:03.520 [http-nio-8088-exec-2] INFO  com.avenir.utils.LogUtils - Money m>>>:452
2019-07-09 16:11:03.520 [http-nio-8088-exec-2] INFO  com.avenir.utils.LogUtils - line: >>>>>>1867,2019/6/23 8:59,郭静,13901852954,000199,LSGUL8AL3HA040101,上海浦东机场T2航站楼,上海市华灵路510弄2号203室,上海浦东机场T2航站楼,2019/6/30 5:00,2019/6/23 10:37,,9C8589,3人,送机,刘续全,是,,商务车，清空后备箱,470,,2193836346,6301493978739 
2019-07-09 16:11:03.557 [http-nio-8088-exec-2] INFO  com.avenir.utils.LogUtils - Money m>>>:470
2019-07-09 16:11:03.557 [http-nio-8088-exec-2] INFO  com.avenir.utils.LogUtils - line: >>>>>>1868,2019/6/23 8:59,郭静,13817541799,000199,LSGUL8AL3HA040101,上海浦东机场T2航站楼,上海浦东机场T2航站楼,上海市华灵路510弄2号203室,2019/7/5 19:10,2019/6/23 10:37,90分钟,9C9000,3人,接机,刘续全,是,,商务车，清空后备箱,403,,2193836347,6301493978739 
2019-07-09 16:11:03.594 [http-nio-8088-exec-2] INFO  com.avenir.utils.LogUtils - Money m>>>:403
2019-07-09 16:11:03.595 [http-nio-8088-exec-2] INFO  com.avenir.utils.LogUtils - line: >>>>>>345,2019/6/13 18:47,范志杰,13813956858,013852,LSGUL8AL5JA081030,深圳宝安机场T3航站楼,深圳宝安机场T3航站楼,深圳市大梅沙盐梅路92号大梅沙雅兰酒店,2019/6/30 15:20,2019/6/14 9:55,60分钟,HU7764,4人,接机,洪景飞,是,,商务车,1018,,2193824919,490964140462
2019-07-09 16:11:03.632 [http-nio-8088-exec-2] INFO  com.avenir.utils.LogUtils - Money m>>>:1018
2019-07-09 16:11:03.633 [http-nio-8088-exec-2] INFO  com.avenir.utils.LogUtils - line: >>>>>>347,2019/6/23 20:13,文娟,18240807939,008702,LSGUL8AL5JA124054,北京首都机场T2航站楼,北京市丰台区方庄南路18号院6号楼,北京首都机场T2航站楼,2019/6/26 4:00,,,FM9158,2人,送机,洪景飞,,,商务车,,,,162442999341
2019-07-09 16:11:03.668 [http-nio-8088-exec-2] INFO  com.avenir.utils.LogUtils - line: >>>>>>291,2019/5/21 9:07,黄慧君,13817698547,012805,LSGZJ55L1JH067900,上海浦东机场,上海浦东机场,上海市浦东新区五星路鹏海东苑,2019/7/5 3:05,2019/6/6 13:07,70分钟,9C8980,4大人一个孩子,接机,韩思雨,是,,商务车(清空后备箱),266,,2193816663,8871622284762
2019-07-09 16:11:03.704 [http-nio-8088-exec-2] INFO  com.avenir.utils.LogUtils - Money m>>>:266
2019-07-09 16:11:03.704 [http-nio-8088-exec-2] INFO  com.avenir.utils.LogUtils - line: >>>>>>307,2019/6/8 8:39,郑凤霞,18356072028,007439,LSGZJ55L3JH137686,临泉高铁站,合肥外国语学院,临泉高铁站,2019/6/26 15:30,,,,6个,送站,韩思雨,否,否,商务车，回电告知用户临泉属于阜阳市不属于合肥市无法提供服务，用户认同,,,,15211968353030
2019-07-09 16:11:03.738 [http-nio-8088-exec-2] INFO  com.avenir.utils.LogUtils - line: >>>>>>316,2019/6/18 10:42,顾旭霞,13918277014,012735,LSGZJ55L4JH197864,上海浦东国际机场T2航站楼,上海浦东国际机场T2航站楼,上海龙华路2501弄,2019/6/21 4:40,2019/6/18 11:08,30分钟,HO1326,2人,接机,洪景飞,是,是,商务车,427,452,2193829184,16761422337299
2019-07-09 16:11:03.770 [http-nio-8088-exec-2] INFO  com.avenir.utils.LogUtils - Money m>>>:427
2019-07-09 16:11:03.770 [http-nio-8088-exec-2] INFO  com.avenir.utils.LogUtils - relMoney m>>>:452
2019-07-09 16:11:03.770 [http-nio-8088-exec-2] INFO  com.avenir.utils.LogUtils - line: >>>>>>317,2019/6/18 20:01,秦凯,13014602320,012654,LSGZJ55LXJH195682,郑州新郑机场T2航站楼,郑州市桐柏路和陇海路交叉口,郑州新郑机场T2航站楼,2019/6/20 12:00,2019/6/19 9:35,,CZ8589,2大人1小孩,送机,韩思雨,是,是,商务车，用户来电修改时间，录音编号：8573526339633,375,377,2193830920,17201766891177
2019-07-09 16:11:03.804 [http-nio-8088-exec-2] INFO  com.avenir.utils.LogUtils - Money m>>>:375
2019-07-09 16:11:03.804 [http-nio-8088-exec-2] INFO  com.avenir.utils.LogUtils - relMoney m>>>:377
2019-07-09 16:11:03.804 [http-nio-8088-exec-2] INFO  com.avenir.utils.LogUtils - line: >>>>>>318,2019/6/21 12:03,王忠贵,13808304260,012428,LSGZJ55L9JH176783,重庆江北机场T3航站楼,重庆九龙坡区九龙园云湖路1号,重庆江北机场T3航站楼,2019/6/25 15:30,2019/6/21 12:39,,,2人,送机,洪景飞,是,,商务车,292,,2193834577,11559397282282
2019-07-09 16:11:03.844 [http-nio-8088-exec-2] INFO  com.avenir.utils.LogUtils - Money m>>>:292
2019-07-09 16:11:03.844 [http-nio-8088-exec-2] INFO  com.avenir.utils.LogUtils - line: >>>>>>319,2019/6/21 12:16,李春伟,13691559060,012596,LSGZJ55L2JH195434,北京首都机场T3航站楼,北京首都机场T3航站楼,北京天坛医院,2019/6/23 13:25,2019/6/21 12:39,40分钟,TV9815,5人,接机,洪景飞,是,,商务车，用户来电取消，录音编号：6204853561483,384,,2193834582,12163614911937
2019-07-09 16:11:03.881 [http-nio-8088-exec-2] INFO  com.avenir.utils.LogUtils - Money m>>>:384
2019-07-09 16:11:03.881 [http-nio-8088-exec-2] INFO  com.avenir.utils.LogUtils - line: >>>>>>320,2019/6/22 18:45,窦顺东,18850606688,012665,LSGZJ55L3JH195765,福州长乐国际机场,福州市仓山区观海路66号美硕酒店,福州长乐国际机场,2019/6/29 7:00,2019/6/23 10:37,,MF865,1人,送机,韩思雨,是,,商务车,373,,2193836350,6915795088579
2019-07-09 16:11:03.923 [http-nio-8088-exec-2] INFO  com.avenir.utils.LogUtils - Money m>>>:373
2019-07-09 16:11:03.923 [http-nio-8088-exec-2] INFO  com.avenir.utils.LogUtils - line: >>>>>>321,2019/6/23 11:05,胡美群,13415571202,007791,LSGZJ55L5JH155221,厦门高崎机场T4航站楼,厦门翔安区美地雅登2里817超市门口,厦门高崎机场T4航站楼,2019/6/27 12:20,,,gh7678,4人,送机,刘续全,是,否,商务车，需要清空后备箱，无剩余次数，回电告知用户，用户认同,,,,7794865994927
2019-07-09 16:11:03.956 [http-nio-8088-exec-2] INFO  com.avenir.utils.LogUtils - line: >>>>>>322,2019/6/23 11:05,胡美群,13415571202,007791,LSGZJ55L5JH155221,西安咸阳机场T2航站楼,西安咸阳机场T2航站楼,西安市碑林区振兴路永宁小筑,2019/6/27 18:55,,30分钟,gh7678,4人,送机,刘续全,是,否,商务车，需要清空后备箱，无剩余次数，回电告知用户，用户认同,,,,7794865994927
2019-07-09 16:11:03.990 [http-nio-8088-exec-2] INFO  com.avenir.utils.LogUtils - line: >>>>>>188,2019/6/6 8:48,高峰,13651616934,006719,LSGZJ55L6JH035282,上海浦东机场T2航站楼,上海浦东新区蓝天路368弄7号702,上海浦东机场T2航站楼,2019/7/12 6:00,2019/6/16 10:36,,,3人,送机,王梦莎,是,,商务车,268,,2193826832,880540514238
2019-07-09 16:11:04.024 [http-nio-8088-exec-2] INFO  com.avenir.utils.LogUtils - Money m>>>:268
2019-07-09 16:11:04.024 [http-nio-8088-exec-2] INFO  com.avenir.utils.LogUtils - line: >>>>>>189,2019/6/6 8:48,高峰,13651616934,006719,LSGZJ55L6JH035282,上海浦东机场T2航站楼,上海浦东机场T2航站楼,上海浦东新区蓝天路368弄7号702,2019/7/28 7:00,2019/6/16 10:36,60分钟,AY87,3人,接机,王梦莎,是,,商务车,235,,2193826834,880540514238
2019-07-09 16:11:04.060 [http-nio-8088-exec-2] INFO  com.avenir.utils.LogUtils - Money m>>>:235
2019-07-09 16:11:04.060 [http-nio-8088-exec-2] INFO  com.avenir.utils.LogUtils - line: >>>>>>190,2019/6/7 15:49,张楠,13652002666,005622,LSGUL8AL4JA063280,天津滨海机场T1航站楼,天津市河西区梅江万科水晶城,天津滨海机场T1航站楼,2019/6/27 12:30,2019/6/7 15:58,,3U8809,4人,送机,赵丹,是,,商务车,234,,2193817804,3348302583297
2019-07-09 16:11:04.095 [http-nio-8088-exec-2] INFO  com.avenir.utils.LogUtils - Money m>>>:234
2019-07-09 16:11:04.095 [http-nio-8088-exec-2] INFO  com.avenir.utils.LogUtils - line: >>>>>>191,2019/6/7 15:49,张楠,13652002666,005622,LSGUL8AL4JA063280,天津滨海机场T1航站楼,天津滨海机场T1航站楼,天津市河西区梅江万科水晶城,2019/7/4 9:35,2019/6/7 15:58,30分钟,3U8810,4人,接机,赵丹,是,,商务车,230,,2193817805,3348302583297
2019-07-09 16:11:04.127 [http-nio-8088-exec-2] INFO  com.avenir.utils.LogUtils - Money m>>>:230
2019-07-09 16:11:04.127 [http-nio-8088-exec-2] INFO  com.avenir.utils.LogUtils - line: >>>>>>199,2019/6/17 13:33,王小平,13834771129,008104,LSGUL8AL6JA087838,北京首都机场T3航站楼,北京首都机场T3航站楼,北京朝阳区林翠东路国奥村小区,2019/6/23 18:25,2019/6/17 13:46,30分钟,CA926,3人,接机,洪景飞,是,是,商务车,240,269,2193827770,5456733901003
2019-07-09 16:11:04.159 [http-nio-8088-exec-2] INFO  com.avenir.utils.LogUtils - Money m>>>:240
2019-07-09 16:11:04.159 [http-nio-8088-exec-2] INFO  com.avenir.utils.LogUtils - relMoney m>>>:269
2019-07-09 16:11:04.159 [http-nio-8088-exec-2] INFO  com.avenir.utils.LogUtils - line: >>>>>>200,2019/6/17 20:55,石梦楠,15930177399,006715,LSGZJ55L5JH039873,上海浦东机场T1航站楼,上海浦东机场T1航站楼,上海旺迪上居酒店秀浦路3999弄22号楼,2019/6/20 17:00,2019/6/18 9:28,20分钟,KN2355,2人,接机,刘续全,是,是,商务车,215,225,2193828940,4962156729331
2019-07-09 16:11:04.190 [http-nio-8088-exec-2] INFO  com.avenir.utils.LogUtils - Money m>>>:215
2019-07-09 16:11:04.190 [http-nio-8088-exec-2] INFO  com.avenir.utils.LogUtils - relMoney m>>>:225
2019-07-09 16:11:04.190 [http-nio-8088-exec-2] INFO  com.avenir.utils.LogUtils - line: >>>>>>201,2019/6/17 21:45,俞佳妮,13166156080,008175,LSGUL8AL7JA096998,上海浦东机场T2航站楼,上海浦东机场T2航站楼,上海市徐汇区乐山路33号,2019/6/21 3:05,2019/6/18 9:28,40分钟,HO1386,2人,接机,刘续全,是,是,商务车,527,522,2193828949,5366022347189
2019-07-09 16:11:04.222 [http-nio-8088-exec-2] INFO  com.avenir.utils.LogUtils - Money m>>>:527
2019-07-09 16:11:04.222 [http-nio-8088-exec-2] INFO  com.avenir.utils.LogUtils - relMoney m>>>:522
2019-07-09 16:11:04.222 [http-nio-8088-exec-2] INFO  com.avenir.utils.LogUtils - line: >>>>>>202,2019/6/18 20:00,蔡星,18913515232,006818,LSGZJ55L5JH033457,三亚凤凰国际机场,三亚凤凰国际机场,三亚海棠湾希尔顿逸林酒店,2019/6/24 20:10,2019/6/19 9:35,50分钟,HO1221,3人,接机,洪景飞,是,,商务车,649,,2193830930,14299922469678
2019-07-09 16:11:04.256 [http-nio-8088-exec-2] INFO  com.avenir.utils.LogUtils - Money m>>>:649
2019-07-09 16:11:04.256 [http-nio-8088-exec-2] INFO  com.avenir.utils.LogUtils - line: >>>>>>203,2019/6/18 20:00,蔡星,18913515232,006818,LSGZJ55L5JH033457,三亚凤凰国际机场,三亚凤凰国际机场,三亚海棠湾希尔顿逸林酒店,2019/6/24 20:10,2019/6/19 9:35,50分钟,HO1221,4人,接机,洪景飞,是,,轿车,423,,2193830934,14299922469678
2019-07-09 16:11:04.291 [http-nio-8088-exec-2] INFO  com.avenir.utils.LogUtils - Money m>>>:423
2019-07-09 16:11:04.291 [http-nio-8088-exec-2] INFO  com.avenir.utils.LogUtils - line: >>>>>>204,2019/6/19 11:56,刘永煜,17606096462,005598,LSGUL8AL3JA062962,福州常乐国际机场,福建省福州市新店镇南平东路98号稻田创业小镇A6守望楼,福州常乐国际机场,2019/6/21 7:00,2019/6/19 15:59,,MF8235,1人,送机,刘续全,是,是,商务车,761,784,2193831323,9038559063015
2019-07-09 16:11:04.324 [http-nio-8088-exec-2] INFO  com.avenir.utils.LogUtils - Money m>>>:761
2019-07-09 16:11:04.324 [http-nio-8088-exec-2] INFO  com.avenir.utils.LogUtils - relMoney m>>>:784
2019-07-09 16:11:04.324 [http-nio-8088-exec-2] INFO  com.avenir.utils.LogUtils - line: >>>>>>205,2019/6/20 13:51,黄广国,18588733186,009824,LSGUL8AL7KA050380,广州白云机场T1航站楼,广州白云机场T1航站楼,广州番禺区彩虹路11号,2019/7/14 0:55,2019/6/20 14:16,60分钟,5J288,3人,接机,韩思雨,是,,商务车,1012,,2193833095,274323013918
2019-07-09 16:11:04.355 [http-nio-8088-exec-2] INFO  com.avenir.utils.LogUtils - Money m>>>:1012
2019-07-09 16:11:04.355 [http-nio-8088-exec-2] INFO  com.avenir.utils.LogUtils - line: >>>>>>206,2019/6/22 13:29,包文龙,18913696166,007969,LSGUL8AL9JA081029,广州白云机场T2航站楼,广州白云机场T2航站楼,广州博雅假日酒店 广东省广州市白云区金钟横路177号,2019/7/1 0:20,2019/6/23 10:37,60分钟,CZ3546,2人,接机,韩思雨,是,,商务车,697,,2193836351,14043796188354
2019-07-09 16:11:04.386 [http-nio-8088-exec-2] INFO  com.avenir.utils.LogUtils - Money m>>>:697
2019-07-09 16:11:04.386 [http-nio-8088-exec-2] INFO  com.avenir.utils.LogUtils - line: >>>>>>207,2019/6/22 13:29,包文龙,18913696166,007969,LSGUL8AL9JA081029,广州白云机场T2航站楼,广州博雅假日酒店 广东省广州市白云区金钟横路177号,广州白云机场T2航站楼,2019/7/1 13:00,2019/6/23 10:37,,CZ8339,2人,送机,韩思雨,是,,商务车,646,,2193836352,14043796188354
2019-07-09 16:11:04.418 [http-nio-8088-exec-2] INFO  com.avenir.utils.LogUtils - Money m>>>:646
2019-07-09 16:11:04.418 [http-nio-8088-exec-2] INFO  com.avenir.utils.LogUtils - line: >>>>>>208,2019/6/23 20:51,孙瑾,13593598300,006683,LSGZJ55L0JH044401,上海火车站,上海火车站,上海市浦东新区川沙镇迪士尼乐园,2019/6/28 7:06,,20分钟,k284,2人,接机,洪景飞,,,商务车,,,,6801494615372
2019-07-09 16:11:04.446 [http-nio-8088-exec-2] INFO  com.avenir.utils.LogUtils - line: >>>>>>145,2019/6/18 10:06,苏怡,15801684308,006324,LSGZJ55L2JH085872,北京首都机场T2航站楼,北京石景山区鲁谷大街永乐西小区东南门,北京首都机场T2航站楼,2019/6/23 6:30,2019/6/18 10:21,,CZ3901,4人,送机,洪景飞,是,是,商务车,399,399,2193829084,779064656896
2019-07-09 16:11:04.473 [http-nio-8088-exec-2] INFO  com.avenir.utils.LogUtils - Money m>>>:399
2019-07-09 16:11:04.474 [http-nio-8088-exec-2] INFO  com.avenir.utils.LogUtils - relMoney m>>>:399
2019-07-09 16:11:04.474 [http-nio-8088-exec-2] INFO  com.avenir.utils.LogUtils - line: >>>>>>146,2019/6/18 12:18,白智超,15109610598,007847,LSGZJ55L9JH032246,银川河东机场,银川河东机场,银川市同心南街160号荷花湖畔小区,2019/6/22 23:00,2019/6/18 12:39,20分钟,MU2296,5人,接机,洪景飞,是,是,商务车,500,507,2193829467,6640839269254
2019-07-09 16:11:04.501 [http-nio-8088-exec-2] INFO  com.avenir.utils.LogUtils - Money m>>>:500
2019-07-09 16:11:04.502 [http-nio-8088-exec-2] INFO  com.avenir.utils.LogUtils - relMoney m>>>:507
2019-07-09 16:11:04.502 [http-nio-8088-exec-2] INFO  com.avenir.utils.LogUtils - line: >>>>>>147,2019/6/18 13:21,岳修涛,13476192545,007508,LSGZJ55L3JH139194,珠海金湾机场,珠海金湾机场,珠海市长隆横琴湾酒店,2019/6/20 10:55,2019/6/18 13:40,30分钟,CZ3752,5人,接机,赵丹,是,是,商务车,763,763,2193829556,11834871202373
2019-07-09 16:11:04.528 [http-nio-8088-exec-2] INFO  com.avenir.utils.LogUtils - Money m>>>:763
2019-07-09 16:11:04.528 [http-nio-8088-exec-2] INFO  com.avenir.utils.LogUtils - relMoney m>>>:763
2019-07-09 16:11:04.528 [http-nio-8088-exec-2] INFO  com.avenir.utils.LogUtils - line: >>>>>>148,2019/6/18 13:21,岳修涛,13476192545,007508,LSGZJ55L3JH139194,珠海金湾机场,珠海市长隆横琴湾酒店,珠海金湾机场,2019/6/22 12:40,2019/6/18 13:40,,CZ3846,5人,送机,赵丹,是,是,商务车,770,774,2193829562,11834871202373
2019-07-09 16:11:04.554 [http-nio-8088-exec-2] INFO  com.avenir.utils.LogUtils - Money m>>>:770
2019-07-09 16:11:04.554 [http-nio-8088-exec-2] INFO  com.avenir.utils.LogUtils - relMoney m>>>:774
2019-07-09 16:11:04.554 [http-nio-8088-exec-2] INFO  com.avenir.utils.LogUtils - line: >>>>>>149,2019/6/19 7:22,张仁国,13505501835,013162,LSGZJ55L8JH227027,南京禄口机场T2航站楼,南京禄口机场T2航站楼,南京林场地铁站,2019/6/20 12:20,2019/6/19 9:35,10分钟,MU9721,4人,接机,韩思雨,是,是,商务车,342,341.5,2193830925,13245067933172
2019-07-09 16:11:04.580 [http-nio-8088-exec-2] INFO  com.avenir.utils.LogUtils - Money m>>>:342
2019-07-09 16:11:04.580 [http-nio-8088-exec-2] INFO  com.avenir.utils.LogUtils - relMoney m>>>:341.5
2019-07-09 16:11:04.580 [http-nio-8088-exec-2] INFO  com.avenir.utils.LogUtils - line: >>>>>>150,2019/6/19 9:46,王炜,15010500048,013313,LSGZJ55LXJH240961,北京首都机场T3航站楼,北京市石景山区鲁谷聚兴园,北京首都机场T3航站楼,2019/6/21 18:30,2019/6/19 10:04,,SQ801,3人,送机,刘续全,是,是,商务车，一嗨客服来电表示乘客将时间更改，已回电核实,417,475,2193830970,1354897815365
2019-07-09 16:11:04.605 [http-nio-8088-exec-2] INFO  com.avenir.utils.LogUtils - Money m>>>:417
2019-07-09 16:11:04.605 [http-nio-8088-exec-2] INFO  com.avenir.utils.LogUtils - relMoney m>>>:475
2019-07-09 16:11:04.605 [http-nio-8088-exec-2] INFO  com.avenir.utils.LogUtils - line: >>>>>>151,2019/6/19 17:49,苏怡,15801684308,006324,LSGZJ55L2JH085872,北京首都机场T2航站楼,北京首都机场T2航站楼,北京石景山区鲁谷大街永乐西小区东南门,2019/6/29 23:20,2019/6/20 9:15,60分钟,CZ8130,4人,接机,刘续全,是,,商务车,477,,2193832487,3955645674828
2019-07-09 16:11:04.630 [http-nio-8088-exec-2] INFO  com.avenir.utils.LogUtils - Money m>>>:477
2019-07-09 16:11:04.630 [http-nio-8088-exec-2] INFO  com.avenir.utils.LogUtils - line: >>>>>>152,2019/6/21 13:07,赵爱玲,13524372106,013420,LSGZJ55L6JH246000,上海虹桥火车站,上海市浦东新区高东镇新跃路64弄24号杨园二村,上海虹桥火车站,2019/7/6 8:20,2019/6/21 13:34,,D3068,6人,送站,洪景飞,是,,商务车,390,,2193834681,2153112139364
2019-07-09 16:11:04.655 [http-nio-8088-exec-2] INFO  com.avenir.utils.LogUtils - Money m>>>:390
2019-07-09 16:11:04.655 [http-nio-8088-exec-2] INFO  com.avenir.utils.LogUtils - line: >>>>>>153,2019/6/22 10:56,徐俊,13952658838,007041,LSGZJ55L4JH121349,上海浦东机场T1航站楼, 上海市浦东新区浦东大道535号上海裕景大饭店,上海浦东机场T1航站楼,2019/6/29 8:30,2019/6/23 10:37,,FM5033,3人,送机,韩思雨,是,,商务车,333,,2193836353,10768496622298
2019-07-09 16:11:04.679 [http-nio-8088-exec-2] INFO  com.avenir.utils.LogUtils - Money m>>>:333
2019-07-09 16:11:04.680 [http-nio-8088-exec-2] INFO  com.avenir.utils.LogUtils - line: >>>>>>154,2019/6/22 16:22,熊光裕,13001022193,007586,LSGZJ55L6JH140324,北京首都机场T3航站楼,西城区月坛南街1号院,北京首都机场T3航站楼,2019/6/25 12:00,2019/6/23 10:37,,CA1357,2人,送机,韩思雨,是,,商务车,257,,2193836355,8673169046059
2019-07-09 16:11:04.713 [http-nio-8088-exec-2] INFO  com.avenir.utils.LogUtils - Money m>>>:257
2019-07-09 16:11:04.714 [http-nio-8088-exec-2] INFO  com.avenir.utils.LogUtils - line: >>>>>>155,2019/6/23 19:21,魏倩,13904032879,007681,LSGZJ55L9JH029766,沈阳桃仙机场T3航站楼,沈阳市于洪区怒江北街恒大城17西门,沈阳桃仙机场T3航站楼,2019/6/30 12:30,,,CA1658,3人,送机,刘续全,是,,商务车,,,,5057143451624
2019-07-09 16:11:04.748 [http-nio-8088-exec-2] INFO  com.avenir.utils.LogUtils - line: >>>>>>156,2019/6/23 19:21,魏倩,13904032879,007681,LSGZJ55L9JH029766,沈阳桃仙机场T3航站楼,沈阳桃仙机场T3航站楼,沈阳市于洪区怒江北街恒大城17西门,2019/8/5 10:30,,,CA1651,4人,接机,刘续全,是,,商务车,,,,5057143451624
2019-07-09 16:13:24.317 [http-nio-8088-exec-9] INFO  com.avenir.utils.LogUtils - 查询车主信息：Users{id=null, vin='', userName='null', userIdWx='null', openId='null', phone='null', serviceCard='', serviceCardOld='null', serviceType='null', carType='null', carLicense='null', idNo='null', driverNo='null', userAddr='null', invoiceTime=null, reportTime=null, dueTime=null, dueCount=null, aTotalCount=null, aTotalUsed=null, aCurrentCount=null, pTotalCount=null, pTotalUsed=null, pCurrentCount=null, rTotalCount=null, rTotalUsed=null, rCurrentCount=null, vinType='null', remark='null', createTime=null, updateTime=null, createBy='null', updateBy='null', countBy=null, first=null, second=null, third=null, four=null, five=null, six=null}
2019-07-09 16:13:27.256 [http-nio-8088-exec-7] INFO  com.avenir.utils.LogUtils - 查询订单信息：Orders{id=null, typeId=2, userId=null, userName='', openId='null', userTel='', callTime=null, status='null', state=null, orderType=null, flight='', airport='null', address='null', destination='null', useTime=null, airportPickupTime='null', appointmentTime=null, orderTime=null, useCarType=null, number='null', isVisit=null, needOrder=null, visitor='null', visitTime=null, orderService='null', isOrder=null, completed=null, expectMoney=null, realityMoney=null, orderNo='', recordNo='null', userAddr='null', dealerAddr='null', contactName='null', contactTel='null', isCredit=null, idNo='null', driverNo='null', rentCity='null', orderCarType='null', storeName='null', storeAddr='null', returnName='null', returnTel='null', beginTime=null, endTime=null, duration=null, serviceProvider='null', orderTel='null', isGl=null, isReplace=null, replaceCar='null', actualCar='null', createTime=null, updateTime=null, updateBy='null', createBy='null', remark='null', user=Users{id=null, vin='', userName='null', userIdWx='null', openId='null', phone='null', serviceCard='', serviceCardOld='null', serviceType='null', carType='null', carLicense='null', idNo='null', driverNo='null', userAddr='null', invoiceTime=null, reportTime=null, dueTime=null, dueCount=null, aTotalCount=null, aTotalUsed=null, aCurrentCount=null, pTotalCount=null, pTotalUsed=null, pCurrentCount=null, rTotalCount=null, rTotalUsed=null, rCurrentCount=null, vinType='null', remark='null', createTime=null, updateTime=null, createBy='null', updateBy='null', countBy=null, first=null, second=null, third=null, four=null, five=null, six=null}, type=null, useTimeStart=null, useTimeEnd=null, orderTimeStart=null, orderTimeEnd=null, reportTimeStart=null, reportTimeEnd=null, appointmentTimeStart=null, appointmentTimeEnd=null, beginTimeStart=null, beginTimeEnd=null, endTimeStart=null, endTimeEnd=null, count=null}
2019-07-09 16:13:37.085 [http-nio-8088-exec-1] INFO  com.avenir.utils.LogUtils - 查询订单信息：Orders{id=null, typeId=2, userId=null, userName='', openId='null', userTel='', callTime=null, status='null', state=null, orderType=null, flight='', airport='null', address='null', destination='null', useTime=null, airportPickupTime='null', appointmentTime=null, orderTime=null, useCarType=null, number='null', isVisit=null, needOrder=null, visitor='null', visitTime=null, orderService='null', isOrder=null, completed=null, expectMoney=null, realityMoney=null, orderNo='2193833409', recordNo='null', userAddr='null', dealerAddr='null', contactName='null', contactTel='null', isCredit=null, idNo='null', driverNo='null', rentCity='null', orderCarType='null', storeName='null', storeAddr='null', returnName='null', returnTel='null', beginTime=null, endTime=null, duration=null, serviceProvider='null', orderTel='null', isGl=null, isReplace=null, replaceCar='null', actualCar='null', createTime=null, updateTime=null, updateBy='null', createBy='null', remark='null', user=Users{id=null, vin='', userName='null', userIdWx='null', openId='null', phone='null', serviceCard='', serviceCardOld='null', serviceType='null', carType='null', carLicense='null', idNo='null', driverNo='null', userAddr='null', invoiceTime=null, reportTime=null, dueTime=null, dueCount=null, aTotalCount=null, aTotalUsed=null, aCurrentCount=null, pTotalCount=null, pTotalUsed=null, pCurrentCount=null, rTotalCount=null, rTotalUsed=null, rCurrentCount=null, vinType='null', remark='null', createTime=null, updateTime=null, createBy='null', updateBy='null', countBy=null, first=null, second=null, third=null, four=null, five=null, six=null}, type=null, useTimeStart=null, useTimeEnd=null, orderTimeStart=null, orderTimeEnd=null, reportTimeStart=null, reportTimeEnd=null, appointmentTimeStart=null, appointmentTimeEnd=null, beginTimeStart=null, beginTimeEnd=null, endTimeStart=null, endTimeEnd=null, count=null}
2019-07-09 16:19:06.032 [http-nio-8088-exec-5] INFO  com.avenir.utils.LogUtils - 查询订单信息：Orders{id=null, typeId=2, userId=null, userName='', openId='null', userTel='', callTime=null, status='null', state=null, orderType=null, flight='', airport='null', address='null', destination='null', useTime=null, airportPickupTime='null', appointmentTime=null, orderTime=null, useCarType=null, number='null', isVisit=null, needOrder=null, visitor='null', visitTime=null, orderService='null', isOrder=null, completed=null, expectMoney=null, realityMoney=null, orderNo='2193822076', recordNo='null', userAddr='null', dealerAddr='null', contactName='null', contactTel='null', isCredit=null, idNo='null', driverNo='null', rentCity='null', orderCarType='null', storeName='null', storeAddr='null', returnName='null', returnTel='null', beginTime=null, endTime=null, duration=null, serviceProvider='null', orderTel='null', isGl=null, isReplace=null, replaceCar='null', actualCar='null', createTime=null, updateTime=null, updateBy='null', createBy='null', remark='null', user=Users{id=null, vin='', userName='null', userIdWx='null', openId='null', phone='null', serviceCard='', serviceCardOld='null', serviceType='null', carType='null', carLicense='null', idNo='null', driverNo='null', userAddr='null', invoiceTime=null, reportTime=null, dueTime=null, dueCount=null, aTotalCount=null, aTotalUsed=null, aCurrentCount=null, pTotalCount=null, pTotalUsed=null, pCurrentCount=null, rTotalCount=null, rTotalUsed=null, rCurrentCount=null, vinType='null', remark='null', createTime=null, updateTime=null, createBy='null', updateBy='null', countBy=null, first=null, second=null, third=null, four=null, five=null, six=null}, type=null, useTimeStart=null, useTimeEnd=null, orderTimeStart=null, orderTimeEnd=null, reportTimeStart=null, reportTimeEnd=null, appointmentTimeStart=null, appointmentTimeEnd=null, beginTimeStart=null, beginTimeEnd=null, endTimeStart=null, endTimeEnd=null, count=null}
2019-07-09 17:40:23.059 [http-nio-8088-exec-9] INFO  com.avenir.utils.LogUtils - 查询车主信息：Users{id=null, vin='', userName='null', userIdWx='null', openId='null', phone='null', serviceCard='', serviceCardOld='null', serviceType='null', carType='null', carLicense='null', idNo='null', driverNo='null', userAddr='null', invoiceTime=null, reportTime=null, dueTime=null, dueCount=null, aTotalCount=null, aTotalUsed=null, aCurrentCount=null, pTotalCount=null, pTotalUsed=null, pCurrentCount=null, rTotalCount=null, rTotalUsed=null, rCurrentCount=null, vinType='null', remark='null', createTime=null, updateTime=null, createBy='null', updateBy='null', countBy=null, first=null, second=null, third=null, four=null, five=null, six=null}
2019-07-09 17:48:20.362 [http-nio-8088-exec-10] INFO  com.avenir.utils.LogUtils - 查询订单信息：Orders{id=null, typeId=1, userId=null, userName='', openId='null', userTel='', callTime=null, status='null', state=null, orderType=null, flight='null', airport='null', address='null', destination='null', useTime=null, airportPickupTime='null', appointmentTime=null, orderTime=null, useCarType=null, number='null', isVisit=null, needOrder=null, visitor='null', visitTime=null, orderService='null', isOrder=null, completed=null, expectMoney=null, realityMoney=null, orderNo='', recordNo='null', userAddr='null', dealerAddr='null', contactName='null', contactTel='null', isCredit=null, idNo='null', driverNo='null', rentCity='', orderCarType='null', storeName='null', storeAddr='null', returnName='null', returnTel='null', beginTime=null, endTime=null, duration=null, serviceProvider='', orderTel='null', isGl=null, isReplace=null, replaceCar='null', actualCar='null', createTime=null, updateTime=null, updateBy='null', createBy='null', remark='null', user=Users{id=null, vin='', userName='null', userIdWx='null', openId='null', phone='null', serviceCard='', serviceCardOld='null', serviceType='null', carType='null', carLicense='null', idNo='null', driverNo='null', userAddr='null', invoiceTime=null, reportTime=null, dueTime=null, dueCount=null, aTotalCount=null, aTotalUsed=null, aCurrentCount=null, pTotalCount=null, pTotalUsed=null, pCurrentCount=null, rTotalCount=null, rTotalUsed=null, rCurrentCount=null, vinType='null', remark='null', createTime=null, updateTime=null, createBy='null', updateBy='null', countBy=null, first=null, second=null, third=null, four=null, five=null, six=null}, type=null, useTimeStart=null, useTimeEnd=null, orderTimeStart=null, orderTimeEnd=null, reportTimeStart=null, reportTimeEnd=null, appointmentTimeStart=null, appointmentTimeEnd=null, beginTimeStart=null, beginTimeEnd=null, endTimeStart=null, endTimeEnd=null, count=null}
2019-07-09 18:00:07.448 [http-nio-8088-exec-2] INFO  com.avenir.utils.LogUtils - 查询车主信息：Users{id=null, vin='', userName='null', userIdWx='null', openId='null', phone='null', serviceCard='', serviceCardOld='null', serviceType='null', carType='null', carLicense='null', idNo='null', driverNo='null', userAddr='null', invoiceTime=null, reportTime=null, dueTime=null, dueCount=null, aTotalCount=null, aTotalUsed=null, aCurrentCount=null, pTotalCount=null, pTotalUsed=null, pCurrentCount=null, rTotalCount=null, rTotalUsed=null, rCurrentCount=null, vinType='null', remark='null', createTime=null, updateTime=null, createBy='null', updateBy='null', countBy=null, first=null, second=null, third=null, four=null, five=null, six=null}
2019-07-09 18:00:09.117 [http-nio-8088-exec-1] INFO  com.avenir.utils.LogUtils - 查询车主信息：Users{id=null, vin='LSGZJ55L5LH001045', userName='null', userIdWx='null', openId='null', phone='null', serviceCard='', serviceCardOld='null', serviceType='null', carType='null', carLicense='null', idNo='null', driverNo='null', userAddr='null', invoiceTime=null, reportTime=null, dueTime=null, dueCount=null, aTotalCount=null, aTotalUsed=null, aCurrentCount=null, pTotalCount=null, pTotalUsed=null, pCurrentCount=null, rTotalCount=null, rTotalUsed=null, rCurrentCount=null, vinType='null', remark='null', createTime=null, updateTime=null, createBy='null', updateBy='null', countBy=null, first=null, second=null, third=null, four=null, five=null, six=null}
2019-07-09 19:06:46.384 [http-nio-8088-exec-4] INFO  com.avenir.utils.LogUtils - 查询订单信息：Orders{id=null, typeId=1, userId=null, userName='', openId='null', userTel='', callTime=null, status='null', state=null, orderType=null, flight='null', airport='null', address='null', destination='null', useTime=null, airportPickupTime='null', appointmentTime=null, orderTime=null, useCarType=null, number='null', isVisit=null, needOrder=null, visitor='null', visitTime=null, orderService='null', isOrder=null, completed=null, expectMoney=null, realityMoney=null, orderNo='', recordNo='null', userAddr='null', dealerAddr='null', contactName='null', contactTel='null', isCredit=null, idNo='null', driverNo='null', rentCity='', orderCarType='null', storeName='null', storeAddr='null', returnName='null', returnTel='null', beginTime=null, endTime=null, duration=null, serviceProvider='', orderTel='null', isGl=null, isReplace=null, replaceCar='null', actualCar='null', createTime=null, updateTime=null, updateBy='null', createBy='null', remark='null', user=Users{id=null, vin='', userName='null', userIdWx='null', openId='null', phone='null', serviceCard='', serviceCardOld='null', serviceType='null', carType='null', carLicense='null', idNo='null', driverNo='null', userAddr='null', invoiceTime=null, reportTime=null, dueTime=null, dueCount=null, aTotalCount=null, aTotalUsed=null, aCurrentCount=null, pTotalCount=null, pTotalUsed=null, pCurrentCount=null, rTotalCount=null, rTotalUsed=null, rCurrentCount=null, vinType='null', remark='null', createTime=null, updateTime=null, createBy='null', updateBy='null', countBy=null, first=null, second=null, third=null, four=null, five=null, six=null}, type=null, useTimeStart=null, useTimeEnd=null, orderTimeStart=null, orderTimeEnd=null, reportTimeStart=null, reportTimeEnd=null, appointmentTimeStart=null, appointmentTimeEnd=null, beginTimeStart=null, beginTimeEnd=null, endTimeStart=null, endTimeEnd=null, count=null}
